<?xml version="1.0" encoding="UTF-8"?>
<robot generator="Robot 5.0.1 (Python 3.10.6 on win32)" generated="20221107 23:51:03.402" rpa="false" schemaversion="3">
<suite id="s1" name="testSuiteGenerated" source="C:\Users\ndfdf\Documents\GitHub\presentation_robot\metiers\testSuiteGenerated.robot">
<kw name="Initialisation des Tests Cases" type="SETUP">
<kw name="Set Selenium Timeout" library="SeleniumLibrary">
<arg>${GLOBAL_TIMEOUT}</arg>
<doc>Sets the timeout that is used by various keywords.</doc>
<status status="PASS" starttime="20221107 23:51:04.289" endtime="20221107 23:51:04.290"/>
</kw>
<kw name="Creer dictionnaire global variables" library="jdd">
<kw name="Create Dictionary" library="BuiltIn">
<var>${TEMP_DICT_GLOBAL}</var>
<doc>Creates and returns a dictionary based on the given ``items``.</doc>
<msg timestamp="20221107 23:51:04.290" level="INFO">${TEMP_DICT_GLOBAL} = {}</msg>
<status status="PASS" starttime="20221107 23:51:04.290" endtime="20221107 23:51:04.290"/>
</kw>
<kw name="Open Excel Document" library="ExcelLibrary">
<arg>${EXCEL_FILE_CHEMIN}</arg>
<arg>NONE</arg>
<doc>Opens xlsx document file.</doc>
<status status="PASS" starttime="20221107 23:51:04.290" endtime="20221107 23:51:04.300"/>
</kw>
<kw name="Set Variable" library="BuiltIn">
<var>${numero_cas_de_test_en_cours}</var>
<arg>0</arg>
<doc>Returns the given values which can then be assigned to a variables.</doc>
<msg timestamp="20221107 23:51:04.300" level="INFO">${numero_cas_de_test_en_cours} = 0</msg>
<status status="PASS" starttime="20221107 23:51:04.300" endtime="20221107 23:51:04.300"/>
</kw>
<kw name="Read Excel Row" library="ExcelLibrary">
<var>${colonne_variables}</var>
<arg>row_num=0</arg>
<arg>col_offset=0</arg>
<arg>max_num=0</arg>
<arg>sheet_name=${EXCEL_FEUILLE}</arg>
<doc>Returns content of a row from the current sheet of the document.</doc>
<msg timestamp="20221107 23:51:04.301" level="INFO">${colonne_variables} = ['Nom variable', 'Commentaires', 'cas_passant', 'cas_non_passant']</msg>
<status status="PASS" starttime="20221107 23:51:04.300" endtime="20221107 23:51:04.301"/>
</kw>
<kw name="Get Length" library="BuiltIn">
<var>${nb_colonne_variables}</var>
<arg>${colonne_variables}</arg>
<doc>Returns and logs the length of the given item as an integer.</doc>
<msg timestamp="20221107 23:51:04.301" level="INFO">Length is 4</msg>
<msg timestamp="20221107 23:51:04.301" level="INFO">${nb_colonne_variables} = 4</msg>
<status status="PASS" starttime="20221107 23:51:04.301" endtime="20221107 23:51:04.301"/>
</kw>
<kw name="Read Excel Column" library="ExcelLibrary">
<var>${lignes_variables}</var>
<arg>col_num=1</arg>
<arg>row_offset=0</arg>
<arg>max_num=0</arg>
<arg>sheet_name=${EXCEL_FEUILLE}</arg>
<doc>Returns content of a column from the current sheet of the document.</doc>
<msg timestamp="20221107 23:51:04.302" level="INFO">${lignes_variables} = ['Nom variable', 'Utilisation', None, None, 'url', 'browser', 'pageAccueil', 'choisir_cookies', 'pageConfiguration_produit', 'type_de_chauffage_actuel', 'type_de_chauffage_souhaite', 'emetteur_de_chal...</msg>
<status status="PASS" starttime="20221107 23:51:04.301" endtime="20221107 23:51:04.302"/>
</kw>
<kw name="Get Length" library="BuiltIn">
<var>${nb_lignes_variables}</var>
<arg>${lignes_variables}</arg>
<doc>Returns and logs the length of the given item as an integer.</doc>
<msg timestamp="20221107 23:51:04.302" level="INFO">Length is 26</msg>
<msg timestamp="20221107 23:51:04.302" level="INFO">${nb_lignes_variables} = 26</msg>
<status status="PASS" starttime="20221107 23:51:04.302" endtime="20221107 23:51:04.302"/>
</kw>
<for flavor="IN RANGE">
<var>${numero_de_la_colonne}</var>
<value>${COLONNE_INUTILE} + 1</value>
<value>${nb_colonne_variables} + 1</value>
<iter>
<var name="${numero_de_la_colonne}">3</var>
<kw name="Recuperer JDD" library="jdd">
<arg>${numero_de_la_colonne}</arg>
<arg>${nb_lignes_variables}</arg>
<arg>${EXCEL_FEUILLE}</arg>
<kw name="Create Dictionary" library="BuiltIn">
<var>${TEMP_DICT}</var>
<doc>Creates and returns a dictionary based on the given ``items``.</doc>
<msg timestamp="20221107 23:51:04.304" level="INFO">${TEMP_DICT} = {}</msg>
<status status="PASS" starttime="20221107 23:51:04.303" endtime="20221107 23:51:04.304"/>
</kw>
<for flavor="IN RANGE">
<var>${cellule}</var>
<value>${nb_lignes_variables}</value>
<iter>
<var name="${cellule}">0</var>
<kw name="Evaluate" library="BuiltIn">
<var>${cellule}</var>
<arg>1 + ${cellule}</arg>
<doc>Evaluates the given expression in Python and returns the result.</doc>
<msg timestamp="20221107 23:51:04.305" level="INFO">${cellule} = 1</msg>
<status status="PASS" starttime="20221107 23:51:04.305" endtime="20221107 23:51:04.305"/>
</kw>
<kw name="Read Excel Cell" library="ExcelLibrary">
<var>${nom_var}</var>
<arg>row_num=${cellule}</arg>
<arg>col_num=1</arg>
<arg>sheet_name=${excel_feuille_liste}</arg>
<doc>Returns content of a cell.</doc>
<msg timestamp="20221107 23:51:04.306" level="INFO">${nom_var} = Nom variable</msg>
<status status="PASS" starttime="20221107 23:51:04.305" endtime="20221107 23:51:04.306"/>
</kw>
<kw name="Read Excel Cell" library="ExcelLibrary">
<var>${val_var}</var>
<arg>row_num=${cellule}</arg>
<arg>col_num=${numero_de_la_colonne}</arg>
<arg>sheet_name=${excel_feuille_liste}</arg>
<doc>Returns content of a cell.</doc>
<msg timestamp="20221107 23:51:04.306" level="INFO">${val_var} = cas_passant</msg>
<status status="PASS" starttime="20221107 23:51:04.306" endtime="20221107 23:51:04.306"/>
</kw>
<kw name="Set To Dictionary" library="Collections">
<arg>${TEMP_DICT}</arg>
<arg>${nom_var}</arg>
<arg>${val_var}</arg>
<doc>Adds the given ``key_value_pairs`` and ``items`` to the ``dictionary``.</doc>
<status status="PASS" starttime="20221107 23:51:04.306" endtime="20221107 23:51:04.307"/>
</kw>
<status status="PASS" starttime="20221107 23:51:04.304" endtime="20221107 23:51:04.307"/>
</iter>
<iter>
<var name="${cellule}">1</var>
<kw name="Evaluate" library="BuiltIn">
<var>${cellule}</var>
<arg>1 + ${cellule}</arg>
<doc>Evaluates the given expression in Python and returns the result.</doc>
<msg timestamp="20221107 23:51:04.307" level="INFO">${cellule} = 2</msg>
<status status="PASS" starttime="20221107 23:51:04.307" endtime="20221107 23:51:04.308"/>
</kw>
<kw name="Read Excel Cell" library="ExcelLibrary">
<var>${nom_var}</var>
<arg>row_num=${cellule}</arg>
<arg>col_num=1</arg>
<arg>sheet_name=${excel_feuille_liste}</arg>
<doc>Returns content of a cell.</doc>
<msg timestamp="20221107 23:51:04.308" level="INFO">${nom_var} = Utilisation</msg>
<status status="PASS" starttime="20221107 23:51:04.308" endtime="20221107 23:51:04.309"/>
</kw>
<kw name="Read Excel Cell" library="ExcelLibrary">
<var>${val_var}</var>
<arg>row_num=${cellule}</arg>
<arg>col_num=${numero_de_la_colonne}</arg>
<arg>sheet_name=${excel_feuille_liste}</arg>
<doc>Returns content of a cell.</doc>
<msg timestamp="20221107 23:51:04.310" level="INFO">${val_var} = Oui</msg>
<status status="PASS" starttime="20221107 23:51:04.309" endtime="20221107 23:51:04.310"/>
</kw>
<kw name="Set To Dictionary" library="Collections">
<arg>${TEMP_DICT}</arg>
<arg>${nom_var}</arg>
<arg>${val_var}</arg>
<doc>Adds the given ``key_value_pairs`` and ``items`` to the ``dictionary``.</doc>
<status status="PASS" starttime="20221107 23:51:04.310" endtime="20221107 23:51:04.310"/>
</kw>
<status status="PASS" starttime="20221107 23:51:04.307" endtime="20221107 23:51:04.310"/>
</iter>
<iter>
<var name="${cellule}">2</var>
<kw name="Evaluate" library="BuiltIn">
<var>${cellule}</var>
<arg>1 + ${cellule}</arg>
<doc>Evaluates the given expression in Python and returns the result.</doc>
<msg timestamp="20221107 23:51:04.312" level="INFO">${cellule} = 3</msg>
<status status="PASS" starttime="20221107 23:51:04.311" endtime="20221107 23:51:04.312"/>
</kw>
<kw name="Read Excel Cell" library="ExcelLibrary">
<var>${nom_var}</var>
<arg>row_num=${cellule}</arg>
<arg>col_num=1</arg>
<arg>sheet_name=${excel_feuille_liste}</arg>
<doc>Returns content of a cell.</doc>
<msg timestamp="20221107 23:51:04.313" level="INFO">${nom_var} = None</msg>
<status status="PASS" starttime="20221107 23:51:04.312" endtime="20221107 23:51:04.313"/>
</kw>
<kw name="Read Excel Cell" library="ExcelLibrary">
<var>${val_var}</var>
<arg>row_num=${cellule}</arg>
<arg>col_num=${numero_de_la_colonne}</arg>
<arg>sheet_name=${excel_feuille_liste}</arg>
<doc>Returns content of a cell.</doc>
<msg timestamp="20221107 23:51:04.313" level="INFO">${val_var} = None</msg>
<status status="PASS" starttime="20221107 23:51:04.313" endtime="20221107 23:51:04.313"/>
</kw>
<kw name="Set To Dictionary" library="Collections">
<arg>${TEMP_DICT}</arg>
<arg>${nom_var}</arg>
<arg>${val_var}</arg>
<doc>Adds the given ``key_value_pairs`` and ``items`` to the ``dictionary``.</doc>
<status status="PASS" starttime="20221107 23:51:04.313" endtime="20221107 23:51:04.314"/>
</kw>
<status status="PASS" starttime="20221107 23:51:04.310" endtime="20221107 23:51:04.314"/>
</iter>
<iter>
<var name="${cellule}">3</var>
<kw name="Evaluate" library="BuiltIn">
<var>${cellule}</var>
<arg>1 + ${cellule}</arg>
<doc>Evaluates the given expression in Python and returns the result.</doc>
<msg timestamp="20221107 23:51:04.314" level="INFO">${cellule} = 4</msg>
<status status="PASS" starttime="20221107 23:51:04.314" endtime="20221107 23:51:04.314"/>
</kw>
<kw name="Read Excel Cell" library="ExcelLibrary">
<var>${nom_var}</var>
<arg>row_num=${cellule}</arg>
<arg>col_num=1</arg>
<arg>sheet_name=${excel_feuille_liste}</arg>
<doc>Returns content of a cell.</doc>
<msg timestamp="20221107 23:51:04.315" level="INFO">${nom_var} = None</msg>
<status status="PASS" starttime="20221107 23:51:04.314" endtime="20221107 23:51:04.315"/>
</kw>
<kw name="Read Excel Cell" library="ExcelLibrary">
<var>${val_var}</var>
<arg>row_num=${cellule}</arg>
<arg>col_num=${numero_de_la_colonne}</arg>
<arg>sheet_name=${excel_feuille_liste}</arg>
<doc>Returns content of a cell.</doc>
<msg timestamp="20221107 23:51:04.315" level="INFO">${val_var} = None</msg>
<status status="PASS" starttime="20221107 23:51:04.315" endtime="20221107 23:51:04.315"/>
</kw>
<kw name="Set To Dictionary" library="Collections">
<arg>${TEMP_DICT}</arg>
<arg>${nom_var}</arg>
<arg>${val_var}</arg>
<doc>Adds the given ``key_value_pairs`` and ``items`` to the ``dictionary``.</doc>
<status status="PASS" starttime="20221107 23:51:04.316" endtime="20221107 23:51:04.316"/>
</kw>
<status status="PASS" starttime="20221107 23:51:04.314" endtime="20221107 23:51:04.316"/>
</iter>
<iter>
<var name="${cellule}">4</var>
<kw name="Evaluate" library="BuiltIn">
<var>${cellule}</var>
<arg>1 + ${cellule}</arg>
<doc>Evaluates the given expression in Python and returns the result.</doc>
<msg timestamp="20221107 23:51:04.316" level="INFO">${cellule} = 5</msg>
<status status="PASS" starttime="20221107 23:51:04.316" endtime="20221107 23:51:04.316"/>
</kw>
<kw name="Read Excel Cell" library="ExcelLibrary">
<var>${nom_var}</var>
<arg>row_num=${cellule}</arg>
<arg>col_num=1</arg>
<arg>sheet_name=${excel_feuille_liste}</arg>
<doc>Returns content of a cell.</doc>
<msg timestamp="20221107 23:51:04.317" level="INFO">${nom_var} = url</msg>
<status status="PASS" starttime="20221107 23:51:04.317" endtime="20221107 23:51:04.317"/>
</kw>
<kw name="Read Excel Cell" library="ExcelLibrary">
<var>${val_var}</var>
<arg>row_num=${cellule}</arg>
<arg>col_num=${numero_de_la_colonne}</arg>
<arg>sheet_name=${excel_feuille_liste}</arg>
<doc>Returns content of a cell.</doc>
<msg timestamp="20221107 23:51:04.318" level="INFO">${val_var} = https://www.saunierduval.fr/particulier/</msg>
<status status="PASS" starttime="20221107 23:51:04.317" endtime="20221107 23:51:04.318"/>
</kw>
<kw name="Set To Dictionary" library="Collections">
<arg>${TEMP_DICT}</arg>
<arg>${nom_var}</arg>
<arg>${val_var}</arg>
<doc>Adds the given ``key_value_pairs`` and ``items`` to the ``dictionary``.</doc>
<status status="PASS" starttime="20221107 23:51:04.318" endtime="20221107 23:51:04.318"/>
</kw>
<status status="PASS" starttime="20221107 23:51:04.316" endtime="20221107 23:51:04.318"/>
</iter>
<iter>
<var name="${cellule}">5</var>
<kw name="Evaluate" library="BuiltIn">
<var>${cellule}</var>
<arg>1 + ${cellule}</arg>
<doc>Evaluates the given expression in Python and returns the result.</doc>
<msg timestamp="20221107 23:51:04.319" level="INFO">${cellule} = 6</msg>
<status status="PASS" starttime="20221107 23:51:04.318" endtime="20221107 23:51:04.319"/>
</kw>
<kw name="Read Excel Cell" library="ExcelLibrary">
<var>${nom_var}</var>
<arg>row_num=${cellule}</arg>
<arg>col_num=1</arg>
<arg>sheet_name=${excel_feuille_liste}</arg>
<doc>Returns content of a cell.</doc>
<msg timestamp="20221107 23:51:04.319" level="INFO">${nom_var} = browser</msg>
<status status="PASS" starttime="20221107 23:51:04.319" endtime="20221107 23:51:04.319"/>
</kw>
<kw name="Read Excel Cell" library="ExcelLibrary">
<var>${val_var}</var>
<arg>row_num=${cellule}</arg>
<arg>col_num=${numero_de_la_colonne}</arg>
<arg>sheet_name=${excel_feuille_liste}</arg>
<doc>Returns content of a cell.</doc>
<msg timestamp="20221107 23:51:04.321" level="INFO">${val_var} = chrome</msg>
<status status="PASS" starttime="20221107 23:51:04.320" endtime="20221107 23:51:04.321"/>
</kw>
<kw name="Set To Dictionary" library="Collections">
<arg>${TEMP_DICT}</arg>
<arg>${nom_var}</arg>
<arg>${val_var}</arg>
<doc>Adds the given ``key_value_pairs`` and ``items`` to the ``dictionary``.</doc>
<status status="PASS" starttime="20221107 23:51:04.321" endtime="20221107 23:51:04.322"/>
</kw>
<status status="PASS" starttime="20221107 23:51:04.318" endtime="20221107 23:51:04.322"/>
</iter>
<iter>
<var name="${cellule}">6</var>
<kw name="Evaluate" library="BuiltIn">
<var>${cellule}</var>
<arg>1 + ${cellule}</arg>
<doc>Evaluates the given expression in Python and returns the result.</doc>
<msg timestamp="20221107 23:51:04.322" level="INFO">${cellule} = 7</msg>
<status status="PASS" starttime="20221107 23:51:04.322" endtime="20221107 23:51:04.322"/>
</kw>
<kw name="Read Excel Cell" library="ExcelLibrary">
<var>${nom_var}</var>
<arg>row_num=${cellule}</arg>
<arg>col_num=1</arg>
<arg>sheet_name=${excel_feuille_liste}</arg>
<doc>Returns content of a cell.</doc>
<msg timestamp="20221107 23:51:04.323" level="INFO">${nom_var} = pageAccueil</msg>
<status status="PASS" starttime="20221107 23:51:04.322" endtime="20221107 23:51:04.323"/>
</kw>
<kw name="Read Excel Cell" library="ExcelLibrary">
<var>${val_var}</var>
<arg>row_num=${cellule}</arg>
<arg>col_num=${numero_de_la_colonne}</arg>
<arg>sheet_name=${excel_feuille_liste}</arg>
<doc>Returns content of a cell.</doc>
<msg timestamp="20221107 23:51:04.324" level="INFO">${val_var} = None</msg>
<status status="PASS" starttime="20221107 23:51:04.323" endtime="20221107 23:51:04.324"/>
</kw>
<kw name="Set To Dictionary" library="Collections">
<arg>${TEMP_DICT}</arg>
<arg>${nom_var}</arg>
<arg>${val_var}</arg>
<doc>Adds the given ``key_value_pairs`` and ``items`` to the ``dictionary``.</doc>
<status status="PASS" starttime="20221107 23:51:04.324" endtime="20221107 23:51:04.324"/>
</kw>
<status status="PASS" starttime="20221107 23:51:04.322" endtime="20221107 23:51:04.324"/>
</iter>
<iter>
<var name="${cellule}">7</var>
<kw name="Evaluate" library="BuiltIn">
<var>${cellule}</var>
<arg>1 + ${cellule}</arg>
<doc>Evaluates the given expression in Python and returns the result.</doc>
<msg timestamp="20221107 23:51:04.325" level="INFO">${cellule} = 8</msg>
<status status="PASS" starttime="20221107 23:51:04.325" endtime="20221107 23:51:04.325"/>
</kw>
<kw name="Read Excel Cell" library="ExcelLibrary">
<var>${nom_var}</var>
<arg>row_num=${cellule}</arg>
<arg>col_num=1</arg>
<arg>sheet_name=${excel_feuille_liste}</arg>
<doc>Returns content of a cell.</doc>
<msg timestamp="20221107 23:51:04.326" level="INFO">${nom_var} = choisir_cookies</msg>
<status status="PASS" starttime="20221107 23:51:04.325" endtime="20221107 23:51:04.326"/>
</kw>
<kw name="Read Excel Cell" library="ExcelLibrary">
<var>${val_var}</var>
<arg>row_num=${cellule}</arg>
<arg>col_num=${numero_de_la_colonne}</arg>
<arg>sheet_name=${excel_feuille_liste}</arg>
<doc>Returns content of a cell.</doc>
<msg timestamp="20221107 23:51:04.328" level="INFO">${val_var} = Tout refuser</msg>
<status status="PASS" starttime="20221107 23:51:04.326" endtime="20221107 23:51:04.328"/>
</kw>
<kw name="Set To Dictionary" library="Collections">
<arg>${TEMP_DICT}</arg>
<arg>${nom_var}</arg>
<arg>${val_var}</arg>
<doc>Adds the given ``key_value_pairs`` and ``items`` to the ``dictionary``.</doc>
<status status="PASS" starttime="20221107 23:51:04.328" endtime="20221107 23:51:04.329"/>
</kw>
<status status="PASS" starttime="20221107 23:51:04.324" endtime="20221107 23:51:04.329"/>
</iter>
<iter>
<var name="${cellule}">8</var>
<kw name="Evaluate" library="BuiltIn">
<var>${cellule}</var>
<arg>1 + ${cellule}</arg>
<doc>Evaluates the given expression in Python and returns the result.</doc>
<msg timestamp="20221107 23:51:04.329" level="INFO">${cellule} = 9</msg>
<status status="PASS" starttime="20221107 23:51:04.329" endtime="20221107 23:51:04.329"/>
</kw>
<kw name="Read Excel Cell" library="ExcelLibrary">
<var>${nom_var}</var>
<arg>row_num=${cellule}</arg>
<arg>col_num=1</arg>
<arg>sheet_name=${excel_feuille_liste}</arg>
<doc>Returns content of a cell.</doc>
<msg timestamp="20221107 23:51:04.330" level="INFO">${nom_var} = pageConfiguration_produit</msg>
<status status="PASS" starttime="20221107 23:51:04.329" endtime="20221107 23:51:04.330"/>
</kw>
<kw name="Read Excel Cell" library="ExcelLibrary">
<var>${val_var}</var>
<arg>row_num=${cellule}</arg>
<arg>col_num=${numero_de_la_colonne}</arg>
<arg>sheet_name=${excel_feuille_liste}</arg>
<doc>Returns content of a cell.</doc>
<msg timestamp="20221107 23:51:04.331" level="INFO">${val_var} = None</msg>
<status status="PASS" starttime="20221107 23:51:04.330" endtime="20221107 23:51:04.331"/>
</kw>
<kw name="Set To Dictionary" library="Collections">
<arg>${TEMP_DICT}</arg>
<arg>${nom_var}</arg>
<arg>${val_var}</arg>
<doc>Adds the given ``key_value_pairs`` and ``items`` to the ``dictionary``.</doc>
<status status="PASS" starttime="20221107 23:51:04.331" endtime="20221107 23:51:04.331"/>
</kw>
<status status="PASS" starttime="20221107 23:51:04.329" endtime="20221107 23:51:04.331"/>
</iter>
<iter>
<var name="${cellule}">9</var>
<kw name="Evaluate" library="BuiltIn">
<var>${cellule}</var>
<arg>1 + ${cellule}</arg>
<doc>Evaluates the given expression in Python and returns the result.</doc>
<msg timestamp="20221107 23:51:04.331" level="INFO">${cellule} = 10</msg>
<status status="PASS" starttime="20221107 23:51:04.331" endtime="20221107 23:51:04.331"/>
</kw>
<kw name="Read Excel Cell" library="ExcelLibrary">
<var>${nom_var}</var>
<arg>row_num=${cellule}</arg>
<arg>col_num=1</arg>
<arg>sheet_name=${excel_feuille_liste}</arg>
<doc>Returns content of a cell.</doc>
<msg timestamp="20221107 23:51:04.332" level="INFO">${nom_var} = type_de_chauffage_actuel</msg>
<status status="PASS" starttime="20221107 23:51:04.332" endtime="20221107 23:51:04.332"/>
</kw>
<kw name="Read Excel Cell" library="ExcelLibrary">
<var>${val_var}</var>
<arg>row_num=${cellule}</arg>
<arg>col_num=${numero_de_la_colonne}</arg>
<arg>sheet_name=${excel_feuille_liste}</arg>
<doc>Returns content of a cell.</doc>
<msg timestamp="20221107 23:51:04.333" level="INFO">${val_var} = Fioul</msg>
<status status="PASS" starttime="20221107 23:51:04.332" endtime="20221107 23:51:04.333"/>
</kw>
<kw name="Set To Dictionary" library="Collections">
<arg>${TEMP_DICT}</arg>
<arg>${nom_var}</arg>
<arg>${val_var}</arg>
<doc>Adds the given ``key_value_pairs`` and ``items`` to the ``dictionary``.</doc>
<status status="PASS" starttime="20221107 23:51:04.333" endtime="20221107 23:51:04.333"/>
</kw>
<status status="PASS" starttime="20221107 23:51:04.331" endtime="20221107 23:51:04.333"/>
</iter>
<iter>
<var name="${cellule}">10</var>
<kw name="Evaluate" library="BuiltIn">
<var>${cellule}</var>
<arg>1 + ${cellule}</arg>
<doc>Evaluates the given expression in Python and returns the result.</doc>
<msg timestamp="20221107 23:51:04.334" level="INFO">${cellule} = 11</msg>
<status status="PASS" starttime="20221107 23:51:04.333" endtime="20221107 23:51:04.334"/>
</kw>
<kw name="Read Excel Cell" library="ExcelLibrary">
<var>${nom_var}</var>
<arg>row_num=${cellule}</arg>
<arg>col_num=1</arg>
<arg>sheet_name=${excel_feuille_liste}</arg>
<doc>Returns content of a cell.</doc>
<msg timestamp="20221107 23:51:04.334" level="INFO">${nom_var} = type_de_chauffage_souhaite</msg>
<status status="PASS" starttime="20221107 23:51:04.334" endtime="20221107 23:51:04.334"/>
</kw>
<kw name="Read Excel Cell" library="ExcelLibrary">
<var>${val_var}</var>
<arg>row_num=${cellule}</arg>
<arg>col_num=${numero_de_la_colonne}</arg>
<arg>sheet_name=${excel_feuille_liste}</arg>
<doc>Returns content of a cell.</doc>
<msg timestamp="20221107 23:51:04.335" level="INFO">${val_var} = Pompe à chaleur</msg>
<status status="PASS" starttime="20221107 23:51:04.334" endtime="20221107 23:51:04.335"/>
</kw>
<kw name="Set To Dictionary" library="Collections">
<arg>${TEMP_DICT}</arg>
<arg>${nom_var}</arg>
<arg>${val_var}</arg>
<doc>Adds the given ``key_value_pairs`` and ``items`` to the ``dictionary``.</doc>
<status status="PASS" starttime="20221107 23:51:04.335" endtime="20221107 23:51:04.335"/>
</kw>
<status status="PASS" starttime="20221107 23:51:04.333" endtime="20221107 23:51:04.335"/>
</iter>
<iter>
<var name="${cellule}">11</var>
<kw name="Evaluate" library="BuiltIn">
<var>${cellule}</var>
<arg>1 + ${cellule}</arg>
<doc>Evaluates the given expression in Python and returns the result.</doc>
<msg timestamp="20221107 23:51:04.336" level="INFO">${cellule} = 12</msg>
<status status="PASS" starttime="20221107 23:51:04.336" endtime="20221107 23:51:04.336"/>
</kw>
<kw name="Read Excel Cell" library="ExcelLibrary">
<var>${nom_var}</var>
<arg>row_num=${cellule}</arg>
<arg>col_num=1</arg>
<arg>sheet_name=${excel_feuille_liste}</arg>
<doc>Returns content of a cell.</doc>
<msg timestamp="20221107 23:51:04.338" level="INFO">${nom_var} = emetteur_de_chaleur_actuels</msg>
<status status="PASS" starttime="20221107 23:51:04.336" endtime="20221107 23:51:04.338"/>
</kw>
<kw name="Read Excel Cell" library="ExcelLibrary">
<var>${val_var}</var>
<arg>row_num=${cellule}</arg>
<arg>col_num=${numero_de_la_colonne}</arg>
<arg>sheet_name=${excel_feuille_liste}</arg>
<doc>Returns content of a cell.</doc>
<msg timestamp="20221107 23:51:04.339" level="INFO">${val_var} = Chauffage au sol</msg>
<status status="PASS" starttime="20221107 23:51:04.338" endtime="20221107 23:51:04.339"/>
</kw>
<kw name="Set To Dictionary" library="Collections">
<arg>${TEMP_DICT}</arg>
<arg>${nom_var}</arg>
<arg>${val_var}</arg>
<doc>Adds the given ``key_value_pairs`` and ``items`` to the ``dictionary``.</doc>
<status status="PASS" starttime="20221107 23:51:04.339" endtime="20221107 23:51:04.340"/>
</kw>
<status status="PASS" starttime="20221107 23:51:04.335" endtime="20221107 23:51:04.340"/>
</iter>
<iter>
<var name="${cellule}">12</var>
<kw name="Evaluate" library="BuiltIn">
<var>${cellule}</var>
<arg>1 + ${cellule}</arg>
<doc>Evaluates the given expression in Python and returns the result.</doc>
<msg timestamp="20221107 23:51:04.341" level="INFO">${cellule} = 13</msg>
<status status="PASS" starttime="20221107 23:51:04.340" endtime="20221107 23:51:04.341"/>
</kw>
<kw name="Read Excel Cell" library="ExcelLibrary">
<var>${nom_var}</var>
<arg>row_num=${cellule}</arg>
<arg>col_num=1</arg>
<arg>sheet_name=${excel_feuille_liste}</arg>
<doc>Returns content of a cell.</doc>
<msg timestamp="20221107 23:51:04.342" level="INFO">${nom_var} = type_de_logement</msg>
<status status="PASS" starttime="20221107 23:51:04.342" endtime="20221107 23:51:04.342"/>
</kw>
<kw name="Read Excel Cell" library="ExcelLibrary">
<var>${val_var}</var>
<arg>row_num=${cellule}</arg>
<arg>col_num=${numero_de_la_colonne}</arg>
<arg>sheet_name=${excel_feuille_liste}</arg>
<doc>Returns content of a cell.</doc>
<msg timestamp="20221107 23:51:04.343" level="INFO">${val_var} = Maison individuelle</msg>
<status status="PASS" starttime="20221107 23:51:04.343" endtime="20221107 23:51:04.343"/>
</kw>
<kw name="Set To Dictionary" library="Collections">
<arg>${TEMP_DICT}</arg>
<arg>${nom_var}</arg>
<arg>${val_var}</arg>
<doc>Adds the given ``key_value_pairs`` and ``items`` to the ``dictionary``.</doc>
<status status="PASS" starttime="20221107 23:51:04.343" endtime="20221107 23:51:04.344"/>
</kw>
<status status="PASS" starttime="20221107 23:51:04.340" endtime="20221107 23:51:04.344"/>
</iter>
<iter>
<var name="${cellule}">13</var>
<kw name="Evaluate" library="BuiltIn">
<var>${cellule}</var>
<arg>1 + ${cellule}</arg>
<doc>Evaluates the given expression in Python and returns the result.</doc>
<msg timestamp="20221107 23:51:04.344" level="INFO">${cellule} = 14</msg>
<status status="PASS" starttime="20221107 23:51:04.344" endtime="20221107 23:51:04.344"/>
</kw>
<kw name="Read Excel Cell" library="ExcelLibrary">
<var>${nom_var}</var>
<arg>row_num=${cellule}</arg>
<arg>col_num=1</arg>
<arg>sheet_name=${excel_feuille_liste}</arg>
<doc>Returns content of a cell.</doc>
<msg timestamp="20221107 23:51:04.345" level="INFO">${nom_var} = annee_de_construction</msg>
<status status="PASS" starttime="20221107 23:51:04.344" endtime="20221107 23:51:04.345"/>
</kw>
<kw name="Read Excel Cell" library="ExcelLibrary">
<var>${val_var}</var>
<arg>row_num=${cellule}</arg>
<arg>col_num=${numero_de_la_colonne}</arg>
<arg>sheet_name=${excel_feuille_liste}</arg>
<doc>Returns content of a cell.</doc>
<msg timestamp="20221107 23:51:04.346" level="INFO">${val_var} = 2002-2007</msg>
<status status="PASS" starttime="20221107 23:51:04.345" endtime="20221107 23:51:04.346"/>
</kw>
<kw name="Set To Dictionary" library="Collections">
<arg>${TEMP_DICT}</arg>
<arg>${nom_var}</arg>
<arg>${val_var}</arg>
<doc>Adds the given ``key_value_pairs`` and ``items`` to the ``dictionary``.</doc>
<status status="PASS" starttime="20221107 23:51:04.346" endtime="20221107 23:51:04.346"/>
</kw>
<status status="PASS" starttime="20221107 23:51:04.344" endtime="20221107 23:51:04.346"/>
</iter>
<iter>
<var name="${cellule}">14</var>
<kw name="Evaluate" library="BuiltIn">
<var>${cellule}</var>
<arg>1 + ${cellule}</arg>
<doc>Evaluates the given expression in Python and returns the result.</doc>
<msg timestamp="20221107 23:51:04.347" level="INFO">${cellule} = 15</msg>
<status status="PASS" starttime="20221107 23:51:04.346" endtime="20221107 23:51:04.347"/>
</kw>
<kw name="Read Excel Cell" library="ExcelLibrary">
<var>${nom_var}</var>
<arg>row_num=${cellule}</arg>
<arg>col_num=1</arg>
<arg>sheet_name=${excel_feuille_liste}</arg>
<doc>Returns content of a cell.</doc>
<msg timestamp="20221107 23:51:04.347" level="INFO">${nom_var} = type_renovation</msg>
<status status="PASS" starttime="20221107 23:51:04.347" endtime="20221107 23:51:04.347"/>
</kw>
<kw name="Read Excel Cell" library="ExcelLibrary">
<var>${val_var}</var>
<arg>row_num=${cellule}</arg>
<arg>col_num=${numero_de_la_colonne}</arg>
<arg>sheet_name=${excel_feuille_liste}</arg>
<doc>Returns content of a cell.</doc>
<msg timestamp="20221107 23:51:04.348" level="INFO">${val_var} = Toiture</msg>
<status status="PASS" starttime="20221107 23:51:04.347" endtime="20221107 23:51:04.348"/>
</kw>
<kw name="Set To Dictionary" library="Collections">
<arg>${TEMP_DICT}</arg>
<arg>${nom_var}</arg>
<arg>${val_var}</arg>
<doc>Adds the given ``key_value_pairs`` and ``items`` to the ``dictionary``.</doc>
<status status="PASS" starttime="20221107 23:51:04.348" endtime="20221107 23:51:04.348"/>
</kw>
<status status="PASS" starttime="20221107 23:51:04.346" endtime="20221107 23:51:04.349"/>
</iter>
<iter>
<var name="${cellule}">15</var>
<kw name="Evaluate" library="BuiltIn">
<var>${cellule}</var>
<arg>1 + ${cellule}</arg>
<doc>Evaluates the given expression in Python and returns the result.</doc>
<msg timestamp="20221107 23:51:04.349" level="INFO">${cellule} = 16</msg>
<status status="PASS" starttime="20221107 23:51:04.349" endtime="20221107 23:51:04.349"/>
</kw>
<kw name="Read Excel Cell" library="ExcelLibrary">
<var>${nom_var}</var>
<arg>row_num=${cellule}</arg>
<arg>col_num=1</arg>
<arg>sheet_name=${excel_feuille_liste}</arg>
<doc>Returns content of a cell.</doc>
<msg timestamp="20221107 23:51:04.350" level="INFO">${nom_var} = surface_habitable</msg>
<status status="PASS" starttime="20221107 23:51:04.349" endtime="20221107 23:51:04.350"/>
</kw>
<kw name="Read Excel Cell" library="ExcelLibrary">
<var>${val_var}</var>
<arg>row_num=${cellule}</arg>
<arg>col_num=${numero_de_la_colonne}</arg>
<arg>sheet_name=${excel_feuille_liste}</arg>
<doc>Returns content of a cell.</doc>
<msg timestamp="20221107 23:51:04.350" level="INFO">${val_var} = 10</msg>
<status status="PASS" starttime="20221107 23:51:04.350" endtime="20221107 23:51:04.350"/>
</kw>
<kw name="Set To Dictionary" library="Collections">
<arg>${TEMP_DICT}</arg>
<arg>${nom_var}</arg>
<arg>${val_var}</arg>
<doc>Adds the given ``key_value_pairs`` and ``items`` to the ``dictionary``.</doc>
<status status="PASS" starttime="20221107 23:51:04.350" endtime="20221107 23:51:04.351"/>
</kw>
<status status="PASS" starttime="20221107 23:51:04.349" endtime="20221107 23:51:04.351"/>
</iter>
<iter>
<var name="${cellule}">16</var>
<kw name="Evaluate" library="BuiltIn">
<var>${cellule}</var>
<arg>1 + ${cellule}</arg>
<doc>Evaluates the given expression in Python and returns the result.</doc>
<msg timestamp="20221107 23:51:04.351" level="INFO">${cellule} = 17</msg>
<status status="PASS" starttime="20221107 23:51:04.351" endtime="20221107 23:51:04.351"/>
</kw>
<kw name="Read Excel Cell" library="ExcelLibrary">
<var>${nom_var}</var>
<arg>row_num=${cellule}</arg>
<arg>col_num=1</arg>
<arg>sheet_name=${excel_feuille_liste}</arg>
<doc>Returns content of a cell.</doc>
<msg timestamp="20221107 23:51:04.352" level="INFO">${nom_var} = civilite</msg>
<status status="PASS" starttime="20221107 23:51:04.351" endtime="20221107 23:51:04.352"/>
</kw>
<kw name="Read Excel Cell" library="ExcelLibrary">
<var>${val_var}</var>
<arg>row_num=${cellule}</arg>
<arg>col_num=${numero_de_la_colonne}</arg>
<arg>sheet_name=${excel_feuille_liste}</arg>
<doc>Returns content of a cell.</doc>
<msg timestamp="20221107 23:51:04.352" level="INFO">${val_var} = M.</msg>
<status status="PASS" starttime="20221107 23:51:04.352" endtime="20221107 23:51:04.352"/>
</kw>
<kw name="Set To Dictionary" library="Collections">
<arg>${TEMP_DICT}</arg>
<arg>${nom_var}</arg>
<arg>${val_var}</arg>
<doc>Adds the given ``key_value_pairs`` and ``items`` to the ``dictionary``.</doc>
<status status="PASS" starttime="20221107 23:51:04.353" endtime="20221107 23:51:04.353"/>
</kw>
<status status="PASS" starttime="20221107 23:51:04.351" endtime="20221107 23:51:04.353"/>
</iter>
<iter>
<var name="${cellule}">17</var>
<kw name="Evaluate" library="BuiltIn">
<var>${cellule}</var>
<arg>1 + ${cellule}</arg>
<doc>Evaluates the given expression in Python and returns the result.</doc>
<msg timestamp="20221107 23:51:04.355" level="INFO">${cellule} = 18</msg>
<status status="PASS" starttime="20221107 23:51:04.354" endtime="20221107 23:51:04.355"/>
</kw>
<kw name="Read Excel Cell" library="ExcelLibrary">
<var>${nom_var}</var>
<arg>row_num=${cellule}</arg>
<arg>col_num=1</arg>
<arg>sheet_name=${excel_feuille_liste}</arg>
<doc>Returns content of a cell.</doc>
<msg timestamp="20221107 23:51:04.356" level="INFO">${nom_var} = prenom</msg>
<status status="PASS" starttime="20221107 23:51:04.355" endtime="20221107 23:51:04.356"/>
</kw>
<kw name="Read Excel Cell" library="ExcelLibrary">
<var>${val_var}</var>
<arg>row_num=${cellule}</arg>
<arg>col_num=${numero_de_la_colonne}</arg>
<arg>sheet_name=${excel_feuille_liste}</arg>
<doc>Returns content of a cell.</doc>
<msg timestamp="20221107 23:51:04.357" level="INFO">${val_var} = nini</msg>
<status status="PASS" starttime="20221107 23:51:04.356" endtime="20221107 23:51:04.358"/>
</kw>
<kw name="Set To Dictionary" library="Collections">
<arg>${TEMP_DICT}</arg>
<arg>${nom_var}</arg>
<arg>${val_var}</arg>
<doc>Adds the given ``key_value_pairs`` and ``items`` to the ``dictionary``.</doc>
<status status="PASS" starttime="20221107 23:51:04.358" endtime="20221107 23:51:04.359"/>
</kw>
<status status="PASS" starttime="20221107 23:51:04.353" endtime="20221107 23:51:04.359"/>
</iter>
<iter>
<var name="${cellule}">18</var>
<kw name="Evaluate" library="BuiltIn">
<var>${cellule}</var>
<arg>1 + ${cellule}</arg>
<doc>Evaluates the given expression in Python and returns the result.</doc>
<msg timestamp="20221107 23:51:04.359" level="INFO">${cellule} = 19</msg>
<status status="PASS" starttime="20221107 23:51:04.359" endtime="20221107 23:51:04.359"/>
</kw>
<kw name="Read Excel Cell" library="ExcelLibrary">
<var>${nom_var}</var>
<arg>row_num=${cellule}</arg>
<arg>col_num=1</arg>
<arg>sheet_name=${excel_feuille_liste}</arg>
<doc>Returns content of a cell.</doc>
<msg timestamp="20221107 23:51:04.360" level="INFO">${nom_var} = nom</msg>
<status status="PASS" starttime="20221107 23:51:04.359" endtime="20221107 23:51:04.360"/>
</kw>
<kw name="Read Excel Cell" library="ExcelLibrary">
<var>${val_var}</var>
<arg>row_num=${cellule}</arg>
<arg>col_num=${numero_de_la_colonne}</arg>
<arg>sheet_name=${excel_feuille_liste}</arg>
<doc>Returns content of a cell.</doc>
<msg timestamp="20221107 23:51:04.360" level="INFO">${val_var} = nono</msg>
<status status="PASS" starttime="20221107 23:51:04.360" endtime="20221107 23:51:04.360"/>
</kw>
<kw name="Set To Dictionary" library="Collections">
<arg>${TEMP_DICT}</arg>
<arg>${nom_var}</arg>
<arg>${val_var}</arg>
<doc>Adds the given ``key_value_pairs`` and ``items`` to the ``dictionary``.</doc>
<status status="PASS" starttime="20221107 23:51:04.361" endtime="20221107 23:51:04.361"/>
</kw>
<status status="PASS" starttime="20221107 23:51:04.359" endtime="20221107 23:51:04.361"/>
</iter>
<iter>
<var name="${cellule}">19</var>
<kw name="Evaluate" library="BuiltIn">
<var>${cellule}</var>
<arg>1 + ${cellule}</arg>
<doc>Evaluates the given expression in Python and returns the result.</doc>
<msg timestamp="20221107 23:51:04.361" level="INFO">${cellule} = 20</msg>
<status status="PASS" starttime="20221107 23:51:04.361" endtime="20221107 23:51:04.361"/>
</kw>
<kw name="Read Excel Cell" library="ExcelLibrary">
<var>${nom_var}</var>
<arg>row_num=${cellule}</arg>
<arg>col_num=1</arg>
<arg>sheet_name=${excel_feuille_liste}</arg>
<doc>Returns content of a cell.</doc>
<msg timestamp="20221107 23:51:04.362" level="INFO">${nom_var} = mail</msg>
<status status="PASS" starttime="20221107 23:51:04.362" endtime="20221107 23:51:04.362"/>
</kw>
<kw name="Read Excel Cell" library="ExcelLibrary">
<var>${val_var}</var>
<arg>row_num=${cellule}</arg>
<arg>col_num=${numero_de_la_colonne}</arg>
<arg>sheet_name=${excel_feuille_liste}</arg>
<doc>Returns content of a cell.</doc>
<msg timestamp="20221107 23:51:04.363" level="INFO">${val_var} = nono@nini.fr</msg>
<status status="PASS" starttime="20221107 23:51:04.362" endtime="20221107 23:51:04.363"/>
</kw>
<kw name="Set To Dictionary" library="Collections">
<arg>${TEMP_DICT}</arg>
<arg>${nom_var}</arg>
<arg>${val_var}</arg>
<doc>Adds the given ``key_value_pairs`` and ``items`` to the ``dictionary``.</doc>
<status status="PASS" starttime="20221107 23:51:04.363" endtime="20221107 23:51:04.363"/>
</kw>
<status status="PASS" starttime="20221107 23:51:04.361" endtime="20221107 23:51:04.363"/>
</iter>
<iter>
<var name="${cellule}">20</var>
<kw name="Evaluate" library="BuiltIn">
<var>${cellule}</var>
<arg>1 + ${cellule}</arg>
<doc>Evaluates the given expression in Python and returns the result.</doc>
<msg timestamp="20221107 23:51:04.364" level="INFO">${cellule} = 21</msg>
<status status="PASS" starttime="20221107 23:51:04.363" endtime="20221107 23:51:04.364"/>
</kw>
<kw name="Read Excel Cell" library="ExcelLibrary">
<var>${nom_var}</var>
<arg>row_num=${cellule}</arg>
<arg>col_num=1</arg>
<arg>sheet_name=${excel_feuille_liste}</arg>
<doc>Returns content of a cell.</doc>
<msg timestamp="20221107 23:51:04.364" level="INFO">${nom_var} = numero_de_telephone</msg>
<status status="PASS" starttime="20221107 23:51:04.364" endtime="20221107 23:51:04.364"/>
</kw>
<kw name="Read Excel Cell" library="ExcelLibrary">
<var>${val_var}</var>
<arg>row_num=${cellule}</arg>
<arg>col_num=${numero_de_la_colonne}</arg>
<arg>sheet_name=${excel_feuille_liste}</arg>
<doc>Returns content of a cell.</doc>
<msg timestamp="20221107 23:51:04.365" level="INFO">${val_var} = 0611111111</msg>
<status status="PASS" starttime="20221107 23:51:04.364" endtime="20221107 23:51:04.365"/>
</kw>
<kw name="Set To Dictionary" library="Collections">
<arg>${TEMP_DICT}</arg>
<arg>${nom_var}</arg>
<arg>${val_var}</arg>
<doc>Adds the given ``key_value_pairs`` and ``items`` to the ``dictionary``.</doc>
<status status="PASS" starttime="20221107 23:51:04.365" endtime="20221107 23:51:04.365"/>
</kw>
<status status="PASS" starttime="20221107 23:51:04.363" endtime="20221107 23:51:04.365"/>
</iter>
<iter>
<var name="${cellule}">21</var>
<kw name="Evaluate" library="BuiltIn">
<var>${cellule}</var>
<arg>1 + ${cellule}</arg>
<doc>Evaluates the given expression in Python and returns the result.</doc>
<msg timestamp="20221107 23:51:04.366" level="INFO">${cellule} = 22</msg>
<status status="PASS" starttime="20221107 23:51:04.365" endtime="20221107 23:51:04.366"/>
</kw>
<kw name="Read Excel Cell" library="ExcelLibrary">
<var>${nom_var}</var>
<arg>row_num=${cellule}</arg>
<arg>col_num=1</arg>
<arg>sheet_name=${excel_feuille_liste}</arg>
<doc>Returns content of a cell.</doc>
<msg timestamp="20221107 23:51:04.366" level="INFO">${nom_var} = numero_de_rue</msg>
<status status="PASS" starttime="20221107 23:51:04.366" endtime="20221107 23:51:04.366"/>
</kw>
<kw name="Read Excel Cell" library="ExcelLibrary">
<var>${val_var}</var>
<arg>row_num=${cellule}</arg>
<arg>col_num=${numero_de_la_colonne}</arg>
<arg>sheet_name=${excel_feuille_liste}</arg>
<doc>Returns content of a cell.</doc>
<msg timestamp="20221107 23:51:04.367" level="INFO">${val_var} = 15</msg>
<status status="PASS" starttime="20221107 23:51:04.366" endtime="20221107 23:51:04.367"/>
</kw>
<kw name="Set To Dictionary" library="Collections">
<arg>${TEMP_DICT}</arg>
<arg>${nom_var}</arg>
<arg>${val_var}</arg>
<doc>Adds the given ``key_value_pairs`` and ``items`` to the ``dictionary``.</doc>
<status status="PASS" starttime="20221107 23:51:04.367" endtime="20221107 23:51:04.367"/>
</kw>
<status status="PASS" starttime="20221107 23:51:04.365" endtime="20221107 23:51:04.367"/>
</iter>
<iter>
<var name="${cellule}">22</var>
<kw name="Evaluate" library="BuiltIn">
<var>${cellule}</var>
<arg>1 + ${cellule}</arg>
<doc>Evaluates the given expression in Python and returns the result.</doc>
<msg timestamp="20221107 23:51:04.368" level="INFO">${cellule} = 23</msg>
<status status="PASS" starttime="20221107 23:51:04.368" endtime="20221107 23:51:04.368"/>
</kw>
<kw name="Read Excel Cell" library="ExcelLibrary">
<var>${nom_var}</var>
<arg>row_num=${cellule}</arg>
<arg>col_num=1</arg>
<arg>sheet_name=${excel_feuille_liste}</arg>
<doc>Returns content of a cell.</doc>
<msg timestamp="20221107 23:51:04.369" level="INFO">${nom_var} = nom_rue</msg>
<status status="PASS" starttime="20221107 23:51:04.368" endtime="20221107 23:51:04.369"/>
</kw>
<kw name="Read Excel Cell" library="ExcelLibrary">
<var>${val_var}</var>
<arg>row_num=${cellule}</arg>
<arg>col_num=${numero_de_la_colonne}</arg>
<arg>sheet_name=${excel_feuille_liste}</arg>
<doc>Returns content of a cell.</doc>
<msg timestamp="20221107 23:51:04.369" level="INFO">${val_var} = rue de la paix</msg>
<status status="PASS" starttime="20221107 23:51:04.369" endtime="20221107 23:51:04.369"/>
</kw>
<kw name="Set To Dictionary" library="Collections">
<arg>${TEMP_DICT}</arg>
<arg>${nom_var}</arg>
<arg>${val_var}</arg>
<doc>Adds the given ``key_value_pairs`` and ``items`` to the ``dictionary``.</doc>
<status status="PASS" starttime="20221107 23:51:04.369" endtime="20221107 23:51:04.370"/>
</kw>
<status status="PASS" starttime="20221107 23:51:04.368" endtime="20221107 23:51:04.370"/>
</iter>
<iter>
<var name="${cellule}">23</var>
<kw name="Evaluate" library="BuiltIn">
<var>${cellule}</var>
<arg>1 + ${cellule}</arg>
<doc>Evaluates the given expression in Python and returns the result.</doc>
<msg timestamp="20221107 23:51:04.371" level="INFO">${cellule} = 24</msg>
<status status="PASS" starttime="20221107 23:51:04.370" endtime="20221107 23:51:04.371"/>
</kw>
<kw name="Read Excel Cell" library="ExcelLibrary">
<var>${nom_var}</var>
<arg>row_num=${cellule}</arg>
<arg>col_num=1</arg>
<arg>sheet_name=${excel_feuille_liste}</arg>
<doc>Returns content of a cell.</doc>
<msg timestamp="20221107 23:51:04.371" level="INFO">${nom_var} = code_postal</msg>
<status status="PASS" starttime="20221107 23:51:04.371" endtime="20221107 23:51:04.372"/>
</kw>
<kw name="Read Excel Cell" library="ExcelLibrary">
<var>${val_var}</var>
<arg>row_num=${cellule}</arg>
<arg>col_num=${numero_de_la_colonne}</arg>
<arg>sheet_name=${excel_feuille_liste}</arg>
<doc>Returns content of a cell.</doc>
<msg timestamp="20221107 23:51:04.372" level="INFO">${val_var} = 49100</msg>
<status status="PASS" starttime="20221107 23:51:04.372" endtime="20221107 23:51:04.372"/>
</kw>
<kw name="Set To Dictionary" library="Collections">
<arg>${TEMP_DICT}</arg>
<arg>${nom_var}</arg>
<arg>${val_var}</arg>
<doc>Adds the given ``key_value_pairs`` and ``items`` to the ``dictionary``.</doc>
<status status="PASS" starttime="20221107 23:51:04.372" endtime="20221107 23:51:04.373"/>
</kw>
<status status="PASS" starttime="20221107 23:51:04.370" endtime="20221107 23:51:04.373"/>
</iter>
<iter>
<var name="${cellule}">24</var>
<kw name="Evaluate" library="BuiltIn">
<var>${cellule}</var>
<arg>1 + ${cellule}</arg>
<doc>Evaluates the given expression in Python and returns the result.</doc>
<msg timestamp="20221107 23:51:04.373" level="INFO">${cellule} = 25</msg>
<status status="PASS" starttime="20221107 23:51:04.373" endtime="20221107 23:51:04.373"/>
</kw>
<kw name="Read Excel Cell" library="ExcelLibrary">
<var>${nom_var}</var>
<arg>row_num=${cellule}</arg>
<arg>col_num=1</arg>
<arg>sheet_name=${excel_feuille_liste}</arg>
<doc>Returns content of a cell.</doc>
<msg timestamp="20221107 23:51:04.374" level="INFO">${nom_var} = ville</msg>
<status status="PASS" starttime="20221107 23:51:04.373" endtime="20221107 23:51:04.374"/>
</kw>
<kw name="Read Excel Cell" library="ExcelLibrary">
<var>${val_var}</var>
<arg>row_num=${cellule}</arg>
<arg>col_num=${numero_de_la_colonne}</arg>
<arg>sheet_name=${excel_feuille_liste}</arg>
<doc>Returns content of a cell.</doc>
<msg timestamp="20221107 23:51:04.374" level="INFO">${val_var} = Nantes</msg>
<status status="PASS" starttime="20221107 23:51:04.374" endtime="20221107 23:51:04.375"/>
</kw>
<kw name="Set To Dictionary" library="Collections">
<arg>${TEMP_DICT}</arg>
<arg>${nom_var}</arg>
<arg>${val_var}</arg>
<doc>Adds the given ``key_value_pairs`` and ``items`` to the ``dictionary``.</doc>
<status status="PASS" starttime="20221107 23:51:04.375" endtime="20221107 23:51:04.375"/>
</kw>
<status status="PASS" starttime="20221107 23:51:04.373" endtime="20221107 23:51:04.375"/>
</iter>
<iter>
<var name="${cellule}">25</var>
<kw name="Evaluate" library="BuiltIn">
<var>${cellule}</var>
<arg>1 + ${cellule}</arg>
<doc>Evaluates the given expression in Python and returns the result.</doc>
<msg timestamp="20221107 23:51:04.375" level="INFO">${cellule} = 26</msg>
<status status="PASS" starttime="20221107 23:51:04.375" endtime="20221107 23:51:04.375"/>
</kw>
<kw name="Read Excel Cell" library="ExcelLibrary">
<var>${nom_var}</var>
<arg>row_num=${cellule}</arg>
<arg>col_num=1</arg>
<arg>sheet_name=${excel_feuille_liste}</arg>
<doc>Returns content of a cell.</doc>
<msg timestamp="20221107 23:51:04.376" level="INFO">${nom_var} = date_de_rendez_vous_souhaite</msg>
<status status="PASS" starttime="20221107 23:51:04.376" endtime="20221107 23:51:04.376"/>
</kw>
<kw name="Read Excel Cell" library="ExcelLibrary">
<var>${val_var}</var>
<arg>row_num=${cellule}</arg>
<arg>col_num=${numero_de_la_colonne}</arg>
<arg>sheet_name=${excel_feuille_liste}</arg>
<doc>Returns content of a cell.</doc>
<msg timestamp="20221107 23:51:04.377" level="INFO">${val_var} = 01/01/2024</msg>
<status status="PASS" starttime="20221107 23:51:04.376" endtime="20221107 23:51:04.377"/>
</kw>
<kw name="Set To Dictionary" library="Collections">
<arg>${TEMP_DICT}</arg>
<arg>${nom_var}</arg>
<arg>${val_var}</arg>
<doc>Adds the given ``key_value_pairs`` and ``items`` to the ``dictionary``.</doc>
<status status="PASS" starttime="20221107 23:51:04.377" endtime="20221107 23:51:04.377"/>
</kw>
<status status="PASS" starttime="20221107 23:51:04.375" endtime="20221107 23:51:04.377"/>
</iter>
<status status="PASS" starttime="20221107 23:51:04.304" endtime="20221107 23:51:04.377"/>
</for>
<kw name="Set Suite Variable" library="BuiltIn">
<arg>${TEMP_DICT}</arg>
<doc>Makes a variable available everywhere within the scope of the current suite.</doc>
<msg timestamp="20221107 23:51:04.378" level="INFO">${TEMP_DICT} = {'Nom variable': 'cas_passant', 'Utilisation': 'Oui', None: None, 'url': 'https://www.saunierduval.fr/particulier/', 'browser': 'chrome', 'pageAccueil': None, 'choisir_cookies': 'Tout refuser', 'pageC...</msg>
<status status="PASS" starttime="20221107 23:51:04.377" endtime="20221107 23:51:04.378"/>
</kw>
<status status="PASS" starttime="20221107 23:51:04.303" endtime="20221107 23:51:04.378"/>
</kw>
<kw name="Set To Dictionary" library="Collections">
<arg>${TEMP_DICT_GLOBAL}</arg>
<arg>${numero_cas_de_test_en_cours}</arg>
<arg>${TEMP_DICT}</arg>
<doc>Adds the given ``key_value_pairs`` and ``items`` to the ``dictionary``.</doc>
<status status="PASS" starttime="20221107 23:51:04.378" endtime="20221107 23:51:04.378"/>
</kw>
<kw name="Evaluate" library="BuiltIn">
<var>${numero_cas_de_test_en_cours}</var>
<arg>${numero_cas_de_test_en_cours} + 1</arg>
<doc>Evaluates the given expression in Python and returns the result.</doc>
<msg timestamp="20221107 23:51:04.379" level="INFO">${numero_cas_de_test_en_cours} = 1</msg>
<status status="PASS" starttime="20221107 23:51:04.378" endtime="20221107 23:51:04.379"/>
</kw>
<status status="PASS" starttime="20221107 23:51:04.303" endtime="20221107 23:51:04.379"/>
</iter>
<iter>
<var name="${numero_de_la_colonne}">4</var>
<kw name="Recuperer JDD" library="jdd">
<arg>${numero_de_la_colonne}</arg>
<arg>${nb_lignes_variables}</arg>
<arg>${EXCEL_FEUILLE}</arg>
<kw name="Create Dictionary" library="BuiltIn">
<var>${TEMP_DICT}</var>
<doc>Creates and returns a dictionary based on the given ``items``.</doc>
<msg timestamp="20221107 23:51:04.379" level="INFO">${TEMP_DICT} = {}</msg>
<status status="PASS" starttime="20221107 23:51:04.379" endtime="20221107 23:51:04.379"/>
</kw>
<for flavor="IN RANGE">
<var>${cellule}</var>
<value>${nb_lignes_variables}</value>
<iter>
<var name="${cellule}">0</var>
<kw name="Evaluate" library="BuiltIn">
<var>${cellule}</var>
<arg>1 + ${cellule}</arg>
<doc>Evaluates the given expression in Python and returns the result.</doc>
<msg timestamp="20221107 23:51:04.380" level="INFO">${cellule} = 1</msg>
<status status="PASS" starttime="20221107 23:51:04.380" endtime="20221107 23:51:04.380"/>
</kw>
<kw name="Read Excel Cell" library="ExcelLibrary">
<var>${nom_var}</var>
<arg>row_num=${cellule}</arg>
<arg>col_num=1</arg>
<arg>sheet_name=${excel_feuille_liste}</arg>
<doc>Returns content of a cell.</doc>
<msg timestamp="20221107 23:51:04.381" level="INFO">${nom_var} = Nom variable</msg>
<status status="PASS" starttime="20221107 23:51:04.380" endtime="20221107 23:51:04.381"/>
</kw>
<kw name="Read Excel Cell" library="ExcelLibrary">
<var>${val_var}</var>
<arg>row_num=${cellule}</arg>
<arg>col_num=${numero_de_la_colonne}</arg>
<arg>sheet_name=${excel_feuille_liste}</arg>
<doc>Returns content of a cell.</doc>
<msg timestamp="20221107 23:51:04.381" level="INFO">${val_var} = cas_non_passant</msg>
<status status="PASS" starttime="20221107 23:51:04.381" endtime="20221107 23:51:04.381"/>
</kw>
<kw name="Set To Dictionary" library="Collections">
<arg>${TEMP_DICT}</arg>
<arg>${nom_var}</arg>
<arg>${val_var}</arg>
<doc>Adds the given ``key_value_pairs`` and ``items`` to the ``dictionary``.</doc>
<status status="PASS" starttime="20221107 23:51:04.381" endtime="20221107 23:51:04.382"/>
</kw>
<status status="PASS" starttime="20221107 23:51:04.380" endtime="20221107 23:51:04.382"/>
</iter>
<iter>
<var name="${cellule}">1</var>
<kw name="Evaluate" library="BuiltIn">
<var>${cellule}</var>
<arg>1 + ${cellule}</arg>
<doc>Evaluates the given expression in Python and returns the result.</doc>
<msg timestamp="20221107 23:51:04.382" level="INFO">${cellule} = 2</msg>
<status status="PASS" starttime="20221107 23:51:04.382" endtime="20221107 23:51:04.382"/>
</kw>
<kw name="Read Excel Cell" library="ExcelLibrary">
<var>${nom_var}</var>
<arg>row_num=${cellule}</arg>
<arg>col_num=1</arg>
<arg>sheet_name=${excel_feuille_liste}</arg>
<doc>Returns content of a cell.</doc>
<msg timestamp="20221107 23:51:04.383" level="INFO">${nom_var} = Utilisation</msg>
<status status="PASS" starttime="20221107 23:51:04.382" endtime="20221107 23:51:04.383"/>
</kw>
<kw name="Read Excel Cell" library="ExcelLibrary">
<var>${val_var}</var>
<arg>row_num=${cellule}</arg>
<arg>col_num=${numero_de_la_colonne}</arg>
<arg>sheet_name=${excel_feuille_liste}</arg>
<doc>Returns content of a cell.</doc>
<msg timestamp="20221107 23:51:04.383" level="INFO">${val_var} = Oui</msg>
<status status="PASS" starttime="20221107 23:51:04.383" endtime="20221107 23:51:04.384"/>
</kw>
<kw name="Set To Dictionary" library="Collections">
<arg>${TEMP_DICT}</arg>
<arg>${nom_var}</arg>
<arg>${val_var}</arg>
<doc>Adds the given ``key_value_pairs`` and ``items`` to the ``dictionary``.</doc>
<status status="PASS" starttime="20221107 23:51:04.384" endtime="20221107 23:51:04.384"/>
</kw>
<status status="PASS" starttime="20221107 23:51:04.382" endtime="20221107 23:51:04.384"/>
</iter>
<iter>
<var name="${cellule}">2</var>
<kw name="Evaluate" library="BuiltIn">
<var>${cellule}</var>
<arg>1 + ${cellule}</arg>
<doc>Evaluates the given expression in Python and returns the result.</doc>
<msg timestamp="20221107 23:51:04.384" level="INFO">${cellule} = 3</msg>
<status status="PASS" starttime="20221107 23:51:04.384" endtime="20221107 23:51:04.384"/>
</kw>
<kw name="Read Excel Cell" library="ExcelLibrary">
<var>${nom_var}</var>
<arg>row_num=${cellule}</arg>
<arg>col_num=1</arg>
<arg>sheet_name=${excel_feuille_liste}</arg>
<doc>Returns content of a cell.</doc>
<msg timestamp="20221107 23:51:04.385" level="INFO">${nom_var} = None</msg>
<status status="PASS" starttime="20221107 23:51:04.385" endtime="20221107 23:51:04.385"/>
</kw>
<kw name="Read Excel Cell" library="ExcelLibrary">
<var>${val_var}</var>
<arg>row_num=${cellule}</arg>
<arg>col_num=${numero_de_la_colonne}</arg>
<arg>sheet_name=${excel_feuille_liste}</arg>
<doc>Returns content of a cell.</doc>
<msg timestamp="20221107 23:51:04.386" level="INFO">${val_var} = None</msg>
<status status="PASS" starttime="20221107 23:51:04.385" endtime="20221107 23:51:04.386"/>
</kw>
<kw name="Set To Dictionary" library="Collections">
<arg>${TEMP_DICT}</arg>
<arg>${nom_var}</arg>
<arg>${val_var}</arg>
<doc>Adds the given ``key_value_pairs`` and ``items`` to the ``dictionary``.</doc>
<status status="PASS" starttime="20221107 23:51:04.386" endtime="20221107 23:51:04.386"/>
</kw>
<status status="PASS" starttime="20221107 23:51:04.384" endtime="20221107 23:51:04.386"/>
</iter>
<iter>
<var name="${cellule}">3</var>
<kw name="Evaluate" library="BuiltIn">
<var>${cellule}</var>
<arg>1 + ${cellule}</arg>
<doc>Evaluates the given expression in Python and returns the result.</doc>
<msg timestamp="20221107 23:51:04.387" level="INFO">${cellule} = 4</msg>
<status status="PASS" starttime="20221107 23:51:04.387" endtime="20221107 23:51:04.387"/>
</kw>
<kw name="Read Excel Cell" library="ExcelLibrary">
<var>${nom_var}</var>
<arg>row_num=${cellule}</arg>
<arg>col_num=1</arg>
<arg>sheet_name=${excel_feuille_liste}</arg>
<doc>Returns content of a cell.</doc>
<msg timestamp="20221107 23:51:04.387" level="INFO">${nom_var} = None</msg>
<status status="PASS" starttime="20221107 23:51:04.387" endtime="20221107 23:51:04.387"/>
</kw>
<kw name="Read Excel Cell" library="ExcelLibrary">
<var>${val_var}</var>
<arg>row_num=${cellule}</arg>
<arg>col_num=${numero_de_la_colonne}</arg>
<arg>sheet_name=${excel_feuille_liste}</arg>
<doc>Returns content of a cell.</doc>
<msg timestamp="20221107 23:51:04.388" level="INFO">${val_var} = None</msg>
<status status="PASS" starttime="20221107 23:51:04.388" endtime="20221107 23:51:04.388"/>
</kw>
<kw name="Set To Dictionary" library="Collections">
<arg>${TEMP_DICT}</arg>
<arg>${nom_var}</arg>
<arg>${val_var}</arg>
<doc>Adds the given ``key_value_pairs`` and ``items`` to the ``dictionary``.</doc>
<status status="PASS" starttime="20221107 23:51:04.388" endtime="20221107 23:51:04.388"/>
</kw>
<status status="PASS" starttime="20221107 23:51:04.386" endtime="20221107 23:51:04.389"/>
</iter>
<iter>
<var name="${cellule}">4</var>
<kw name="Evaluate" library="BuiltIn">
<var>${cellule}</var>
<arg>1 + ${cellule}</arg>
<doc>Evaluates the given expression in Python and returns the result.</doc>
<msg timestamp="20221107 23:51:04.389" level="INFO">${cellule} = 5</msg>
<status status="PASS" starttime="20221107 23:51:04.389" endtime="20221107 23:51:04.389"/>
</kw>
<kw name="Read Excel Cell" library="ExcelLibrary">
<var>${nom_var}</var>
<arg>row_num=${cellule}</arg>
<arg>col_num=1</arg>
<arg>sheet_name=${excel_feuille_liste}</arg>
<doc>Returns content of a cell.</doc>
<msg timestamp="20221107 23:51:04.390" level="INFO">${nom_var} = url</msg>
<status status="PASS" starttime="20221107 23:51:04.389" endtime="20221107 23:51:04.390"/>
</kw>
<kw name="Read Excel Cell" library="ExcelLibrary">
<var>${val_var}</var>
<arg>row_num=${cellule}</arg>
<arg>col_num=${numero_de_la_colonne}</arg>
<arg>sheet_name=${excel_feuille_liste}</arg>
<doc>Returns content of a cell.</doc>
<msg timestamp="20221107 23:51:04.390" level="INFO">${val_var} = https://www.saunierduval.fr/particulier/</msg>
<status status="PASS" starttime="20221107 23:51:04.390" endtime="20221107 23:51:04.390"/>
</kw>
<kw name="Set To Dictionary" library="Collections">
<arg>${TEMP_DICT}</arg>
<arg>${nom_var}</arg>
<arg>${val_var}</arg>
<doc>Adds the given ``key_value_pairs`` and ``items`` to the ``dictionary``.</doc>
<status status="PASS" starttime="20221107 23:51:04.390" endtime="20221107 23:51:04.391"/>
</kw>
<status status="PASS" starttime="20221107 23:51:04.389" endtime="20221107 23:51:04.391"/>
</iter>
<iter>
<var name="${cellule}">5</var>
<kw name="Evaluate" library="BuiltIn">
<var>${cellule}</var>
<arg>1 + ${cellule}</arg>
<doc>Evaluates the given expression in Python and returns the result.</doc>
<msg timestamp="20221107 23:51:04.391" level="INFO">${cellule} = 6</msg>
<status status="PASS" starttime="20221107 23:51:04.391" endtime="20221107 23:51:04.391"/>
</kw>
<kw name="Read Excel Cell" library="ExcelLibrary">
<var>${nom_var}</var>
<arg>row_num=${cellule}</arg>
<arg>col_num=1</arg>
<arg>sheet_name=${excel_feuille_liste}</arg>
<doc>Returns content of a cell.</doc>
<msg timestamp="20221107 23:51:04.392" level="INFO">${nom_var} = browser</msg>
<status status="PASS" starttime="20221107 23:51:04.391" endtime="20221107 23:51:04.392"/>
</kw>
<kw name="Read Excel Cell" library="ExcelLibrary">
<var>${val_var}</var>
<arg>row_num=${cellule}</arg>
<arg>col_num=${numero_de_la_colonne}</arg>
<arg>sheet_name=${excel_feuille_liste}</arg>
<doc>Returns content of a cell.</doc>
<msg timestamp="20221107 23:51:04.392" level="INFO">${val_var} = chrome</msg>
<status status="PASS" starttime="20221107 23:51:04.392" endtime="20221107 23:51:04.392"/>
</kw>
<kw name="Set To Dictionary" library="Collections">
<arg>${TEMP_DICT}</arg>
<arg>${nom_var}</arg>
<arg>${val_var}</arg>
<doc>Adds the given ``key_value_pairs`` and ``items`` to the ``dictionary``.</doc>
<status status="PASS" starttime="20221107 23:51:04.393" endtime="20221107 23:51:04.393"/>
</kw>
<status status="PASS" starttime="20221107 23:51:04.391" endtime="20221107 23:51:04.393"/>
</iter>
<iter>
<var name="${cellule}">6</var>
<kw name="Evaluate" library="BuiltIn">
<var>${cellule}</var>
<arg>1 + ${cellule}</arg>
<doc>Evaluates the given expression in Python and returns the result.</doc>
<msg timestamp="20221107 23:51:04.393" level="INFO">${cellule} = 7</msg>
<status status="PASS" starttime="20221107 23:51:04.393" endtime="20221107 23:51:04.393"/>
</kw>
<kw name="Read Excel Cell" library="ExcelLibrary">
<var>${nom_var}</var>
<arg>row_num=${cellule}</arg>
<arg>col_num=1</arg>
<arg>sheet_name=${excel_feuille_liste}</arg>
<doc>Returns content of a cell.</doc>
<msg timestamp="20221107 23:51:04.394" level="INFO">${nom_var} = pageAccueil</msg>
<status status="PASS" starttime="20221107 23:51:04.393" endtime="20221107 23:51:04.394"/>
</kw>
<kw name="Read Excel Cell" library="ExcelLibrary">
<var>${val_var}</var>
<arg>row_num=${cellule}</arg>
<arg>col_num=${numero_de_la_colonne}</arg>
<arg>sheet_name=${excel_feuille_liste}</arg>
<doc>Returns content of a cell.</doc>
<msg timestamp="20221107 23:51:04.394" level="INFO">${val_var} = None</msg>
<status status="PASS" starttime="20221107 23:51:04.394" endtime="20221107 23:51:04.395"/>
</kw>
<kw name="Set To Dictionary" library="Collections">
<arg>${TEMP_DICT}</arg>
<arg>${nom_var}</arg>
<arg>${val_var}</arg>
<doc>Adds the given ``key_value_pairs`` and ``items`` to the ``dictionary``.</doc>
<status status="PASS" starttime="20221107 23:51:04.395" endtime="20221107 23:51:04.395"/>
</kw>
<status status="PASS" starttime="20221107 23:51:04.393" endtime="20221107 23:51:04.395"/>
</iter>
<iter>
<var name="${cellule}">7</var>
<kw name="Evaluate" library="BuiltIn">
<var>${cellule}</var>
<arg>1 + ${cellule}</arg>
<doc>Evaluates the given expression in Python and returns the result.</doc>
<msg timestamp="20221107 23:51:04.395" level="INFO">${cellule} = 8</msg>
<status status="PASS" starttime="20221107 23:51:04.395" endtime="20221107 23:51:04.395"/>
</kw>
<kw name="Read Excel Cell" library="ExcelLibrary">
<var>${nom_var}</var>
<arg>row_num=${cellule}</arg>
<arg>col_num=1</arg>
<arg>sheet_name=${excel_feuille_liste}</arg>
<doc>Returns content of a cell.</doc>
<msg timestamp="20221107 23:51:04.396" level="INFO">${nom_var} = choisir_cookies</msg>
<status status="PASS" starttime="20221107 23:51:04.395" endtime="20221107 23:51:04.396"/>
</kw>
<kw name="Read Excel Cell" library="ExcelLibrary">
<var>${val_var}</var>
<arg>row_num=${cellule}</arg>
<arg>col_num=${numero_de_la_colonne}</arg>
<arg>sheet_name=${excel_feuille_liste}</arg>
<doc>Returns content of a cell.</doc>
<msg timestamp="20221107 23:51:04.397" level="INFO">${val_var} = Tout refuser</msg>
<status status="PASS" starttime="20221107 23:51:04.396" endtime="20221107 23:51:04.397"/>
</kw>
<kw name="Set To Dictionary" library="Collections">
<arg>${TEMP_DICT}</arg>
<arg>${nom_var}</arg>
<arg>${val_var}</arg>
<doc>Adds the given ``key_value_pairs`` and ``items`` to the ``dictionary``.</doc>
<status status="PASS" starttime="20221107 23:51:04.397" endtime="20221107 23:51:04.397"/>
</kw>
<status status="PASS" starttime="20221107 23:51:04.395" endtime="20221107 23:51:04.397"/>
</iter>
<iter>
<var name="${cellule}">8</var>
<kw name="Evaluate" library="BuiltIn">
<var>${cellule}</var>
<arg>1 + ${cellule}</arg>
<doc>Evaluates the given expression in Python and returns the result.</doc>
<msg timestamp="20221107 23:51:04.397" level="INFO">${cellule} = 9</msg>
<status status="PASS" starttime="20221107 23:51:04.397" endtime="20221107 23:51:04.397"/>
</kw>
<kw name="Read Excel Cell" library="ExcelLibrary">
<var>${nom_var}</var>
<arg>row_num=${cellule}</arg>
<arg>col_num=1</arg>
<arg>sheet_name=${excel_feuille_liste}</arg>
<doc>Returns content of a cell.</doc>
<msg timestamp="20221107 23:51:04.398" level="INFO">${nom_var} = pageConfiguration_produit</msg>
<status status="PASS" starttime="20221107 23:51:04.398" endtime="20221107 23:51:04.398"/>
</kw>
<kw name="Read Excel Cell" library="ExcelLibrary">
<var>${val_var}</var>
<arg>row_num=${cellule}</arg>
<arg>col_num=${numero_de_la_colonne}</arg>
<arg>sheet_name=${excel_feuille_liste}</arg>
<doc>Returns content of a cell.</doc>
<msg timestamp="20221107 23:51:04.399" level="INFO">${val_var} = None</msg>
<status status="PASS" starttime="20221107 23:51:04.398" endtime="20221107 23:51:04.399"/>
</kw>
<kw name="Set To Dictionary" library="Collections">
<arg>${TEMP_DICT}</arg>
<arg>${nom_var}</arg>
<arg>${val_var}</arg>
<doc>Adds the given ``key_value_pairs`` and ``items`` to the ``dictionary``.</doc>
<status status="PASS" starttime="20221107 23:51:04.399" endtime="20221107 23:51:04.399"/>
</kw>
<status status="PASS" starttime="20221107 23:51:04.397" endtime="20221107 23:51:04.399"/>
</iter>
<iter>
<var name="${cellule}">9</var>
<kw name="Evaluate" library="BuiltIn">
<var>${cellule}</var>
<arg>1 + ${cellule}</arg>
<doc>Evaluates the given expression in Python and returns the result.</doc>
<msg timestamp="20221107 23:51:04.400" level="INFO">${cellule} = 10</msg>
<status status="PASS" starttime="20221107 23:51:04.400" endtime="20221107 23:51:04.400"/>
</kw>
<kw name="Read Excel Cell" library="ExcelLibrary">
<var>${nom_var}</var>
<arg>row_num=${cellule}</arg>
<arg>col_num=1</arg>
<arg>sheet_name=${excel_feuille_liste}</arg>
<doc>Returns content of a cell.</doc>
<msg timestamp="20221107 23:51:04.401" level="INFO">${nom_var} = type_de_chauffage_actuel</msg>
<status status="PASS" starttime="20221107 23:51:04.400" endtime="20221107 23:51:04.401"/>
</kw>
<kw name="Read Excel Cell" library="ExcelLibrary">
<var>${val_var}</var>
<arg>row_num=${cellule}</arg>
<arg>col_num=${numero_de_la_colonne}</arg>
<arg>sheet_name=${excel_feuille_liste}</arg>
<doc>Returns content of a cell.</doc>
<msg timestamp="20221107 23:51:04.401" level="INFO">${val_var} = Fioul</msg>
<status status="PASS" starttime="20221107 23:51:04.401" endtime="20221107 23:51:04.401"/>
</kw>
<kw name="Set To Dictionary" library="Collections">
<arg>${TEMP_DICT}</arg>
<arg>${nom_var}</arg>
<arg>${val_var}</arg>
<doc>Adds the given ``key_value_pairs`` and ``items`` to the ``dictionary``.</doc>
<status status="PASS" starttime="20221107 23:51:04.401" endtime="20221107 23:51:04.402"/>
</kw>
<status status="PASS" starttime="20221107 23:51:04.399" endtime="20221107 23:51:04.402"/>
</iter>
<iter>
<var name="${cellule}">10</var>
<kw name="Evaluate" library="BuiltIn">
<var>${cellule}</var>
<arg>1 + ${cellule}</arg>
<doc>Evaluates the given expression in Python and returns the result.</doc>
<msg timestamp="20221107 23:51:04.402" level="INFO">${cellule} = 11</msg>
<status status="PASS" starttime="20221107 23:51:04.402" endtime="20221107 23:51:04.402"/>
</kw>
<kw name="Read Excel Cell" library="ExcelLibrary">
<var>${nom_var}</var>
<arg>row_num=${cellule}</arg>
<arg>col_num=1</arg>
<arg>sheet_name=${excel_feuille_liste}</arg>
<doc>Returns content of a cell.</doc>
<msg timestamp="20221107 23:51:04.403" level="INFO">${nom_var} = type_de_chauffage_souhaite</msg>
<status status="PASS" starttime="20221107 23:51:04.402" endtime="20221107 23:51:04.403"/>
</kw>
<kw name="Read Excel Cell" library="ExcelLibrary">
<var>${val_var}</var>
<arg>row_num=${cellule}</arg>
<arg>col_num=${numero_de_la_colonne}</arg>
<arg>sheet_name=${excel_feuille_liste}</arg>
<doc>Returns content of a cell.</doc>
<msg timestamp="20221107 23:51:04.404" level="INFO">${val_var} = Pompe a velo</msg>
<status status="PASS" starttime="20221107 23:51:04.403" endtime="20221107 23:51:04.404"/>
</kw>
<kw name="Set To Dictionary" library="Collections">
<arg>${TEMP_DICT}</arg>
<arg>${nom_var}</arg>
<arg>${val_var}</arg>
<doc>Adds the given ``key_value_pairs`` and ``items`` to the ``dictionary``.</doc>
<status status="PASS" starttime="20221107 23:51:04.404" endtime="20221107 23:51:04.404"/>
</kw>
<status status="PASS" starttime="20221107 23:51:04.402" endtime="20221107 23:51:04.404"/>
</iter>
<iter>
<var name="${cellule}">11</var>
<kw name="Evaluate" library="BuiltIn">
<var>${cellule}</var>
<arg>1 + ${cellule}</arg>
<doc>Evaluates the given expression in Python and returns the result.</doc>
<msg timestamp="20221107 23:51:04.404" level="INFO">${cellule} = 12</msg>
<status status="PASS" starttime="20221107 23:51:04.404" endtime="20221107 23:51:04.404"/>
</kw>
<kw name="Read Excel Cell" library="ExcelLibrary">
<var>${nom_var}</var>
<arg>row_num=${cellule}</arg>
<arg>col_num=1</arg>
<arg>sheet_name=${excel_feuille_liste}</arg>
<doc>Returns content of a cell.</doc>
<msg timestamp="20221107 23:51:04.404" level="INFO">${nom_var} = emetteur_de_chaleur_actuels</msg>
<status status="PASS" starttime="20221107 23:51:04.404" endtime="20221107 23:51:04.404"/>
</kw>
<kw name="Read Excel Cell" library="ExcelLibrary">
<var>${val_var}</var>
<arg>row_num=${cellule}</arg>
<arg>col_num=${numero_de_la_colonne}</arg>
<arg>sheet_name=${excel_feuille_liste}</arg>
<doc>Returns content of a cell.</doc>
<msg timestamp="20221107 23:51:04.404" level="INFO">${val_var} = Chauffage au sol</msg>
<status status="PASS" starttime="20221107 23:51:04.404" endtime="20221107 23:51:04.404"/>
</kw>
<kw name="Set To Dictionary" library="Collections">
<arg>${TEMP_DICT}</arg>
<arg>${nom_var}</arg>
<arg>${val_var}</arg>
<doc>Adds the given ``key_value_pairs`` and ``items`` to the ``dictionary``.</doc>
<status status="PASS" starttime="20221107 23:51:04.404" endtime="20221107 23:51:04.404"/>
</kw>
<status status="PASS" starttime="20221107 23:51:04.404" endtime="20221107 23:51:04.404"/>
</iter>
<iter>
<var name="${cellule}">12</var>
<kw name="Evaluate" library="BuiltIn">
<var>${cellule}</var>
<arg>1 + ${cellule}</arg>
<doc>Evaluates the given expression in Python and returns the result.</doc>
<msg timestamp="20221107 23:51:04.404" level="INFO">${cellule} = 13</msg>
<status status="PASS" starttime="20221107 23:51:04.404" endtime="20221107 23:51:04.404"/>
</kw>
<kw name="Read Excel Cell" library="ExcelLibrary">
<var>${nom_var}</var>
<arg>row_num=${cellule}</arg>
<arg>col_num=1</arg>
<arg>sheet_name=${excel_feuille_liste}</arg>
<doc>Returns content of a cell.</doc>
<msg timestamp="20221107 23:51:04.404" level="INFO">${nom_var} = type_de_logement</msg>
<status status="PASS" starttime="20221107 23:51:04.404" endtime="20221107 23:51:04.404"/>
</kw>
<kw name="Read Excel Cell" library="ExcelLibrary">
<var>${val_var}</var>
<arg>row_num=${cellule}</arg>
<arg>col_num=${numero_de_la_colonne}</arg>
<arg>sheet_name=${excel_feuille_liste}</arg>
<doc>Returns content of a cell.</doc>
<msg timestamp="20221107 23:51:04.404" level="INFO">${val_var} = Maison individuelle</msg>
<status status="PASS" starttime="20221107 23:51:04.404" endtime="20221107 23:51:04.404"/>
</kw>
<kw name="Set To Dictionary" library="Collections">
<arg>${TEMP_DICT}</arg>
<arg>${nom_var}</arg>
<arg>${val_var}</arg>
<doc>Adds the given ``key_value_pairs`` and ``items`` to the ``dictionary``.</doc>
<status status="PASS" starttime="20221107 23:51:04.404" endtime="20221107 23:51:04.404"/>
</kw>
<status status="PASS" starttime="20221107 23:51:04.404" endtime="20221107 23:51:04.404"/>
</iter>
<iter>
<var name="${cellule}">13</var>
<kw name="Evaluate" library="BuiltIn">
<var>${cellule}</var>
<arg>1 + ${cellule}</arg>
<doc>Evaluates the given expression in Python and returns the result.</doc>
<msg timestamp="20221107 23:51:04.404" level="INFO">${cellule} = 14</msg>
<status status="PASS" starttime="20221107 23:51:04.404" endtime="20221107 23:51:04.404"/>
</kw>
<kw name="Read Excel Cell" library="ExcelLibrary">
<var>${nom_var}</var>
<arg>row_num=${cellule}</arg>
<arg>col_num=1</arg>
<arg>sheet_name=${excel_feuille_liste}</arg>
<doc>Returns content of a cell.</doc>
<msg timestamp="20221107 23:51:04.404" level="INFO">${nom_var} = annee_de_construction</msg>
<status status="PASS" starttime="20221107 23:51:04.404" endtime="20221107 23:51:04.404"/>
</kw>
<kw name="Read Excel Cell" library="ExcelLibrary">
<var>${val_var}</var>
<arg>row_num=${cellule}</arg>
<arg>col_num=${numero_de_la_colonne}</arg>
<arg>sheet_name=${excel_feuille_liste}</arg>
<doc>Returns content of a cell.</doc>
<msg timestamp="20221107 23:51:04.404" level="INFO">${val_var} = 2002-2007</msg>
<status status="PASS" starttime="20221107 23:51:04.404" endtime="20221107 23:51:04.404"/>
</kw>
<kw name="Set To Dictionary" library="Collections">
<arg>${TEMP_DICT}</arg>
<arg>${nom_var}</arg>
<arg>${val_var}</arg>
<doc>Adds the given ``key_value_pairs`` and ``items`` to the ``dictionary``.</doc>
<status status="PASS" starttime="20221107 23:51:04.404" endtime="20221107 23:51:04.404"/>
</kw>
<status status="PASS" starttime="20221107 23:51:04.404" endtime="20221107 23:51:04.404"/>
</iter>
<iter>
<var name="${cellule}">14</var>
<kw name="Evaluate" library="BuiltIn">
<var>${cellule}</var>
<arg>1 + ${cellule}</arg>
<doc>Evaluates the given expression in Python and returns the result.</doc>
<msg timestamp="20221107 23:51:04.404" level="INFO">${cellule} = 15</msg>
<status status="PASS" starttime="20221107 23:51:04.404" endtime="20221107 23:51:04.404"/>
</kw>
<kw name="Read Excel Cell" library="ExcelLibrary">
<var>${nom_var}</var>
<arg>row_num=${cellule}</arg>
<arg>col_num=1</arg>
<arg>sheet_name=${excel_feuille_liste}</arg>
<doc>Returns content of a cell.</doc>
<msg timestamp="20221107 23:51:04.404" level="INFO">${nom_var} = type_renovation</msg>
<status status="PASS" starttime="20221107 23:51:04.404" endtime="20221107 23:51:04.404"/>
</kw>
<kw name="Read Excel Cell" library="ExcelLibrary">
<var>${val_var}</var>
<arg>row_num=${cellule}</arg>
<arg>col_num=${numero_de_la_colonne}</arg>
<arg>sheet_name=${excel_feuille_liste}</arg>
<doc>Returns content of a cell.</doc>
<msg timestamp="20221107 23:51:04.404" level="INFO">${val_var} = Toiture</msg>
<status status="PASS" starttime="20221107 23:51:04.404" endtime="20221107 23:51:04.404"/>
</kw>
<kw name="Set To Dictionary" library="Collections">
<arg>${TEMP_DICT}</arg>
<arg>${nom_var}</arg>
<arg>${val_var}</arg>
<doc>Adds the given ``key_value_pairs`` and ``items`` to the ``dictionary``.</doc>
<status status="PASS" starttime="20221107 23:51:04.404" endtime="20221107 23:51:04.404"/>
</kw>
<status status="PASS" starttime="20221107 23:51:04.404" endtime="20221107 23:51:04.404"/>
</iter>
<iter>
<var name="${cellule}">15</var>
<kw name="Evaluate" library="BuiltIn">
<var>${cellule}</var>
<arg>1 + ${cellule}</arg>
<doc>Evaluates the given expression in Python and returns the result.</doc>
<msg timestamp="20221107 23:51:04.404" level="INFO">${cellule} = 16</msg>
<status status="PASS" starttime="20221107 23:51:04.404" endtime="20221107 23:51:04.404"/>
</kw>
<kw name="Read Excel Cell" library="ExcelLibrary">
<var>${nom_var}</var>
<arg>row_num=${cellule}</arg>
<arg>col_num=1</arg>
<arg>sheet_name=${excel_feuille_liste}</arg>
<doc>Returns content of a cell.</doc>
<msg timestamp="20221107 23:51:04.404" level="INFO">${nom_var} = surface_habitable</msg>
<status status="PASS" starttime="20221107 23:51:04.404" endtime="20221107 23:51:04.404"/>
</kw>
<kw name="Read Excel Cell" library="ExcelLibrary">
<var>${val_var}</var>
<arg>row_num=${cellule}</arg>
<arg>col_num=${numero_de_la_colonne}</arg>
<arg>sheet_name=${excel_feuille_liste}</arg>
<doc>Returns content of a cell.</doc>
<msg timestamp="20221107 23:51:04.404" level="INFO">${val_var} = 10</msg>
<status status="PASS" starttime="20221107 23:51:04.404" endtime="20221107 23:51:04.404"/>
</kw>
<kw name="Set To Dictionary" library="Collections">
<arg>${TEMP_DICT}</arg>
<arg>${nom_var}</arg>
<arg>${val_var}</arg>
<doc>Adds the given ``key_value_pairs`` and ``items`` to the ``dictionary``.</doc>
<status status="PASS" starttime="20221107 23:51:04.404" endtime="20221107 23:51:04.404"/>
</kw>
<status status="PASS" starttime="20221107 23:51:04.404" endtime="20221107 23:51:04.404"/>
</iter>
<iter>
<var name="${cellule}">16</var>
<kw name="Evaluate" library="BuiltIn">
<var>${cellule}</var>
<arg>1 + ${cellule}</arg>
<doc>Evaluates the given expression in Python and returns the result.</doc>
<msg timestamp="20221107 23:51:04.404" level="INFO">${cellule} = 17</msg>
<status status="PASS" starttime="20221107 23:51:04.404" endtime="20221107 23:51:04.404"/>
</kw>
<kw name="Read Excel Cell" library="ExcelLibrary">
<var>${nom_var}</var>
<arg>row_num=${cellule}</arg>
<arg>col_num=1</arg>
<arg>sheet_name=${excel_feuille_liste}</arg>
<doc>Returns content of a cell.</doc>
<msg timestamp="20221107 23:51:04.404" level="INFO">${nom_var} = civilite</msg>
<status status="PASS" starttime="20221107 23:51:04.404" endtime="20221107 23:51:04.404"/>
</kw>
<kw name="Read Excel Cell" library="ExcelLibrary">
<var>${val_var}</var>
<arg>row_num=${cellule}</arg>
<arg>col_num=${numero_de_la_colonne}</arg>
<arg>sheet_name=${excel_feuille_liste}</arg>
<doc>Returns content of a cell.</doc>
<msg timestamp="20221107 23:51:04.404" level="INFO">${val_var} = M.</msg>
<status status="PASS" starttime="20221107 23:51:04.404" endtime="20221107 23:51:04.404"/>
</kw>
<kw name="Set To Dictionary" library="Collections">
<arg>${TEMP_DICT}</arg>
<arg>${nom_var}</arg>
<arg>${val_var}</arg>
<doc>Adds the given ``key_value_pairs`` and ``items`` to the ``dictionary``.</doc>
<status status="PASS" starttime="20221107 23:51:04.404" endtime="20221107 23:51:04.404"/>
</kw>
<status status="PASS" starttime="20221107 23:51:04.404" endtime="20221107 23:51:04.404"/>
</iter>
<iter>
<var name="${cellule}">17</var>
<kw name="Evaluate" library="BuiltIn">
<var>${cellule}</var>
<arg>1 + ${cellule}</arg>
<doc>Evaluates the given expression in Python and returns the result.</doc>
<msg timestamp="20221107 23:51:04.404" level="INFO">${cellule} = 18</msg>
<status status="PASS" starttime="20221107 23:51:04.404" endtime="20221107 23:51:04.404"/>
</kw>
<kw name="Read Excel Cell" library="ExcelLibrary">
<var>${nom_var}</var>
<arg>row_num=${cellule}</arg>
<arg>col_num=1</arg>
<arg>sheet_name=${excel_feuille_liste}</arg>
<doc>Returns content of a cell.</doc>
<msg timestamp="20221107 23:51:04.404" level="INFO">${nom_var} = prenom</msg>
<status status="PASS" starttime="20221107 23:51:04.404" endtime="20221107 23:51:04.404"/>
</kw>
<kw name="Read Excel Cell" library="ExcelLibrary">
<var>${val_var}</var>
<arg>row_num=${cellule}</arg>
<arg>col_num=${numero_de_la_colonne}</arg>
<arg>sheet_name=${excel_feuille_liste}</arg>
<doc>Returns content of a cell.</doc>
<msg timestamp="20221107 23:51:04.404" level="INFO">${val_var} = nini</msg>
<status status="PASS" starttime="20221107 23:51:04.404" endtime="20221107 23:51:04.404"/>
</kw>
<kw name="Set To Dictionary" library="Collections">
<arg>${TEMP_DICT}</arg>
<arg>${nom_var}</arg>
<arg>${val_var}</arg>
<doc>Adds the given ``key_value_pairs`` and ``items`` to the ``dictionary``.</doc>
<status status="PASS" starttime="20221107 23:51:04.404" endtime="20221107 23:51:04.404"/>
</kw>
<status status="PASS" starttime="20221107 23:51:04.404" endtime="20221107 23:51:04.404"/>
</iter>
<iter>
<var name="${cellule}">18</var>
<kw name="Evaluate" library="BuiltIn">
<var>${cellule}</var>
<arg>1 + ${cellule}</arg>
<doc>Evaluates the given expression in Python and returns the result.</doc>
<msg timestamp="20221107 23:51:04.420" level="INFO">${cellule} = 19</msg>
<status status="PASS" starttime="20221107 23:51:04.420" endtime="20221107 23:51:04.420"/>
</kw>
<kw name="Read Excel Cell" library="ExcelLibrary">
<var>${nom_var}</var>
<arg>row_num=${cellule}</arg>
<arg>col_num=1</arg>
<arg>sheet_name=${excel_feuille_liste}</arg>
<doc>Returns content of a cell.</doc>
<msg timestamp="20221107 23:51:04.420" level="INFO">${nom_var} = nom</msg>
<status status="PASS" starttime="20221107 23:51:04.420" endtime="20221107 23:51:04.420"/>
</kw>
<kw name="Read Excel Cell" library="ExcelLibrary">
<var>${val_var}</var>
<arg>row_num=${cellule}</arg>
<arg>col_num=${numero_de_la_colonne}</arg>
<arg>sheet_name=${excel_feuille_liste}</arg>
<doc>Returns content of a cell.</doc>
<msg timestamp="20221107 23:51:04.421" level="INFO">${val_var} = nono</msg>
<status status="PASS" starttime="20221107 23:51:04.420" endtime="20221107 23:51:04.421"/>
</kw>
<kw name="Set To Dictionary" library="Collections">
<arg>${TEMP_DICT}</arg>
<arg>${nom_var}</arg>
<arg>${val_var}</arg>
<doc>Adds the given ``key_value_pairs`` and ``items`` to the ``dictionary``.</doc>
<status status="PASS" starttime="20221107 23:51:04.421" endtime="20221107 23:51:04.421"/>
</kw>
<status status="PASS" starttime="20221107 23:51:04.404" endtime="20221107 23:51:04.421"/>
</iter>
<iter>
<var name="${cellule}">19</var>
<kw name="Evaluate" library="BuiltIn">
<var>${cellule}</var>
<arg>1 + ${cellule}</arg>
<doc>Evaluates the given expression in Python and returns the result.</doc>
<msg timestamp="20221107 23:51:04.422" level="INFO">${cellule} = 20</msg>
<status status="PASS" starttime="20221107 23:51:04.422" endtime="20221107 23:51:04.422"/>
</kw>
<kw name="Read Excel Cell" library="ExcelLibrary">
<var>${nom_var}</var>
<arg>row_num=${cellule}</arg>
<arg>col_num=1</arg>
<arg>sheet_name=${excel_feuille_liste}</arg>
<doc>Returns content of a cell.</doc>
<msg timestamp="20221107 23:51:04.422" level="INFO">${nom_var} = mail</msg>
<status status="PASS" starttime="20221107 23:51:04.422" endtime="20221107 23:51:04.422"/>
</kw>
<kw name="Read Excel Cell" library="ExcelLibrary">
<var>${val_var}</var>
<arg>row_num=${cellule}</arg>
<arg>col_num=${numero_de_la_colonne}</arg>
<arg>sheet_name=${excel_feuille_liste}</arg>
<doc>Returns content of a cell.</doc>
<msg timestamp="20221107 23:51:04.423" level="INFO">${val_var} = nono@nini.fr</msg>
<status status="PASS" starttime="20221107 23:51:04.422" endtime="20221107 23:51:04.423"/>
</kw>
<kw name="Set To Dictionary" library="Collections">
<arg>${TEMP_DICT}</arg>
<arg>${nom_var}</arg>
<arg>${val_var}</arg>
<doc>Adds the given ``key_value_pairs`` and ``items`` to the ``dictionary``.</doc>
<status status="PASS" starttime="20221107 23:51:04.423" endtime="20221107 23:51:04.423"/>
</kw>
<status status="PASS" starttime="20221107 23:51:04.421" endtime="20221107 23:51:04.423"/>
</iter>
<iter>
<var name="${cellule}">20</var>
<kw name="Evaluate" library="BuiltIn">
<var>${cellule}</var>
<arg>1 + ${cellule}</arg>
<doc>Evaluates the given expression in Python and returns the result.</doc>
<msg timestamp="20221107 23:51:04.424" level="INFO">${cellule} = 21</msg>
<status status="PASS" starttime="20221107 23:51:04.424" endtime="20221107 23:51:04.424"/>
</kw>
<kw name="Read Excel Cell" library="ExcelLibrary">
<var>${nom_var}</var>
<arg>row_num=${cellule}</arg>
<arg>col_num=1</arg>
<arg>sheet_name=${excel_feuille_liste}</arg>
<doc>Returns content of a cell.</doc>
<msg timestamp="20221107 23:51:04.424" level="INFO">${nom_var} = numero_de_telephone</msg>
<status status="PASS" starttime="20221107 23:51:04.424" endtime="20221107 23:51:04.424"/>
</kw>
<kw name="Read Excel Cell" library="ExcelLibrary">
<var>${val_var}</var>
<arg>row_num=${cellule}</arg>
<arg>col_num=${numero_de_la_colonne}</arg>
<arg>sheet_name=${excel_feuille_liste}</arg>
<doc>Returns content of a cell.</doc>
<msg timestamp="20221107 23:51:04.424" level="INFO">${val_var} = 0611111111</msg>
<status status="PASS" starttime="20221107 23:51:04.424" endtime="20221107 23:51:04.424"/>
</kw>
<kw name="Set To Dictionary" library="Collections">
<arg>${TEMP_DICT}</arg>
<arg>${nom_var}</arg>
<arg>${val_var}</arg>
<doc>Adds the given ``key_value_pairs`` and ``items`` to the ``dictionary``.</doc>
<status status="PASS" starttime="20221107 23:51:04.424" endtime="20221107 23:51:04.424"/>
</kw>
<status status="PASS" starttime="20221107 23:51:04.423" endtime="20221107 23:51:04.424"/>
</iter>
<iter>
<var name="${cellule}">21</var>
<kw name="Evaluate" library="BuiltIn">
[...]
<msg timestamp="20221107 23:51:25.545" level="INFO">${var} = code_postal</msg>
<status status="PASS" starttime="20221107 23:51:25.545" endtime="20221107 23:51:25.545"/>
</kw>
<kw name="Set Test Variable" library="BuiltIn">
<arg>${index}</arg>
<arg>${dico}[${index}]</arg>
<doc>Makes a variable available everywhere within the scope of the current test.</doc>
<msg timestamp="20221107 23:51:25.545" level="INFO">${index} = 49100</msg>
<status status="PASS" starttime="20221107 23:51:25.545" endtime="20221107 23:51:25.545"/>
</kw>
<kw name="Set Test Variable" library="BuiltIn">
<arg>${${var}}</arg>
<arg>${index}</arg>
<doc>Makes a variable available everywhere within the scope of the current test.</doc>
<msg timestamp="20221107 23:51:25.547" level="INFO">${code_postal} = 49100</msg>
<status status="PASS" starttime="20221107 23:51:25.545" endtime="20221107 23:51:25.547"/>
</kw>
<status status="PASS" starttime="20221107 23:51:25.545" endtime="20221107 23:51:25.547"/>
</iter>
<iter>
<var name="${index}">ville</var>
<kw name="Set Variable" library="BuiltIn">
<var>${var}</var>
<arg>${index}</arg>
<doc>Returns the given values which can then be assigned to a variables.</doc>
<msg timestamp="20221107 23:51:25.547" level="INFO">${var} = ville</msg>
<status status="PASS" starttime="20221107 23:51:25.547" endtime="20221107 23:51:25.547"/>
</kw>
<kw name="Set Test Variable" library="BuiltIn">
<arg>${index}</arg>
<arg>${dico}[${index}]</arg>
<doc>Makes a variable available everywhere within the scope of the current test.</doc>
<msg timestamp="20221107 23:51:25.548" level="INFO">${index} = Nantes</msg>
<status status="PASS" starttime="20221107 23:51:25.547" endtime="20221107 23:51:25.550"/>
</kw>
<kw name="Set Test Variable" library="BuiltIn">
<arg>${${var}}</arg>
<arg>${index}</arg>
<doc>Makes a variable available everywhere within the scope of the current test.</doc>
<msg timestamp="20221107 23:51:25.552" level="INFO">${ville} = Nantes</msg>
<status status="PASS" starttime="20221107 23:51:25.550" endtime="20221107 23:51:25.552"/>
</kw>
<status status="PASS" starttime="20221107 23:51:25.547" endtime="20221107 23:51:25.552"/>
</iter>
<iter>
<var name="${index}">date_de_rendez_vous_souhaite</var>
<kw name="Set Variable" library="BuiltIn">
<var>${var}</var>
<arg>${index}</arg>
<doc>Returns the given values which can then be assigned to a variables.</doc>
<msg timestamp="20221107 23:51:25.552" level="INFO">${var} = date_de_rendez_vous_souhaite</msg>
<status status="PASS" starttime="20221107 23:51:25.552" endtime="20221107 23:51:25.552"/>
</kw>
<kw name="Set Test Variable" library="BuiltIn">
<arg>${index}</arg>
<arg>${dico}[${index}]</arg>
<doc>Makes a variable available everywhere within the scope of the current test.</doc>
<msg timestamp="20221107 23:51:25.553" level="INFO">${index} = 01/01/2024</msg>
<status status="PASS" starttime="20221107 23:51:25.553" endtime="20221107 23:51:25.553"/>
</kw>
<kw name="Set Test Variable" library="BuiltIn">
<arg>${${var}}</arg>
<arg>${index}</arg>
<doc>Makes a variable available everywhere within the scope of the current test.</doc>
<msg timestamp="20221107 23:51:25.554" level="INFO">${date_de_rendez_vous_souhaite} = 01/01/2024</msg>
<status status="PASS" starttime="20221107 23:51:25.553" endtime="20221107 23:51:25.554"/>
</kw>
<status status="PASS" starttime="20221107 23:51:25.552" endtime="20221107 23:51:25.554"/>
</iter>
<status status="PASS" starttime="20221107 23:51:25.484" endtime="20221107 23:51:25.554"/>
</for>
<status status="PASS" starttime="20221107 23:51:25.472" endtime="20221107 23:51:25.554"/>
</kw>
<kw name="Parcours configurateur de produit" library="test_auto">
<kw name="Connexion au site" library="commun">
<kw name="Open Browser" library="SeleniumLibrary">
<arg>${url}</arg>
<arg>${browser}</arg>
<doc>Opens a new browser instance to the optional ``url``.</doc>
<msg timestamp="20221107 23:51:25.556" level="INFO">Opening browser 'chrome' to base url 'https://www.saunierduval.fr/particulier/'.</msg>
<status status="PASS" starttime="20221107 23:51:25.556" endtime="20221107 23:51:29.160"/>
</kw>
<kw name="Maximize Browser Window" library="SeleniumLibrary">
<doc>Maximizes current browser window.</doc>
<status status="PASS" starttime="20221107 23:51:29.161" endtime="20221107 23:51:29.297"/>
</kw>
<kw name="Choisir utilisation des cookies" library="commun">
<kw name="Cliquer sur element" library="commun">
<arg>locator=//*[@id="cookiewarning"]//a[contains(text(), "${choisir_cookies}")]</arg>
<kw name="Wait Until Page Contains Element" library="SeleniumLibrary">
<arg>locator=${locator}</arg>
<arg>error=Element non present sur la page</arg>
<doc>Waits until the element ``locator`` appears on the current page.</doc>
<status status="PASS" starttime="20221107 23:51:29.305" endtime="20221107 23:51:29.359"/>
</kw>
<kw name="Scroller vers element" library="commun">
<arg>locator=${locator}</arg>
<kw name="Scroll Element Into View" library="SeleniumLibrary">
<arg>locator=${locator}</arg>
<doc>Scrolls the element identified by ``locator`` into view.</doc>
<status status="PASS" starttime="20221107 23:51:29.361" endtime="20221107 23:51:29.656"/>
</kw>
<status status="PASS" starttime="20221107 23:51:29.359" endtime="20221107 23:51:29.656"/>
</kw>
<kw name="Wait Until Element Is Visible" library="SeleniumLibrary">
<arg>locator=${locator}</arg>
<arg>error=Element non visible sur la page</arg>
<doc>Waits until the element ``locator`` is visible.</doc>
<status status="PASS" starttime="20221107 23:51:29.656" endtime="20221107 23:51:29.687"/>
</kw>
<kw name="Wait Until Element Is Enabled" library="SeleniumLibrary">
<arg>locator=${locator}</arg>
<arg>error=Element non chargé completement</arg>
<doc>Waits until the element ``locator`` is enabled.</doc>
<status status="PASS" starttime="20221107 23:51:29.688" endtime="20221107 23:51:29.727"/>
</kw>
<kw name="Wait Until Keyword Succeeds" library="BuiltIn">
<arg>3x</arg>
<arg>1 sec</arg>
<arg>SeleniumLibrary.Click Element</arg>
<arg>locator=${locator}</arg>
<doc>Runs the specified keyword and retries if it fails.</doc>
<kw name="Click Element" library="SeleniumLibrary">
<arg>locator=${locator}</arg>
<doc>Click the element identified by ``locator``.</doc>
<msg timestamp="20221107 23:51:29.728" level="INFO">Clicking element '//*[@id="cookiewarning"]//a[contains(text(), "Tout refuser")]'.</msg>
<status status="PASS" starttime="20221107 23:51:29.727" endtime="20221107 23:51:29.778"/>
</kw>
<status status="PASS" starttime="20221107 23:51:29.727" endtime="20221107 23:51:29.778"/>
</kw>
<status status="PASS" starttime="20221107 23:51:29.301" endtime="20221107 23:51:29.778"/>
</kw>
<status status="PASS" starttime="20221107 23:51:29.298" endtime="20221107 23:51:29.778"/>
</kw>
<status status="PASS" starttime="20221107 23:51:25.555" endtime="20221107 23:51:29.778"/>
</kw>
<kw name="Acceder au configurateur de produit" library="pageAccueil">
<kw name="Cliquer sur produit et documentation" library="pageAccueil">
<kw name="Cliquer sur element" library="commun">
<arg>locator=//a[contains(text(), "Produits et documentations")]</arg>
<kw name="Wait Until Page Contains Element" library="SeleniumLibrary">
<arg>locator=${locator}</arg>
<arg>error=Element non present sur la page</arg>
<doc>Waits until the element ``locator`` appears on the current page.</doc>
<status status="PASS" starttime="20221107 23:51:29.783" endtime="20221107 23:51:29.796"/>
</kw>
<kw name="Scroller vers element" library="commun">
<arg>locator=${locator}</arg>
<kw name="Scroll Element Into View" library="SeleniumLibrary">
<arg>locator=${locator}</arg>
<doc>Scrolls the element identified by ``locator`` into view.</doc>
<status status="PASS" starttime="20221107 23:51:29.799" endtime="20221107 23:51:30.092"/>
</kw>
<status status="PASS" starttime="20221107 23:51:29.796" endtime="20221107 23:51:30.092"/>
</kw>
<kw name="Wait Until Element Is Visible" library="SeleniumLibrary">
<arg>locator=${locator}</arg>
<arg>error=Element non visible sur la page</arg>
<doc>Waits until the element ``locator`` is visible.</doc>
<status status="PASS" starttime="20221107 23:51:30.092" endtime="20221107 23:51:30.123"/>
</kw>
<kw name="Wait Until Element Is Enabled" library="SeleniumLibrary">
<arg>locator=${locator}</arg>
<arg>error=Element non chargé completement</arg>
<doc>Waits until the element ``locator`` is enabled.</doc>
<status status="PASS" starttime="20221107 23:51:30.123" endtime="20221107 23:51:30.157"/>
</kw>
<kw name="Wait Until Keyword Succeeds" library="BuiltIn">
<arg>3x</arg>
<arg>1 sec</arg>
<arg>SeleniumLibrary.Click Element</arg>
<arg>locator=${locator}</arg>
<doc>Runs the specified keyword and retries if it fails.</doc>
<kw name="Click Element" library="SeleniumLibrary">
<arg>locator=${locator}</arg>
<doc>Click the element identified by ``locator``.</doc>
<msg timestamp="20221107 23:51:30.158" level="INFO">Clicking element '//a[contains(text(), "Produits et documentations")]'.</msg>
<status status="PASS" starttime="20221107 23:51:30.158" endtime="20221107 23:51:30.210"/>
</kw>
<status status="PASS" starttime="20221107 23:51:30.157" endtime="20221107 23:51:30.210"/>
</kw>
<status status="PASS" starttime="20221107 23:51:29.780" endtime="20221107 23:51:30.211"/>
</kw>
<status status="PASS" starttime="20221107 23:51:29.779" endtime="20221107 23:51:30.211"/>
</kw>
<kw name="Cliquer sur configurateur de produits" library="pageAccueil">
<kw name="Cliquer sur element" library="commun">
<arg>locator=//a[contains(text(), "Configurateur produits")]</arg>
<kw name="Wait Until Page Contains Element" library="SeleniumLibrary">
<arg>locator=${locator}</arg>
<arg>error=Element non present sur la page</arg>
<doc>Waits until the element ``locator`` appears on the current page.</doc>
<status status="PASS" starttime="20221107 23:51:30.212" endtime="20221107 23:51:30.228"/>
</kw>
<kw name="Scroller vers element" library="commun">
<arg>locator=${locator}</arg>
<kw name="Scroll Element Into View" library="SeleniumLibrary">
<arg>locator=${locator}</arg>
<doc>Scrolls the element identified by ``locator`` into view.</doc>
<status status="PASS" starttime="20221107 23:51:30.229" endtime="20221107 23:51:30.525"/>
</kw>
<status status="PASS" starttime="20221107 23:51:30.228" endtime="20221107 23:51:30.525"/>
</kw>
<kw name="Wait Until Element Is Visible" library="SeleniumLibrary">
<arg>locator=${locator}</arg>
<arg>error=Element non visible sur la page</arg>
<doc>Waits until the element ``locator`` is visible.</doc>
<status status="PASS" starttime="20221107 23:51:30.525" endtime="20221107 23:51:30.556"/>
</kw>
<kw name="Wait Until Element Is Enabled" library="SeleniumLibrary">
<arg>locator=${locator}</arg>
<arg>error=Element non chargé completement</arg>
<doc>Waits until the element ``locator`` is enabled.</doc>
<status status="PASS" starttime="20221107 23:51:30.556" endtime="20221107 23:51:30.588"/>
</kw>
<kw name="Wait Until Keyword Succeeds" library="BuiltIn">
<arg>3x</arg>
<arg>1 sec</arg>
<arg>SeleniumLibrary.Click Element</arg>
<arg>locator=${locator}</arg>
<doc>Runs the specified keyword and retries if it fails.</doc>
<kw name="Click Element" library="SeleniumLibrary">
<arg>locator=${locator}</arg>
<doc>Click the element identified by ``locator``.</doc>
<msg timestamp="20221107 23:51:30.588" level="INFO">Clicking element '//a[contains(text(), "Configurateur produits")]'.</msg>
<status status="PASS" starttime="20221107 23:51:30.588" endtime="20221107 23:51:31.941"/>
</kw>
<status status="PASS" starttime="20221107 23:51:30.588" endtime="20221107 23:51:31.941"/>
</kw>
<status status="PASS" starttime="20221107 23:51:30.212" endtime="20221107 23:51:31.941"/>
</kw>
<status status="PASS" starttime="20221107 23:51:30.211" endtime="20221107 23:51:31.941"/>
</kw>
<status status="PASS" starttime="20221107 23:51:29.778" endtime="20221107 23:51:31.941"/>
</kw>
<kw name="Configuration produit" library="pageConfiguration_produit">
<kw name="Configurer le produit" library="pageConfiguration_produit">
<kw name="Choisir type de chauffage actuel" library="pageConfiguration_produit">
<kw name="Cliquer sur element" library="commun">
<arg>locator=//label[contains(text(), "${type_de_chauffage_actuel}")]/..</arg>
<kw name="Wait Until Page Contains Element" library="SeleniumLibrary">
<arg>locator=${locator}</arg>
<arg>error=Element non present sur la page</arg>
<doc>Waits until the element ``locator`` appears on the current page.</doc>
<status status="PASS" starttime="20221107 23:51:31.944" endtime="20221107 23:51:31.969"/>
</kw>
<kw name="Scroller vers element" library="commun">
<arg>locator=${locator}</arg>
<kw name="Scroll Element Into View" library="SeleniumLibrary">
<arg>locator=${locator}</arg>
<doc>Scrolls the element identified by ``locator`` into view.</doc>
<status status="PASS" starttime="20221107 23:51:31.970" endtime="20221107 23:51:32.258"/>
</kw>
<status status="PASS" starttime="20221107 23:51:31.969" endtime="20221107 23:51:32.258"/>
</kw>
<kw name="Wait Until Element Is Visible" library="SeleniumLibrary">
<arg>locator=${locator}</arg>
<arg>error=Element non visible sur la page</arg>
<doc>Waits until the element ``locator`` is visible.</doc>
<status status="PASS" starttime="20221107 23:51:32.258" endtime="20221107 23:51:32.295"/>
</kw>
<kw name="Wait Until Element Is Enabled" library="SeleniumLibrary">
<arg>locator=${locator}</arg>
<arg>error=Element non chargé completement</arg>
<doc>Waits until the element ``locator`` is enabled.</doc>
<status status="PASS" starttime="20221107 23:51:32.296" endtime="20221107 23:51:32.347"/>
</kw>
<kw name="Wait Until Keyword Succeeds" library="BuiltIn">
<arg>3x</arg>
<arg>1 sec</arg>
<arg>SeleniumLibrary.Click Element</arg>
<arg>locator=${locator}</arg>
<doc>Runs the specified keyword and retries if it fails.</doc>
<kw name="Click Element" library="SeleniumLibrary">
<arg>locator=${locator}</arg>
<doc>Click the element identified by ``locator``.</doc>
<msg timestamp="20221107 23:51:32.349" level="INFO">Clicking element '//label[contains(text(), "Fioul")]/..'.</msg>
<status status="PASS" starttime="20221107 23:51:32.348" endtime="20221107 23:51:32.442"/>
</kw>
<status status="PASS" starttime="20221107 23:51:32.348" endtime="20221107 23:51:32.442"/>
</kw>
<status status="PASS" starttime="20221107 23:51:31.943" endtime="20221107 23:51:32.442"/>
</kw>
<status status="PASS" starttime="20221107 23:51:31.943" endtime="20221107 23:51:32.442"/>
</kw>
<kw name="Choisir type de chauffage souhaite" library="pageConfiguration_produit">
<kw name="Cliquer sur element" library="commun">
<arg>locator=//label[contains(text(), "${type_de_chauffage_souhaite}")]/..</arg>
<kw name="Wait Until Page Contains Element" library="SeleniumLibrary">
<arg>locator=${locator}</arg>
<arg>error=Element non present sur la page</arg>
<doc>Waits until the element ``locator`` appears on the current page.</doc>
<msg timestamp="20221107 23:51:37.860" level="INFO" html="true">&lt;/td&gt;&lt;/tr&gt;&lt;tr&gt;&lt;td colspan="3"&gt;&lt;a href="selenium-screenshot-1.png"&gt;&lt;img src="selenium-screenshot-1.png" width="800px"&gt;&lt;/a&gt;</msg>
<msg timestamp="20221107 23:51:37.860" level="FAIL">Element non present sur la page</msg>
<status status="FAIL" starttime="20221107 23:51:32.445" endtime="20221107 23:51:37.860"/>
</kw>
<kw name="Scroller vers element" library="commun">
<arg>locator=${locator}</arg>
<status status="NOT RUN" starttime="20221107 23:51:37.860" endtime="20221107 23:51:37.860"/>
</kw>
<kw name="Wait Until Element Is Visible" library="SeleniumLibrary">
<arg>locator=${locator}</arg>
<arg>error=Element non visible sur la page</arg>
<doc>Waits until the element ``locator`` is visible.</doc>
<status status="NOT RUN" starttime="20221107 23:51:37.860" endtime="20221107 23:51:37.860"/>
</kw>
<kw name="Wait Until Element Is Enabled" library="SeleniumLibrary">
<arg>locator=${locator}</arg>
<arg>error=Element non chargé completement</arg>
<doc>Waits until the element ``locator`` is enabled.</doc>
<status status="NOT RUN" starttime="20221107 23:51:37.860" endtime="20221107 23:51:37.860"/>
</kw>
<kw name="Wait Until Keyword Succeeds" library="BuiltIn">
<arg>3x</arg>
<arg>1 sec</arg>
<arg>SeleniumLibrary.Click Element</arg>
<arg>locator=${locator}</arg>
<doc>Runs the specified keyword and retries if it fails.</doc>
<status status="NOT RUN" starttime="20221107 23:51:37.860" endtime="20221107 23:51:37.860"/>
</kw>
<status status="FAIL" starttime="20221107 23:51:32.444" endtime="20221107 23:51:37.860"/>
</kw>
<status status="FAIL" starttime="20221107 23:51:32.443" endtime="20221107 23:51:37.860"/>
</kw>
<kw name="Choisir emetteurs de chaleur actuels" library="pageConfiguration_produit">
<status status="NOT RUN" starttime="20221107 23:51:37.860" endtime="20221107 23:51:37.860"/>
</kw>
<kw name="Choisir type de logement" library="pageConfiguration_produit">
<status status="NOT RUN" starttime="20221107 23:51:37.860" endtime="20221107 23:51:37.860"/>
</kw>
<kw name="Choisir annee de construction" library="pageConfiguration_produit">
<status status="NOT RUN" starttime="20221107 23:51:37.860" endtime="20221107 23:51:37.860"/>
</kw>
<kw name="Choisir renovation" library="pageConfiguration_produit">
<status status="NOT RUN" starttime="20221107 23:51:37.860" endtime="20221107 23:51:37.860"/>
</kw>
<kw name="Choisir Surface habitable" library="pageConfiguration_produit">
<status status="NOT RUN" starttime="20221107 23:51:37.860" endtime="20221107 23:51:37.860"/>
</kw>
<status status="FAIL" starttime="20221107 23:51:31.942" endtime="20221107 23:51:37.860"/>
</kw>
<kw name="Renseigner coordonnees" library="pageConfiguration_produit">
<status status="NOT RUN" starttime="20221107 23:51:37.860" endtime="20221107 23:51:37.860"/>
</kw>
<kw name="Cocher checkbox obligatoire" library="pageConfiguration_produit">
<status status="NOT RUN" starttime="20221107 23:51:37.860" endtime="20221107 23:51:37.860"/>
</kw>
<kw name="Cliquer sur element" library="commun">
<arg>locator=//span[contains(text(), "Valider")]/..</arg>
<status status="NOT RUN" starttime="20221107 23:51:37.860" endtime="20221107 23:51:37.860"/>
</kw>
<status status="FAIL" starttime="20221107 23:51:31.941" endtime="20221107 23:51:37.860"/>
</kw>
<kw name="Verifier validation produit" library="pageValidation">
<status status="NOT RUN" starttime="20221107 23:51:37.860" endtime="20221107 23:51:37.860"/>
</kw>
<status status="FAIL" starttime="20221107 23:51:25.555" endtime="20221107 23:51:37.860"/>
</kw>
<status status="FAIL" starttime="20221107 23:51:25.471" endtime="20221107 23:51:37.860"/>
</kw>
<kw name="Fermeture Navigateur" type="TEARDOWN">
<kw name="Run Keyword If Test Passed" library="BuiltIn">
<arg>SeleniumLibrary.Close All Browsers</arg>
<doc>Runs the given keyword with the given arguments, if the test passed.</doc>
<status status="PASS" starttime="20221107 23:51:37.877" endtime="20221107 23:51:37.877"/>
</kw>
<kw name="Run Keyword If Test Failed" library="BuiltIn">
<arg>SeleniumLibrary.Close All Browsers</arg>
<doc>Runs the given keyword with the given arguments, if the test failed.</doc>
<kw name="Close All Browsers" library="SeleniumLibrary">
<doc>Closes all open browsers and resets the browser cache.</doc>
<status status="PASS" starttime="20221107 23:51:37.878" endtime="20221107 23:51:40.078"/>
</kw>
<status status="PASS" starttime="20221107 23:51:37.878" endtime="20221107 23:51:40.078"/>
</kw>
<status status="PASS" starttime="20221107 23:51:37.876" endtime="20221107 23:51:40.078"/>
</kw>
<status status="FAIL" starttime="20221107 23:51:25.469" endtime="20221107 23:51:40.078">Element non present sur la page</status>
</test>
<status status="FAIL" starttime="20221107 23:51:03.402" endtime="20221107 23:51:40.084"/>
</suite>
<statistics>
<total>
<stat pass="1" fail="1" skip="0">All Tests</stat>
</total>
<tag>
</tag>
<suite>
<stat pass="1" fail="1" skip="0" id="s1" name="testSuiteGenerated">testSuiteGenerated</stat>
</suite>
</statistics>
<errors>
</errors>
</robot>
