<?xml version="1.0" encoding="UTF-8"?>
<robot generator="Robot 5.0.1 (Python 3.10.6 on win32)" generated="20221107 23:46:40.655" rpa="false" schemaversion="3">
<suite id="s1" name="testSuiteGenerated" source="C:\Users\ndfdf\Documents\GitHub\presentation_robot\metiers\testSuiteGenerated.robot">
<kw name="Initialisation des Tests Cases" type="SETUP">
<kw name="Set Selenium Timeout" library="SeleniumLibrary">
<arg>${GLOBAL_TIMEOUT}</arg>
<doc>Sets the timeout that is used by various keywords.</doc>
<status status="PASS" starttime="20221107 23:46:41.529" endtime="20221107 23:46:41.529"/>
</kw>
<kw name="Creer dictionnaire global variables" library="jdd">
<kw name="Create Dictionary" library="BuiltIn">
<var>${TEMP_DICT_GLOBAL}</var>
<doc>Creates and returns a dictionary based on the given ``items``.</doc>
<msg timestamp="20221107 23:46:41.531" level="INFO">${TEMP_DICT_GLOBAL} = {}</msg>
<status status="PASS" starttime="20221107 23:46:41.531" endtime="20221107 23:46:41.531"/>
</kw>
<kw name="Open Excel Document" library="ExcelLibrary">
<arg>${EXCEL_FILE_CHEMIN}</arg>
<arg>NONE</arg>
<doc>Opens xlsx document file.</doc>
<status status="PASS" starttime="20221107 23:46:41.531" endtime="20221107 23:46:41.544"/>
</kw>
<kw name="Set Variable" library="BuiltIn">
<var>${numero_cas_de_test_en_cours}</var>
<arg>0</arg>
<doc>Returns the given values which can then be assigned to a variables.</doc>
<msg timestamp="20221107 23:46:41.545" level="INFO">${numero_cas_de_test_en_cours} = 0</msg>
<status status="PASS" starttime="20221107 23:46:41.544" endtime="20221107 23:46:41.545"/>
</kw>
<kw name="Read Excel Row" library="ExcelLibrary">
<var>${colonne_variables}</var>
<arg>row_num=0</arg>
<arg>col_offset=0</arg>
<arg>max_num=0</arg>
<arg>sheet_name=${EXCEL_FEUILLE}</arg>
<doc>Returns content of a row from the current sheet of the document.</doc>
<msg timestamp="20221107 23:46:41.545" level="INFO">${colonne_variables} = ['Nom variable', 'Commentaires', 'cas_passant', 'cas_non_passant']</msg>
<status status="PASS" starttime="20221107 23:46:41.545" endtime="20221107 23:46:41.545"/>
</kw>
<kw name="Get Length" library="BuiltIn">
<var>${nb_colonne_variables}</var>
<arg>${colonne_variables}</arg>
<doc>Returns and logs the length of the given item as an integer.</doc>
<msg timestamp="20221107 23:46:41.546" level="INFO">Length is 4</msg>
<msg timestamp="20221107 23:46:41.546" level="INFO">${nb_colonne_variables} = 4</msg>
<status status="PASS" starttime="20221107 23:46:41.546" endtime="20221107 23:46:41.546"/>
</kw>
<kw name="Read Excel Column" library="ExcelLibrary">
<var>${lignes_variables}</var>
<arg>col_num=1</arg>
<arg>row_offset=0</arg>
<arg>max_num=0</arg>
<arg>sheet_name=${EXCEL_FEUILLE}</arg>
<doc>Returns content of a column from the current sheet of the document.</doc>
<msg timestamp="20221107 23:46:41.546" level="INFO">${lignes_variables} = ['Nom variable', 'Utilisation', None, None, 'url', 'browser', 'pageAccueil', 'choisir_cookies', 'pageConfiguration_produit', 'type_de_chauffage_actuel', 'type_de_chauffage_souhaite', 'emetteur_de_chal...</msg>
<status status="PASS" starttime="20221107 23:46:41.546" endtime="20221107 23:46:41.546"/>
</kw>
<kw name="Get Length" library="BuiltIn">
<var>${nb_lignes_variables}</var>
<arg>${lignes_variables}</arg>
<doc>Returns and logs the length of the given item as an integer.</doc>
<msg timestamp="20221107 23:46:41.547" level="INFO">Length is 26</msg>
<msg timestamp="20221107 23:46:41.547" level="INFO">${nb_lignes_variables} = 26</msg>
<status status="PASS" starttime="20221107 23:46:41.547" endtime="20221107 23:46:41.547"/>
</kw>
<for flavor="IN RANGE">
<var>${numero_de_la_colonne}</var>
<value>${COLONNE_INUTILE} + 1</value>
<value>${nb_colonne_variables} + 1</value>
<iter>
<var name="${numero_de_la_colonne}">3</var>
<kw name="Recuperer JDD" library="jdd">
<arg>${numero_de_la_colonne}</arg>
<arg>${nb_lignes_variables}</arg>
<arg>${EXCEL_FEUILLE}</arg>
<kw name="Create Dictionary" library="BuiltIn">
<var>${TEMP_DICT}</var>
<doc>Creates and returns a dictionary based on the given ``items``.</doc>
<msg timestamp="20221107 23:46:41.548" level="INFO">${TEMP_DICT} = {}</msg>
<status status="PASS" starttime="20221107 23:46:41.548" endtime="20221107 23:46:41.548"/>
</kw>
<for flavor="IN RANGE">
<var>${cellule}</var>
<value>${nb_lignes_variables}</value>
<iter>
<var name="${cellule}">0</var>
<kw name="Evaluate" library="BuiltIn">
<var>${cellule}</var>
<arg>1 + ${cellule}</arg>
<doc>Evaluates the given expression in Python and returns the result.</doc>
<msg timestamp="20221107 23:46:41.549" level="INFO">${cellule} = 1</msg>
<status status="PASS" starttime="20221107 23:46:41.548" endtime="20221107 23:46:41.549"/>
</kw>
<kw name="Read Excel Cell" library="ExcelLibrary">
<var>${nom_var}</var>
<arg>row_num=${cellule}</arg>
<arg>col_num=1</arg>
<arg>sheet_name=${excel_feuille_liste}</arg>
<doc>Returns content of a cell.</doc>
<msg timestamp="20221107 23:46:41.549" level="INFO">${nom_var} = Nom variable</msg>
<status status="PASS" starttime="20221107 23:46:41.549" endtime="20221107 23:46:41.549"/>
</kw>
<kw name="Read Excel Cell" library="ExcelLibrary">
<var>${val_var}</var>
<arg>row_num=${cellule}</arg>
<arg>col_num=${numero_de_la_colonne}</arg>
<arg>sheet_name=${excel_feuille_liste}</arg>
<doc>Returns content of a cell.</doc>
<msg timestamp="20221107 23:46:41.550" level="INFO">${val_var} = cas_passant</msg>
<status status="PASS" starttime="20221107 23:46:41.549" endtime="20221107 23:46:41.550"/>
</kw>
<kw name="Set To Dictionary" library="Collections">
<arg>${TEMP_DICT}</arg>
<arg>${nom_var}</arg>
<arg>${val_var}</arg>
<doc>Adds the given ``key_value_pairs`` and ``items`` to the ``dictionary``.</doc>
<status status="PASS" starttime="20221107 23:46:41.550" endtime="20221107 23:46:41.550"/>
</kw>
<status status="PASS" starttime="20221107 23:46:41.548" endtime="20221107 23:46:41.550"/>
</iter>
<iter>
<var name="${cellule}">1</var>
<kw name="Evaluate" library="BuiltIn">
<var>${cellule}</var>
<arg>1 + ${cellule}</arg>
<doc>Evaluates the given expression in Python and returns the result.</doc>
<msg timestamp="20221107 23:46:41.551" level="INFO">${cellule} = 2</msg>
<status status="PASS" starttime="20221107 23:46:41.551" endtime="20221107 23:46:41.551"/>
</kw>
<kw name="Read Excel Cell" library="ExcelLibrary">
<var>${nom_var}</var>
<arg>row_num=${cellule}</arg>
<arg>col_num=1</arg>
<arg>sheet_name=${excel_feuille_liste}</arg>
<doc>Returns content of a cell.</doc>
<msg timestamp="20221107 23:46:41.553" level="INFO">${nom_var} = Utilisation</msg>
<status status="PASS" starttime="20221107 23:46:41.551" endtime="20221107 23:46:41.553"/>
</kw>
<kw name="Read Excel Cell" library="ExcelLibrary">
<var>${val_var}</var>
<arg>row_num=${cellule}</arg>
<arg>col_num=${numero_de_la_colonne}</arg>
<arg>sheet_name=${excel_feuille_liste}</arg>
<doc>Returns content of a cell.</doc>
<msg timestamp="20221107 23:46:41.555" level="INFO">${val_var} = Oui</msg>
<status status="PASS" starttime="20221107 23:46:41.554" endtime="20221107 23:46:41.555"/>
</kw>
<kw name="Set To Dictionary" library="Collections">
<arg>${TEMP_DICT}</arg>
<arg>${nom_var}</arg>
<arg>${val_var}</arg>
<doc>Adds the given ``key_value_pairs`` and ``items`` to the ``dictionary``.</doc>
<status status="PASS" starttime="20221107 23:46:41.555" endtime="20221107 23:46:41.555"/>
</kw>
<status status="PASS" starttime="20221107 23:46:41.550" endtime="20221107 23:46:41.555"/>
</iter>
<iter>
<var name="${cellule}">2</var>
<kw name="Evaluate" library="BuiltIn">
<var>${cellule}</var>
<arg>1 + ${cellule}</arg>
<doc>Evaluates the given expression in Python and returns the result.</doc>
<msg timestamp="20221107 23:46:41.556" level="INFO">${cellule} = 3</msg>
<status status="PASS" starttime="20221107 23:46:41.556" endtime="20221107 23:46:41.556"/>
</kw>
<kw name="Read Excel Cell" library="ExcelLibrary">
<var>${nom_var}</var>
<arg>row_num=${cellule}</arg>
<arg>col_num=1</arg>
<arg>sheet_name=${excel_feuille_liste}</arg>
<doc>Returns content of a cell.</doc>
<msg timestamp="20221107 23:46:41.557" level="INFO">${nom_var} = None</msg>
<status status="PASS" starttime="20221107 23:46:41.556" endtime="20221107 23:46:41.557"/>
</kw>
<kw name="Read Excel Cell" library="ExcelLibrary">
<var>${val_var}</var>
<arg>row_num=${cellule}</arg>
<arg>col_num=${numero_de_la_colonne}</arg>
<arg>sheet_name=${excel_feuille_liste}</arg>
<doc>Returns content of a cell.</doc>
<msg timestamp="20221107 23:46:41.558" level="INFO">${val_var} = None</msg>
<status status="PASS" starttime="20221107 23:46:41.557" endtime="20221107 23:46:41.558"/>
</kw>
<kw name="Set To Dictionary" library="Collections">
<arg>${TEMP_DICT}</arg>
<arg>${nom_var}</arg>
<arg>${val_var}</arg>
<doc>Adds the given ``key_value_pairs`` and ``items`` to the ``dictionary``.</doc>
<status status="PASS" starttime="20221107 23:46:41.558" endtime="20221107 23:46:41.558"/>
</kw>
<status status="PASS" starttime="20221107 23:46:41.555" endtime="20221107 23:46:41.558"/>
</iter>
<iter>
<var name="${cellule}">3</var>
<kw name="Evaluate" library="BuiltIn">
<var>${cellule}</var>
<arg>1 + ${cellule}</arg>
<doc>Evaluates the given expression in Python and returns the result.</doc>
<msg timestamp="20221107 23:46:41.559" level="INFO">${cellule} = 4</msg>
<status status="PASS" starttime="20221107 23:46:41.558" endtime="20221107 23:46:41.559"/>
</kw>
<kw name="Read Excel Cell" library="ExcelLibrary">
<var>${nom_var}</var>
<arg>row_num=${cellule}</arg>
<arg>col_num=1</arg>
<arg>sheet_name=${excel_feuille_liste}</arg>
<doc>Returns content of a cell.</doc>
<msg timestamp="20221107 23:46:41.559" level="INFO">${nom_var} = None</msg>
<status status="PASS" starttime="20221107 23:46:41.559" endtime="20221107 23:46:41.559"/>
</kw>
<kw name="Read Excel Cell" library="ExcelLibrary">
<var>${val_var}</var>
<arg>row_num=${cellule}</arg>
<arg>col_num=${numero_de_la_colonne}</arg>
<arg>sheet_name=${excel_feuille_liste}</arg>
<doc>Returns content of a cell.</doc>
<msg timestamp="20221107 23:46:41.560" level="INFO">${val_var} = None</msg>
<status status="PASS" starttime="20221107 23:46:41.559" endtime="20221107 23:46:41.560"/>
</kw>
<kw name="Set To Dictionary" library="Collections">
<arg>${TEMP_DICT}</arg>
<arg>${nom_var}</arg>
<arg>${val_var}</arg>
<doc>Adds the given ``key_value_pairs`` and ``items`` to the ``dictionary``.</doc>
<status status="PASS" starttime="20221107 23:46:41.560" endtime="20221107 23:46:41.560"/>
</kw>
<status status="PASS" starttime="20221107 23:46:41.558" endtime="20221107 23:46:41.560"/>
</iter>
<iter>
<var name="${cellule}">4</var>
<kw name="Evaluate" library="BuiltIn">
<var>${cellule}</var>
<arg>1 + ${cellule}</arg>
<doc>Evaluates the given expression in Python and returns the result.</doc>
<msg timestamp="20221107 23:46:41.561" level="INFO">${cellule} = 5</msg>
<status status="PASS" starttime="20221107 23:46:41.560" endtime="20221107 23:46:41.561"/>
</kw>
<kw name="Read Excel Cell" library="ExcelLibrary">
<var>${nom_var}</var>
<arg>row_num=${cellule}</arg>
<arg>col_num=1</arg>
<arg>sheet_name=${excel_feuille_liste}</arg>
<doc>Returns content of a cell.</doc>
<msg timestamp="20221107 23:46:41.561" level="INFO">${nom_var} = url</msg>
<status status="PASS" starttime="20221107 23:46:41.561" endtime="20221107 23:46:41.561"/>
</kw>
<kw name="Read Excel Cell" library="ExcelLibrary">
<var>${val_var}</var>
<arg>row_num=${cellule}</arg>
<arg>col_num=${numero_de_la_colonne}</arg>
<arg>sheet_name=${excel_feuille_liste}</arg>
<doc>Returns content of a cell.</doc>
<msg timestamp="20221107 23:46:41.562" level="INFO">${val_var} = https://www.saunierduval.fr/particulier/</msg>
<status status="PASS" starttime="20221107 23:46:41.561" endtime="20221107 23:46:41.562"/>
</kw>
<kw name="Set To Dictionary" library="Collections">
<arg>${TEMP_DICT}</arg>
<arg>${nom_var}</arg>
<arg>${val_var}</arg>
<doc>Adds the given ``key_value_pairs`` and ``items`` to the ``dictionary``.</doc>
<status status="PASS" starttime="20221107 23:46:41.562" endtime="20221107 23:46:41.562"/>
</kw>
<status status="PASS" starttime="20221107 23:46:41.560" endtime="20221107 23:46:41.562"/>
</iter>
<iter>
<var name="${cellule}">5</var>
<kw name="Evaluate" library="BuiltIn">
<var>${cellule}</var>
<arg>1 + ${cellule}</arg>
<doc>Evaluates the given expression in Python and returns the result.</doc>
<msg timestamp="20221107 23:46:41.563" level="INFO">${cellule} = 6</msg>
<status status="PASS" starttime="20221107 23:46:41.563" endtime="20221107 23:46:41.563"/>
</kw>
<kw name="Read Excel Cell" library="ExcelLibrary">
<var>${nom_var}</var>
<arg>row_num=${cellule}</arg>
<arg>col_num=1</arg>
<arg>sheet_name=${excel_feuille_liste}</arg>
<doc>Returns content of a cell.</doc>
<msg timestamp="20221107 23:46:41.564" level="INFO">${nom_var} = browser</msg>
<status status="PASS" starttime="20221107 23:46:41.563" endtime="20221107 23:46:41.564"/>
</kw>
<kw name="Read Excel Cell" library="ExcelLibrary">
<var>${val_var}</var>
<arg>row_num=${cellule}</arg>
<arg>col_num=${numero_de_la_colonne}</arg>
<arg>sheet_name=${excel_feuille_liste}</arg>
<doc>Returns content of a cell.</doc>
<msg timestamp="20221107 23:46:41.564" level="INFO">${val_var} = chrome</msg>
<status status="PASS" starttime="20221107 23:46:41.564" endtime="20221107 23:46:41.564"/>
</kw>
<kw name="Set To Dictionary" library="Collections">
<arg>${TEMP_DICT}</arg>
<arg>${nom_var}</arg>
<arg>${val_var}</arg>
<doc>Adds the given ``key_value_pairs`` and ``items`` to the ``dictionary``.</doc>
<status status="PASS" starttime="20221107 23:46:41.564" endtime="20221107 23:46:41.565"/>
</kw>
<status status="PASS" starttime="20221107 23:46:41.562" endtime="20221107 23:46:41.565"/>
</iter>
<iter>
<var name="${cellule}">6</var>
<kw name="Evaluate" library="BuiltIn">
<var>${cellule}</var>
<arg>1 + ${cellule}</arg>
<doc>Evaluates the given expression in Python and returns the result.</doc>
<msg timestamp="20221107 23:46:41.565" level="INFO">${cellule} = 7</msg>
<status status="PASS" starttime="20221107 23:46:41.565" endtime="20221107 23:46:41.565"/>
</kw>
<kw name="Read Excel Cell" library="ExcelLibrary">
<var>${nom_var}</var>
<arg>row_num=${cellule}</arg>
<arg>col_num=1</arg>
<arg>sheet_name=${excel_feuille_liste}</arg>
<doc>Returns content of a cell.</doc>
<msg timestamp="20221107 23:46:41.566" level="INFO">${nom_var} = pageAccueil</msg>
<status status="PASS" starttime="20221107 23:46:41.565" endtime="20221107 23:46:41.566"/>
</kw>
<kw name="Read Excel Cell" library="ExcelLibrary">
<var>${val_var}</var>
<arg>row_num=${cellule}</arg>
<arg>col_num=${numero_de_la_colonne}</arg>
<arg>sheet_name=${excel_feuille_liste}</arg>
<doc>Returns content of a cell.</doc>
<msg timestamp="20221107 23:46:41.566" level="INFO">${val_var} = None</msg>
<status status="PASS" starttime="20221107 23:46:41.566" endtime="20221107 23:46:41.566"/>
</kw>
<kw name="Set To Dictionary" library="Collections">
<arg>${TEMP_DICT}</arg>
<arg>${nom_var}</arg>
<arg>${val_var}</arg>
<doc>Adds the given ``key_value_pairs`` and ``items`` to the ``dictionary``.</doc>
<status status="PASS" starttime="20221107 23:46:41.566" endtime="20221107 23:46:41.567"/>
</kw>
<status status="PASS" starttime="20221107 23:46:41.565" endtime="20221107 23:46:41.567"/>
</iter>
<iter>
<var name="${cellule}">7</var>
<kw name="Evaluate" library="BuiltIn">
<var>${cellule}</var>
<arg>1 + ${cellule}</arg>
<doc>Evaluates the given expression in Python and returns the result.</doc>
<msg timestamp="20221107 23:46:41.568" level="INFO">${cellule} = 8</msg>
<status status="PASS" starttime="20221107 23:46:41.567" endtime="20221107 23:46:41.568"/>
</kw>
<kw name="Read Excel Cell" library="ExcelLibrary">
<var>${nom_var}</var>
<arg>row_num=${cellule}</arg>
<arg>col_num=1</arg>
<arg>sheet_name=${excel_feuille_liste}</arg>
<doc>Returns content of a cell.</doc>
<msg timestamp="20221107 23:46:41.569" level="INFO">${nom_var} = choisir_cookies</msg>
<status status="PASS" starttime="20221107 23:46:41.568" endtime="20221107 23:46:41.569"/>
</kw>
<kw name="Read Excel Cell" library="ExcelLibrary">
<var>${val_var}</var>
<arg>row_num=${cellule}</arg>
<arg>col_num=${numero_de_la_colonne}</arg>
<arg>sheet_name=${excel_feuille_liste}</arg>
<doc>Returns content of a cell.</doc>
<msg timestamp="20221107 23:46:41.572" level="INFO">${val_var} = Tout refuser</msg>
<status status="PASS" starttime="20221107 23:46:41.570" endtime="20221107 23:46:41.572"/>
</kw>
<kw name="Set To Dictionary" library="Collections">
<arg>${TEMP_DICT}</arg>
<arg>${nom_var}</arg>
<arg>${val_var}</arg>
<doc>Adds the given ``key_value_pairs`` and ``items`` to the ``dictionary``.</doc>
<status status="PASS" starttime="20221107 23:46:41.572" endtime="20221107 23:46:41.572"/>
</kw>
<status status="PASS" starttime="20221107 23:46:41.567" endtime="20221107 23:46:41.572"/>
</iter>
<iter>
<var name="${cellule}">8</var>
<kw name="Evaluate" library="BuiltIn">
<var>${cellule}</var>
<arg>1 + ${cellule}</arg>
<doc>Evaluates the given expression in Python and returns the result.</doc>
<msg timestamp="20221107 23:46:41.573" level="INFO">${cellule} = 9</msg>
<status status="PASS" starttime="20221107 23:46:41.573" endtime="20221107 23:46:41.573"/>
</kw>
<kw name="Read Excel Cell" library="ExcelLibrary">
<var>${nom_var}</var>
<arg>row_num=${cellule}</arg>
<arg>col_num=1</arg>
<arg>sheet_name=${excel_feuille_liste}</arg>
<doc>Returns content of a cell.</doc>
<msg timestamp="20221107 23:46:41.574" level="INFO">${nom_var} = pageConfiguration_produit</msg>
<status status="PASS" starttime="20221107 23:46:41.573" endtime="20221107 23:46:41.574"/>
</kw>
<kw name="Read Excel Cell" library="ExcelLibrary">
<var>${val_var}</var>
<arg>row_num=${cellule}</arg>
<arg>col_num=${numero_de_la_colonne}</arg>
<arg>sheet_name=${excel_feuille_liste}</arg>
<doc>Returns content of a cell.</doc>
<msg timestamp="20221107 23:46:41.574" level="INFO">${val_var} = None</msg>
<status status="PASS" starttime="20221107 23:46:41.574" endtime="20221107 23:46:41.574"/>
</kw>
<kw name="Set To Dictionary" library="Collections">
<arg>${TEMP_DICT}</arg>
<arg>${nom_var}</arg>
<arg>${val_var}</arg>
<doc>Adds the given ``key_value_pairs`` and ``items`` to the ``dictionary``.</doc>
<status status="PASS" starttime="20221107 23:46:41.574" endtime="20221107 23:46:41.575"/>
</kw>
<status status="PASS" starttime="20221107 23:46:41.572" endtime="20221107 23:46:41.575"/>
</iter>
<iter>
<var name="${cellule}">9</var>
<kw name="Evaluate" library="BuiltIn">
<var>${cellule}</var>
<arg>1 + ${cellule}</arg>
<doc>Evaluates the given expression in Python and returns the result.</doc>
<msg timestamp="20221107 23:46:41.575" level="INFO">${cellule} = 10</msg>
<status status="PASS" starttime="20221107 23:46:41.575" endtime="20221107 23:46:41.575"/>
</kw>
<kw name="Read Excel Cell" library="ExcelLibrary">
<var>${nom_var}</var>
<arg>row_num=${cellule}</arg>
<arg>col_num=1</arg>
<arg>sheet_name=${excel_feuille_liste}</arg>
<doc>Returns content of a cell.</doc>
<msg timestamp="20221107 23:46:41.576" level="INFO">${nom_var} = type_de_chauffage_actuel</msg>
<status status="PASS" starttime="20221107 23:46:41.575" endtime="20221107 23:46:41.576"/>
</kw>
<kw name="Read Excel Cell" library="ExcelLibrary">
<var>${val_var}</var>
<arg>row_num=${cellule}</arg>
<arg>col_num=${numero_de_la_colonne}</arg>
<arg>sheet_name=${excel_feuille_liste}</arg>
<doc>Returns content of a cell.</doc>
<msg timestamp="20221107 23:46:41.577" level="INFO">${val_var} = Fioul</msg>
<status status="PASS" starttime="20221107 23:46:41.576" endtime="20221107 23:46:41.577"/>
</kw>
<kw name="Set To Dictionary" library="Collections">
<arg>${TEMP_DICT}</arg>
<arg>${nom_var}</arg>
<arg>${val_var}</arg>
<doc>Adds the given ``key_value_pairs`` and ``items`` to the ``dictionary``.</doc>
<status status="PASS" starttime="20221107 23:46:41.577" endtime="20221107 23:46:41.577"/>
</kw>
<status status="PASS" starttime="20221107 23:46:41.575" endtime="20221107 23:46:41.577"/>
</iter>
<iter>
<var name="${cellule}">10</var>
<kw name="Evaluate" library="BuiltIn">
<var>${cellule}</var>
<arg>1 + ${cellule}</arg>
<doc>Evaluates the given expression in Python and returns the result.</doc>
<msg timestamp="20221107 23:46:41.577" level="INFO">${cellule} = 11</msg>
<status status="PASS" starttime="20221107 23:46:41.577" endtime="20221107 23:46:41.577"/>
</kw>
<kw name="Read Excel Cell" library="ExcelLibrary">
<var>${nom_var}</var>
<arg>row_num=${cellule}</arg>
<arg>col_num=1</arg>
<arg>sheet_name=${excel_feuille_liste}</arg>
<doc>Returns content of a cell.</doc>
<msg timestamp="20221107 23:46:41.578" level="INFO">${nom_var} = type_de_chauffage_souhaite</msg>
<status status="PASS" starttime="20221107 23:46:41.578" endtime="20221107 23:46:41.578"/>
</kw>
<kw name="Read Excel Cell" library="ExcelLibrary">
<var>${val_var}</var>
<arg>row_num=${cellule}</arg>
<arg>col_num=${numero_de_la_colonne}</arg>
<arg>sheet_name=${excel_feuille_liste}</arg>
<doc>Returns content of a cell.</doc>
<msg timestamp="20221107 23:46:41.579" level="INFO">${val_var} = Pompe à chaleur</msg>
<status status="PASS" starttime="20221107 23:46:41.578" endtime="20221107 23:46:41.579"/>
</kw>
<kw name="Set To Dictionary" library="Collections">
<arg>${TEMP_DICT}</arg>
<arg>${nom_var}</arg>
<arg>${val_var}</arg>
<doc>Adds the given ``key_value_pairs`` and ``items`` to the ``dictionary``.</doc>
<status status="PASS" starttime="20221107 23:46:41.579" endtime="20221107 23:46:41.579"/>
</kw>
<status status="PASS" starttime="20221107 23:46:41.577" endtime="20221107 23:46:41.579"/>
</iter>
<iter>
<var name="${cellule}">11</var>
<kw name="Evaluate" library="BuiltIn">
<var>${cellule}</var>
<arg>1 + ${cellule}</arg>
<doc>Evaluates the given expression in Python and returns the result.</doc>
<msg timestamp="20221107 23:46:41.580" level="INFO">${cellule} = 12</msg>
<status status="PASS" starttime="20221107 23:46:41.579" endtime="20221107 23:46:41.580"/>
</kw>
<kw name="Read Excel Cell" library="ExcelLibrary">
<var>${nom_var}</var>
<arg>row_num=${cellule}</arg>
<arg>col_num=1</arg>
<arg>sheet_name=${excel_feuille_liste}</arg>
<doc>Returns content of a cell.</doc>
<msg timestamp="20221107 23:46:41.580" level="INFO">${nom_var} = emetteur_de_chaleur_actuels</msg>
<status status="PASS" starttime="20221107 23:46:41.580" endtime="20221107 23:46:41.580"/>
</kw>
<kw name="Read Excel Cell" library="ExcelLibrary">
<var>${val_var}</var>
<arg>row_num=${cellule}</arg>
<arg>col_num=${numero_de_la_colonne}</arg>
<arg>sheet_name=${excel_feuille_liste}</arg>
<doc>Returns content of a cell.</doc>
<msg timestamp="20221107 23:46:41.581" level="INFO">${val_var} = Chauffage au sol</msg>
<status status="PASS" starttime="20221107 23:46:41.580" endtime="20221107 23:46:41.581"/>
</kw>
<kw name="Set To Dictionary" library="Collections">
<arg>${TEMP_DICT}</arg>
<arg>${nom_var}</arg>
<arg>${val_var}</arg>
<doc>Adds the given ``key_value_pairs`` and ``items`` to the ``dictionary``.</doc>
<status status="PASS" starttime="20221107 23:46:41.581" endtime="20221107 23:46:41.581"/>
</kw>
<status status="PASS" starttime="20221107 23:46:41.579" endtime="20221107 23:46:41.581"/>
</iter>
<iter>
<var name="${cellule}">12</var>
<kw name="Evaluate" library="BuiltIn">
<var>${cellule}</var>
<arg>1 + ${cellule}</arg>
<doc>Evaluates the given expression in Python and returns the result.</doc>
<msg timestamp="20221107 23:46:41.582" level="INFO">${cellule} = 13</msg>
<status status="PASS" starttime="20221107 23:46:41.581" endtime="20221107 23:46:41.582"/>
</kw>
<kw name="Read Excel Cell" library="ExcelLibrary">
<var>${nom_var}</var>
<arg>row_num=${cellule}</arg>
<arg>col_num=1</arg>
<arg>sheet_name=${excel_feuille_liste}</arg>
<doc>Returns content of a cell.</doc>
<msg timestamp="20221107 23:46:41.582" level="INFO">${nom_var} = type_de_logement</msg>
<status status="PASS" starttime="20221107 23:46:41.582" endtime="20221107 23:46:41.582"/>
</kw>
<kw name="Read Excel Cell" library="ExcelLibrary">
<var>${val_var}</var>
<arg>row_num=${cellule}</arg>
<arg>col_num=${numero_de_la_colonne}</arg>
<arg>sheet_name=${excel_feuille_liste}</arg>
<doc>Returns content of a cell.</doc>
<msg timestamp="20221107 23:46:41.583" level="INFO">${val_var} = Maison individuelle</msg>
<status status="PASS" starttime="20221107 23:46:41.582" endtime="20221107 23:46:41.583"/>
</kw>
<kw name="Set To Dictionary" library="Collections">
<arg>${TEMP_DICT}</arg>
<arg>${nom_var}</arg>
<arg>${val_var}</arg>
<doc>Adds the given ``key_value_pairs`` and ``items`` to the ``dictionary``.</doc>
<status status="PASS" starttime="20221107 23:46:41.583" endtime="20221107 23:46:41.583"/>
</kw>
<status status="PASS" starttime="20221107 23:46:41.581" endtime="20221107 23:46:41.583"/>
</iter>
<iter>
<var name="${cellule}">13</var>
<kw name="Evaluate" library="BuiltIn">
<var>${cellule}</var>
<arg>1 + ${cellule}</arg>
<doc>Evaluates the given expression in Python and returns the result.</doc>
<msg timestamp="20221107 23:46:41.585" level="INFO">${cellule} = 14</msg>
<status status="PASS" starttime="20221107 23:46:41.584" endtime="20221107 23:46:41.585"/>
</kw>
<kw name="Read Excel Cell" library="ExcelLibrary">
<var>${nom_var}</var>
<arg>row_num=${cellule}</arg>
<arg>col_num=1</arg>
<arg>sheet_name=${excel_feuille_liste}</arg>
<doc>Returns content of a cell.</doc>
<msg timestamp="20221107 23:46:41.588" level="INFO">${nom_var} = annee_de_construction</msg>
<status status="PASS" starttime="20221107 23:46:41.586" endtime="20221107 23:46:41.588"/>
</kw>
<kw name="Read Excel Cell" library="ExcelLibrary">
<var>${val_var}</var>
<arg>row_num=${cellule}</arg>
<arg>col_num=${numero_de_la_colonne}</arg>
<arg>sheet_name=${excel_feuille_liste}</arg>
<doc>Returns content of a cell.</doc>
<msg timestamp="20221107 23:46:41.589" level="INFO">${val_var} = 2002-2007</msg>
<status status="PASS" starttime="20221107 23:46:41.588" endtime="20221107 23:46:41.589"/>
</kw>
<kw name="Set To Dictionary" library="Collections">
<arg>${TEMP_DICT}</arg>
<arg>${nom_var}</arg>
<arg>${val_var}</arg>
<doc>Adds the given ``key_value_pairs`` and ``items`` to the ``dictionary``.</doc>
<status status="PASS" starttime="20221107 23:46:41.589" endtime="20221107 23:46:41.589"/>
</kw>
<status status="PASS" starttime="20221107 23:46:41.584" endtime="20221107 23:46:41.589"/>
</iter>
<iter>
<var name="${cellule}">14</var>
<kw name="Evaluate" library="BuiltIn">
<var>${cellule}</var>
<arg>1 + ${cellule}</arg>
<doc>Evaluates the given expression in Python and returns the result.</doc>
<msg timestamp="20221107 23:46:41.590" level="INFO">${cellule} = 15</msg>
<status status="PASS" starttime="20221107 23:46:41.590" endtime="20221107 23:46:41.590"/>
</kw>
<kw name="Read Excel Cell" library="ExcelLibrary">
<var>${nom_var}</var>
<arg>row_num=${cellule}</arg>
<arg>col_num=1</arg>
<arg>sheet_name=${excel_feuille_liste}</arg>
<doc>Returns content of a cell.</doc>
<msg timestamp="20221107 23:46:41.591" level="INFO">${nom_var} = type_renovation</msg>
<status status="PASS" starttime="20221107 23:46:41.590" endtime="20221107 23:46:41.591"/>
</kw>
<kw name="Read Excel Cell" library="ExcelLibrary">
<var>${val_var}</var>
<arg>row_num=${cellule}</arg>
<arg>col_num=${numero_de_la_colonne}</arg>
<arg>sheet_name=${excel_feuille_liste}</arg>
<doc>Returns content of a cell.</doc>
<msg timestamp="20221107 23:46:41.591" level="INFO">${val_var} = Toiture</msg>
<status status="PASS" starttime="20221107 23:46:41.591" endtime="20221107 23:46:41.591"/>
</kw>
<kw name="Set To Dictionary" library="Collections">
<arg>${TEMP_DICT}</arg>
<arg>${nom_var}</arg>
<arg>${val_var}</arg>
<doc>Adds the given ``key_value_pairs`` and ``items`` to the ``dictionary``.</doc>
<status status="PASS" starttime="20221107 23:46:41.591" endtime="20221107 23:46:41.592"/>
</kw>
<status status="PASS" starttime="20221107 23:46:41.589" endtime="20221107 23:46:41.592"/>
</iter>
<iter>
<var name="${cellule}">15</var>
<kw name="Evaluate" library="BuiltIn">
<var>${cellule}</var>
<arg>1 + ${cellule}</arg>
<doc>Evaluates the given expression in Python and returns the result.</doc>
<msg timestamp="20221107 23:46:41.592" level="INFO">${cellule} = 16</msg>
<status status="PASS" starttime="20221107 23:46:41.592" endtime="20221107 23:46:41.592"/>
</kw>
<kw name="Read Excel Cell" library="ExcelLibrary">
<var>${nom_var}</var>
<arg>row_num=${cellule}</arg>
<arg>col_num=1</arg>
<arg>sheet_name=${excel_feuille_liste}</arg>
<doc>Returns content of a cell.</doc>
<msg timestamp="20221107 23:46:41.593" level="INFO">${nom_var} = surface_habitable</msg>
<status status="PASS" starttime="20221107 23:46:41.592" endtime="20221107 23:46:41.593"/>
</kw>
<kw name="Read Excel Cell" library="ExcelLibrary">
<var>${val_var}</var>
<arg>row_num=${cellule}</arg>
<arg>col_num=${numero_de_la_colonne}</arg>
<arg>sheet_name=${excel_feuille_liste}</arg>
<doc>Returns content of a cell.</doc>
<msg timestamp="20221107 23:46:41.593" level="INFO">${val_var} = 10</msg>
<status status="PASS" starttime="20221107 23:46:41.593" endtime="20221107 23:46:41.593"/>
</kw>
<kw name="Set To Dictionary" library="Collections">
<arg>${TEMP_DICT}</arg>
<arg>${nom_var}</arg>
<arg>${val_var}</arg>
<doc>Adds the given ``key_value_pairs`` and ``items`` to the ``dictionary``.</doc>
<status status="PASS" starttime="20221107 23:46:41.593" endtime="20221107 23:46:41.594"/>
</kw>
<status status="PASS" starttime="20221107 23:46:41.592" endtime="20221107 23:46:41.594"/>
</iter>
<iter>
<var name="${cellule}">16</var>
<kw name="Evaluate" library="BuiltIn">
<var>${cellule}</var>
<arg>1 + ${cellule}</arg>
<doc>Evaluates the given expression in Python and returns the result.</doc>
<msg timestamp="20221107 23:46:41.594" level="INFO">${cellule} = 17</msg>
<status status="PASS" starttime="20221107 23:46:41.594" endtime="20221107 23:46:41.594"/>
</kw>
<kw name="Read Excel Cell" library="ExcelLibrary">
<var>${nom_var}</var>
<arg>row_num=${cellule}</arg>
<arg>col_num=1</arg>
<arg>sheet_name=${excel_feuille_liste}</arg>
<doc>Returns content of a cell.</doc>
<msg timestamp="20221107 23:46:41.595" level="INFO">${nom_var} = civilite</msg>
<status status="PASS" starttime="20221107 23:46:41.594" endtime="20221107 23:46:41.595"/>
</kw>
<kw name="Read Excel Cell" library="ExcelLibrary">
<var>${val_var}</var>
<arg>row_num=${cellule}</arg>
<arg>col_num=${numero_de_la_colonne}</arg>
<arg>sheet_name=${excel_feuille_liste}</arg>
<doc>Returns content of a cell.</doc>
<msg timestamp="20221107 23:46:41.595" level="INFO">${val_var} = M.</msg>
<status status="PASS" starttime="20221107 23:46:41.595" endtime="20221107 23:46:41.595"/>
</kw>
<kw name="Set To Dictionary" library="Collections">
<arg>${TEMP_DICT}</arg>
<arg>${nom_var}</arg>
<arg>${val_var}</arg>
<doc>Adds the given ``key_value_pairs`` and ``items`` to the ``dictionary``.</doc>
<status status="PASS" starttime="20221107 23:46:41.596" endtime="20221107 23:46:41.596"/>
</kw>
<status status="PASS" starttime="20221107 23:46:41.594" endtime="20221107 23:46:41.596"/>
</iter>
<iter>
<var name="${cellule}">17</var>
<kw name="Evaluate" library="BuiltIn">
<var>${cellule}</var>
<arg>1 + ${cellule}</arg>
<doc>Evaluates the given expression in Python and returns the result.</doc>
<msg timestamp="20221107 23:46:41.596" level="INFO">${cellule} = 18</msg>
<status status="PASS" starttime="20221107 23:46:41.596" endtime="20221107 23:46:41.596"/>
</kw>
<kw name="Read Excel Cell" library="ExcelLibrary">
<var>${nom_var}</var>
<arg>row_num=${cellule}</arg>
<arg>col_num=1</arg>
<arg>sheet_name=${excel_feuille_liste}</arg>
<doc>Returns content of a cell.</doc>
<msg timestamp="20221107 23:46:41.597" level="INFO">${nom_var} = prenom</msg>
<status status="PASS" starttime="20221107 23:46:41.597" endtime="20221107 23:46:41.597"/>
</kw>
<kw name="Read Excel Cell" library="ExcelLibrary">
<var>${val_var}</var>
<arg>row_num=${cellule}</arg>
<arg>col_num=${numero_de_la_colonne}</arg>
<arg>sheet_name=${excel_feuille_liste}</arg>
<doc>Returns content of a cell.</doc>
<msg timestamp="20221107 23:46:41.598" level="INFO">${val_var} = nini</msg>
<status status="PASS" starttime="20221107 23:46:41.597" endtime="20221107 23:46:41.598"/>
</kw>
<kw name="Set To Dictionary" library="Collections">
<arg>${TEMP_DICT}</arg>
<arg>${nom_var}</arg>
<arg>${val_var}</arg>
<doc>Adds the given ``key_value_pairs`` and ``items`` to the ``dictionary``.</doc>
<status status="PASS" starttime="20221107 23:46:41.598" endtime="20221107 23:46:41.598"/>
</kw>
<status status="PASS" starttime="20221107 23:46:41.596" endtime="20221107 23:46:41.598"/>
</iter>
<iter>
<var name="${cellule}">18</var>
<kw name="Evaluate" library="BuiltIn">
<var>${cellule}</var>
<arg>1 + ${cellule}</arg>
<doc>Evaluates the given expression in Python and returns the result.</doc>
<msg timestamp="20221107 23:46:41.599" level="INFO">${cellule} = 19</msg>
<status status="PASS" starttime="20221107 23:46:41.598" endtime="20221107 23:46:41.599"/>
</kw>
<kw name="Read Excel Cell" library="ExcelLibrary">
<var>${nom_var}</var>
<arg>row_num=${cellule}</arg>
<arg>col_num=1</arg>
<arg>sheet_name=${excel_feuille_liste}</arg>
<doc>Returns content of a cell.</doc>
<msg timestamp="20221107 23:46:41.599" level="INFO">${nom_var} = nom</msg>
<status status="PASS" starttime="20221107 23:46:41.599" endtime="20221107 23:46:41.599"/>
</kw>
<kw name="Read Excel Cell" library="ExcelLibrary">
<var>${val_var}</var>
<arg>row_num=${cellule}</arg>
<arg>col_num=${numero_de_la_colonne}</arg>
<arg>sheet_name=${excel_feuille_liste}</arg>
<doc>Returns content of a cell.</doc>
<msg timestamp="20221107 23:46:41.600" level="INFO">${val_var} = nono</msg>
<status status="PASS" starttime="20221107 23:46:41.599" endtime="20221107 23:46:41.600"/>
</kw>
<kw name="Set To Dictionary" library="Collections">
<arg>${TEMP_DICT}</arg>
<arg>${nom_var}</arg>
<arg>${val_var}</arg>
<doc>Adds the given ``key_value_pairs`` and ``items`` to the ``dictionary``.</doc>
<status status="PASS" starttime="20221107 23:46:41.600" endtime="20221107 23:46:41.600"/>
</kw>
<status status="PASS" starttime="20221107 23:46:41.598" endtime="20221107 23:46:41.600"/>
</iter>
<iter>
<var name="${cellule}">19</var>
<kw name="Evaluate" library="BuiltIn">
<var>${cellule}</var>
<arg>1 + ${cellule}</arg>
<doc>Evaluates the given expression in Python and returns the result.</doc>
<msg timestamp="20221107 23:46:41.602" level="INFO">${cellule} = 20</msg>
<status status="PASS" starttime="20221107 23:46:41.601" endtime="20221107 23:46:41.602"/>
</kw>
<kw name="Read Excel Cell" library="ExcelLibrary">
<var>${nom_var}</var>
<arg>row_num=${cellule}</arg>
<arg>col_num=1</arg>
<arg>sheet_name=${excel_feuille_liste}</arg>
<doc>Returns content of a cell.</doc>
<msg timestamp="20221107 23:46:41.603" level="INFO">${nom_var} = mail</msg>
<status status="PASS" starttime="20221107 23:46:41.602" endtime="20221107 23:46:41.603"/>
</kw>
<kw name="Read Excel Cell" library="ExcelLibrary">
<var>${val_var}</var>
<arg>row_num=${cellule}</arg>
<arg>col_num=${numero_de_la_colonne}</arg>
<arg>sheet_name=${excel_feuille_liste}</arg>
<doc>Returns content of a cell.</doc>
<msg timestamp="20221107 23:46:41.605" level="INFO">${val_var} = nono@nini.fr</msg>
<status status="PASS" starttime="20221107 23:46:41.603" endtime="20221107 23:46:41.605"/>
</kw>
<kw name="Set To Dictionary" library="Collections">
<arg>${TEMP_DICT}</arg>
<arg>${nom_var}</arg>
<arg>${val_var}</arg>
<doc>Adds the given ``key_value_pairs`` and ``items`` to the ``dictionary``.</doc>
<status status="PASS" starttime="20221107 23:46:41.605" endtime="20221107 23:46:41.605"/>
</kw>
<status status="PASS" starttime="20221107 23:46:41.601" endtime="20221107 23:46:41.605"/>
</iter>
<iter>
<var name="${cellule}">20</var>
<kw name="Evaluate" library="BuiltIn">
<var>${cellule}</var>
<arg>1 + ${cellule}</arg>
<doc>Evaluates the given expression in Python and returns the result.</doc>
<msg timestamp="20221107 23:46:41.606" level="INFO">${cellule} = 21</msg>
<status status="PASS" starttime="20221107 23:46:41.605" endtime="20221107 23:46:41.606"/>
</kw>
<kw name="Read Excel Cell" library="ExcelLibrary">
<var>${nom_var}</var>
<arg>row_num=${cellule}</arg>
<arg>col_num=1</arg>
<arg>sheet_name=${excel_feuille_liste}</arg>
<doc>Returns content of a cell.</doc>
<msg timestamp="20221107 23:46:41.606" level="INFO">${nom_var} = numero_de_telephone</msg>
<status status="PASS" starttime="20221107 23:46:41.606" endtime="20221107 23:46:41.606"/>
</kw>
<kw name="Read Excel Cell" library="ExcelLibrary">
<var>${val_var}</var>
<arg>row_num=${cellule}</arg>
<arg>col_num=${numero_de_la_colonne}</arg>
<arg>sheet_name=${excel_feuille_liste}</arg>
<doc>Returns content of a cell.</doc>
<msg timestamp="20221107 23:46:41.607" level="INFO">${val_var} = 0611111111</msg>
<status status="PASS" starttime="20221107 23:46:41.606" endtime="20221107 23:46:41.607"/>
</kw>
<kw name="Set To Dictionary" library="Collections">
<arg>${TEMP_DICT}</arg>
<arg>${nom_var}</arg>
<arg>${val_var}</arg>
<doc>Adds the given ``key_value_pairs`` and ``items`` to the ``dictionary``.</doc>
<status status="PASS" starttime="20221107 23:46:41.607" endtime="20221107 23:46:41.607"/>
</kw>
<status status="PASS" starttime="20221107 23:46:41.605" endtime="20221107 23:46:41.607"/>
</iter>
<iter>
<var name="${cellule}">21</var>
<kw name="Evaluate" library="BuiltIn">
<var>${cellule}</var>
<arg>1 + ${cellule}</arg>
<doc>Evaluates the given expression in Python and returns the result.</doc>
<msg timestamp="20221107 23:46:41.608" level="INFO">${cellule} = 22</msg>
<status status="PASS" starttime="20221107 23:46:41.608" endtime="20221107 23:46:41.608"/>
</kw>
<kw name="Read Excel Cell" library="ExcelLibrary">
<var>${nom_var}</var>
<arg>row_num=${cellule}</arg>
<arg>col_num=1</arg>
<arg>sheet_name=${excel_feuille_liste}</arg>
<doc>Returns content of a cell.</doc>
<msg timestamp="20221107 23:46:41.609" level="INFO">${nom_var} = numero_de_rue</msg>
<status status="PASS" starttime="20221107 23:46:41.608" endtime="20221107 23:46:41.609"/>
</kw>
<kw name="Read Excel Cell" library="ExcelLibrary">
<var>${val_var}</var>
<arg>row_num=${cellule}</arg>
<arg>col_num=${numero_de_la_colonne}</arg>
<arg>sheet_name=${excel_feuille_liste}</arg>
<doc>Returns content of a cell.</doc>
<msg timestamp="20221107 23:46:41.609" level="INFO">${val_var} = 15</msg>
<status status="PASS" starttime="20221107 23:46:41.609" endtime="20221107 23:46:41.609"/>
</kw>
<kw name="Set To Dictionary" library="Collections">
<arg>${TEMP_DICT}</arg>
<arg>${nom_var}</arg>
<arg>${val_var}</arg>
<doc>Adds the given ``key_value_pairs`` and ``items`` to the ``dictionary``.</doc>
<status status="PASS" starttime="20221107 23:46:41.609" endtime="20221107 23:46:41.610"/>
</kw>
<status status="PASS" starttime="20221107 23:46:41.608" endtime="20221107 23:46:41.610"/>
</iter>
<iter>
<var name="${cellule}">22</var>
<kw name="Evaluate" library="BuiltIn">
<var>${cellule}</var>
<arg>1 + ${cellule}</arg>
<doc>Evaluates the given expression in Python and returns the result.</doc>
<msg timestamp="20221107 23:46:41.610" level="INFO">${cellule} = 23</msg>
<status status="PASS" starttime="20221107 23:46:41.610" endtime="20221107 23:46:41.610"/>
</kw>
<kw name="Read Excel Cell" library="ExcelLibrary">
<var>${nom_var}</var>
<arg>row_num=${cellule}</arg>
<arg>col_num=1</arg>
<arg>sheet_name=${excel_feuille_liste}</arg>
<doc>Returns content of a cell.</doc>
<msg timestamp="20221107 23:46:41.611" level="INFO">${nom_var} = nom_rue</msg>
<status status="PASS" starttime="20221107 23:46:41.610" endtime="20221107 23:46:41.611"/>
</kw>
<kw name="Read Excel Cell" library="ExcelLibrary">
<var>${val_var}</var>
<arg>row_num=${cellule}</arg>
<arg>col_num=${numero_de_la_colonne}</arg>
<arg>sheet_name=${excel_feuille_liste}</arg>
<doc>Returns content of a cell.</doc>
<msg timestamp="20221107 23:46:41.611" level="INFO">${val_var} = rue de la paix</msg>
<status status="PASS" starttime="20221107 23:46:41.611" endtime="20221107 23:46:41.611"/>
</kw>
<kw name="Set To Dictionary" library="Collections">
<arg>${TEMP_DICT}</arg>
<arg>${nom_var}</arg>
<arg>${val_var}</arg>
<doc>Adds the given ``key_value_pairs`` and ``items`` to the ``dictionary``.</doc>
<status status="PASS" starttime="20221107 23:46:41.611" endtime="20221107 23:46:41.612"/>
</kw>
<status status="PASS" starttime="20221107 23:46:41.610" endtime="20221107 23:46:41.612"/>
</iter>
<iter>
<var name="${cellule}">23</var>
<kw name="Evaluate" library="BuiltIn">
<var>${cellule}</var>
<arg>1 + ${cellule}</arg>
<doc>Evaluates the given expression in Python and returns the result.</doc>
<msg timestamp="20221107 23:46:41.612" level="INFO">${cellule} = 24</msg>
<status status="PASS" starttime="20221107 23:46:41.612" endtime="20221107 23:46:41.612"/>
</kw>
<kw name="Read Excel Cell" library="ExcelLibrary">
<var>${nom_var}</var>
<arg>row_num=${cellule}</arg>
<arg>col_num=1</arg>
<arg>sheet_name=${excel_feuille_liste}</arg>
<doc>Returns content of a cell.</doc>
<msg timestamp="20221107 23:46:41.613" level="INFO">${nom_var} = code_postal</msg>
<status status="PASS" starttime="20221107 23:46:41.612" endtime="20221107 23:46:41.613"/>
</kw>
<kw name="Read Excel Cell" library="ExcelLibrary">
<var>${val_var}</var>
<arg>row_num=${cellule}</arg>
<arg>col_num=${numero_de_la_colonne}</arg>
<arg>sheet_name=${excel_feuille_liste}</arg>
<doc>Returns content of a cell.</doc>
<msg timestamp="20221107 23:46:41.614" level="INFO">${val_var} = 49100</msg>
<status status="PASS" starttime="20221107 23:46:41.613" endtime="20221107 23:46:41.614"/>
</kw>
<kw name="Set To Dictionary" library="Collections">
<arg>${TEMP_DICT}</arg>
<arg>${nom_var}</arg>
<arg>${val_var}</arg>
<doc>Adds the given ``key_value_pairs`` and ``items`` to the ``dictionary``.</doc>
<status status="PASS" starttime="20221107 23:46:41.614" endtime="20221107 23:46:41.614"/>
</kw>
<status status="PASS" starttime="20221107 23:46:41.612" endtime="20221107 23:46:41.614"/>
</iter>
<iter>
<var name="${cellule}">24</var>
<kw name="Evaluate" library="BuiltIn">
<var>${cellule}</var>
<arg>1 + ${cellule}</arg>
<doc>Evaluates the given expression in Python and returns the result.</doc>
<msg timestamp="20221107 23:46:41.615" level="INFO">${cellule} = 25</msg>
<status status="PASS" starttime="20221107 23:46:41.614" endtime="20221107 23:46:41.615"/>
</kw>
<kw name="Read Excel Cell" library="ExcelLibrary">
<var>${nom_var}</var>
<arg>row_num=${cellule}</arg>
<arg>col_num=1</arg>
<arg>sheet_name=${excel_feuille_liste}</arg>
<doc>Returns content of a cell.</doc>
<msg timestamp="20221107 23:46:41.615" level="INFO">${nom_var} = ville</msg>
<status status="PASS" starttime="20221107 23:46:41.615" endtime="20221107 23:46:41.615"/>
</kw>
<kw name="Read Excel Cell" library="ExcelLibrary">
<var>${val_var}</var>
<arg>row_num=${cellule}</arg>
<arg>col_num=${numero_de_la_colonne}</arg>
<arg>sheet_name=${excel_feuille_liste}</arg>
<doc>Returns content of a cell.</doc>
<msg timestamp="20221107 23:46:41.616" level="INFO">${val_var} = Nantes</msg>
<status status="PASS" starttime="20221107 23:46:41.615" endtime="20221107 23:46:41.616"/>
</kw>
<kw name="Set To Dictionary" library="Collections">
<arg>${TEMP_DICT}</arg>
<arg>${nom_var}</arg>
<arg>${val_var}</arg>
<doc>Adds the given ``key_value_pairs`` and ``items`` to the ``dictionary``.</doc>
<status status="PASS" starttime="20221107 23:46:41.616" endtime="20221107 23:46:41.616"/>
</kw>
<status status="PASS" starttime="20221107 23:46:41.614" endtime="20221107 23:46:41.616"/>
</iter>
<iter>
<var name="${cellule}">25</var>
<kw name="Evaluate" library="BuiltIn">
<var>${cellule}</var>
<arg>1 + ${cellule}</arg>
<doc>Evaluates the given expression in Python and returns the result.</doc>
<msg timestamp="20221107 23:46:41.617" level="INFO">${cellule} = 26</msg>
<status status="PASS" starttime="20221107 23:46:41.616" endtime="20221107 23:46:41.617"/>
</kw>
<kw name="Read Excel Cell" library="ExcelLibrary">
<var>${nom_var}</var>
<arg>row_num=${cellule}</arg>
<arg>col_num=1</arg>
<arg>sheet_name=${excel_feuille_liste}</arg>
<doc>Returns content of a cell.</doc>
<msg timestamp="20221107 23:46:41.618" level="INFO">${nom_var} = date_de_rendez_vous_souhaite</msg>
<status status="PASS" starttime="20221107 23:46:41.617" endtime="20221107 23:46:41.618"/>
</kw>
<kw name="Read Excel Cell" library="ExcelLibrary">
<var>${val_var}</var>
<arg>row_num=${cellule}</arg>
<arg>col_num=${numero_de_la_colonne}</arg>
<arg>sheet_name=${excel_feuille_liste}</arg>
<doc>Returns content of a cell.</doc>
<msg timestamp="20221107 23:46:41.619" level="INFO">${val_var} = 01/01/2024</msg>
<status status="PASS" starttime="20221107 23:46:41.618" endtime="20221107 23:46:41.619"/>
</kw>
<kw name="Set To Dictionary" library="Collections">
<arg>${TEMP_DICT}</arg>
<arg>${nom_var}</arg>
<arg>${val_var}</arg>
<doc>Adds the given ``key_value_pairs`` and ``items`` to the ``dictionary``.</doc>
<status status="PASS" starttime="20221107 23:46:41.619" endtime="20221107 23:46:41.619"/>
</kw>
<status status="PASS" starttime="20221107 23:46:41.616" endtime="20221107 23:46:41.619"/>
</iter>
<status status="PASS" starttime="20221107 23:46:41.548" endtime="20221107 23:46:41.619"/>
</for>
<kw name="Set Suite Variable" library="BuiltIn">
<arg>${TEMP_DICT}</arg>
<doc>Makes a variable available everywhere within the scope of the current suite.</doc>
<msg timestamp="20221107 23:46:41.620" level="INFO">${TEMP_DICT} = {'Nom variable': 'cas_passant', 'Utilisation': 'Oui', None: None, 'url': 'https://www.saunierduval.fr/particulier/', 'browser': 'chrome', 'pageAccueil': None, 'choisir_cookies': 'Tout refuser', 'pageC...</msg>
<status status="PASS" starttime="20221107 23:46:41.619" endtime="20221107 23:46:41.620"/>
</kw>
<status status="PASS" starttime="20221107 23:46:41.547" endtime="20221107 23:46:41.620"/>
</kw>
<kw name="Set To Dictionary" library="Collections">
<arg>${TEMP_DICT_GLOBAL}</arg>
<arg>${numero_cas_de_test_en_cours}</arg>
<arg>${TEMP_DICT}</arg>
<doc>Adds the given ``key_value_pairs`` and ``items`` to the ``dictionary``.</doc>
<status status="PASS" starttime="20221107 23:46:41.620" endtime="20221107 23:46:41.620"/>
</kw>
<kw name="Evaluate" library="BuiltIn">
<var>${numero_cas_de_test_en_cours}</var>
<arg>${numero_cas_de_test_en_cours} + 1</arg>
<doc>Evaluates the given expression in Python and returns the result.</doc>
<msg timestamp="20221107 23:46:41.621" level="INFO">${numero_cas_de_test_en_cours} = 1</msg>
<status status="PASS" starttime="20221107 23:46:41.620" endtime="20221107 23:46:41.621"/>
</kw>
<status status="PASS" starttime="20221107 23:46:41.547" endtime="20221107 23:46:41.621"/>
</iter>
<iter>
<var name="${numero_de_la_colonne}">4</var>
<kw name="Recuperer JDD" library="jdd">
<arg>${numero_de_la_colonne}</arg>
<arg>${nb_lignes_variables}</arg>
<arg>${EXCEL_FEUILLE}</arg>
<kw name="Create Dictionary" library="BuiltIn">
<var>${TEMP_DICT}</var>
<doc>Creates and returns a dictionary based on the given ``items``.</doc>
<msg timestamp="20221107 23:46:41.622" level="INFO">${TEMP_DICT} = {}</msg>
<status status="PASS" starttime="20221107 23:46:41.621" endtime="20221107 23:46:41.622"/>
</kw>
<for flavor="IN RANGE">
<var>${cellule}</var>
<value>${nb_lignes_variables}</value>
<iter>
<var name="${cellule}">0</var>
<kw name="Evaluate" library="BuiltIn">
<var>${cellule}</var>
<arg>1 + ${cellule}</arg>
<doc>Evaluates the given expression in Python and returns the result.</doc>
<msg timestamp="20221107 23:46:41.622" level="INFO">${cellule} = 1</msg>
<status status="PASS" starttime="20221107 23:46:41.622" endtime="20221107 23:46:41.622"/>
</kw>
<kw name="Read Excel Cell" library="ExcelLibrary">
<var>${nom_var}</var>
<arg>row_num=${cellule}</arg>
<arg>col_num=1</arg>
<arg>sheet_name=${excel_feuille_liste}</arg>
<doc>Returns content of a cell.</doc>
<msg timestamp="20221107 23:46:41.623" level="INFO">${nom_var} = Nom variable</msg>
<status status="PASS" starttime="20221107 23:46:41.622" endtime="20221107 23:46:41.623"/>
</kw>
<kw name="Read Excel Cell" library="ExcelLibrary">
<var>${val_var}</var>
<arg>row_num=${cellule}</arg>
<arg>col_num=${numero_de_la_colonne}</arg>
<arg>sheet_name=${excel_feuille_liste}</arg>
<doc>Returns content of a cell.</doc>
<msg timestamp="20221107 23:46:41.624" level="INFO">${val_var} = cas_non_passant</msg>
<status status="PASS" starttime="20221107 23:46:41.623" endtime="20221107 23:46:41.624"/>
</kw>
<kw name="Set To Dictionary" library="Collections">
<arg>${TEMP_DICT}</arg>
<arg>${nom_var}</arg>
<arg>${val_var}</arg>
<doc>Adds the given ``key_value_pairs`` and ``items`` to the ``dictionary``.</doc>
<status status="PASS" starttime="20221107 23:46:41.624" endtime="20221107 23:46:41.624"/>
</kw>
<status status="PASS" starttime="20221107 23:46:41.622" endtime="20221107 23:46:41.624"/>
</iter>
<iter>
<var name="${cellule}">1</var>
<kw name="Evaluate" library="BuiltIn">
<var>${cellule}</var>
<arg>1 + ${cellule}</arg>
<doc>Evaluates the given expression in Python and returns the result.</doc>
<msg timestamp="20221107 23:46:41.625" level="INFO">${cellule} = 2</msg>
<status status="PASS" starttime="20221107 23:46:41.624" endtime="20221107 23:46:41.625"/>
</kw>
<kw name="Read Excel Cell" library="ExcelLibrary">
<var>${nom_var}</var>
<arg>row_num=${cellule}</arg>
<arg>col_num=1</arg>
<arg>sheet_name=${excel_feuille_liste}</arg>
<doc>Returns content of a cell.</doc>
<msg timestamp="20221107 23:46:41.625" level="INFO">${nom_var} = Utilisation</msg>
<status status="PASS" starttime="20221107 23:46:41.625" endtime="20221107 23:46:41.625"/>
</kw>
<kw name="Read Excel Cell" library="ExcelLibrary">
<var>${val_var}</var>
<arg>row_num=${cellule}</arg>
<arg>col_num=${numero_de_la_colonne}</arg>
<arg>sheet_name=${excel_feuille_liste}</arg>
<doc>Returns content of a cell.</doc>
<msg timestamp="20221107 23:46:41.626" level="INFO">${val_var} = Oui</msg>
<status status="PASS" starttime="20221107 23:46:41.625" endtime="20221107 23:46:41.626"/>
</kw>
<kw name="Set To Dictionary" library="Collections">
<arg>${TEMP_DICT}</arg>
<arg>${nom_var}</arg>
<arg>${val_var}</arg>
<doc>Adds the given ``key_value_pairs`` and ``items`` to the ``dictionary``.</doc>
<status status="PASS" starttime="20221107 23:46:41.626" endtime="20221107 23:46:41.626"/>
</kw>
<status status="PASS" starttime="20221107 23:46:41.624" endtime="20221107 23:46:41.626"/>
</iter>
<iter>
<var name="${cellule}">2</var>
<kw name="Evaluate" library="BuiltIn">
<var>${cellule}</var>
<arg>1 + ${cellule}</arg>
<doc>Evaluates the given expression in Python and returns the result.</doc>
<msg timestamp="20221107 23:46:41.627" level="INFO">${cellule} = 3</msg>
<status status="PASS" starttime="20221107 23:46:41.626" endtime="20221107 23:46:41.627"/>
</kw>
<kw name="Read Excel Cell" library="ExcelLibrary">
<var>${nom_var}</var>
<arg>row_num=${cellule}</arg>
<arg>col_num=1</arg>
<arg>sheet_name=${excel_feuille_liste}</arg>
<doc>Returns content of a cell.</doc>
<msg timestamp="20221107 23:46:41.627" level="INFO">${nom_var} = None</msg>
<status status="PASS" starttime="20221107 23:46:41.627" endtime="20221107 23:46:41.627"/>
</kw>
<kw name="Read Excel Cell" library="ExcelLibrary">
<var>${val_var}</var>
<arg>row_num=${cellule}</arg>
<arg>col_num=${numero_de_la_colonne}</arg>
<arg>sheet_name=${excel_feuille_liste}</arg>
<doc>Returns content of a cell.</doc>
<msg timestamp="20221107 23:46:41.628" level="INFO">${val_var} = None</msg>
<status status="PASS" starttime="20221107 23:46:41.627" endtime="20221107 23:46:41.628"/>
</kw>
<kw name="Set To Dictionary" library="Collections">
<arg>${TEMP_DICT}</arg>
<arg>${nom_var}</arg>
<arg>${val_var}</arg>
<doc>Adds the given ``key_value_pairs`` and ``items`` to the ``dictionary``.</doc>
<status status="PASS" starttime="20221107 23:46:41.628" endtime="20221107 23:46:41.628"/>
</kw>
<status status="PASS" starttime="20221107 23:46:41.626" endtime="20221107 23:46:41.628"/>
</iter>
<iter>
<var name="${cellule}">3</var>
<kw name="Evaluate" library="BuiltIn">
<var>${cellule}</var>
<arg>1 + ${cellule}</arg>
<doc>Evaluates the given expression in Python and returns the result.</doc>
<msg timestamp="20221107 23:46:41.629" level="INFO">${cellule} = 4</msg>
<status status="PASS" starttime="20221107 23:46:41.629" endtime="20221107 23:46:41.629"/>
</kw>
<kw name="Read Excel Cell" library="ExcelLibrary">
<var>${nom_var}</var>
<arg>row_num=${cellule}</arg>
<arg>col_num=1</arg>
<arg>sheet_name=${excel_feuille_liste}</arg>
<doc>Returns content of a cell.</doc>
<msg timestamp="20221107 23:46:41.629" level="INFO">${nom_var} = None</msg>
<status status="PASS" starttime="20221107 23:46:41.629" endtime="20221107 23:46:41.629"/>
</kw>
<kw name="Read Excel Cell" library="ExcelLibrary">
<var>${val_var}</var>
<arg>row_num=${cellule}</arg>
<arg>col_num=${numero_de_la_colonne}</arg>
<arg>sheet_name=${excel_feuille_liste}</arg>
<doc>Returns content of a cell.</doc>
<msg timestamp="20221107 23:46:41.630" level="INFO">${val_var} = None</msg>
<status status="PASS" starttime="20221107 23:46:41.629" endtime="20221107 23:46:41.630"/>
</kw>
<kw name="Set To Dictionary" library="Collections">
<arg>${TEMP_DICT}</arg>
<arg>${nom_var}</arg>
<arg>${val_var}</arg>
<doc>Adds the given ``key_value_pairs`` and ``items`` to the ``dictionary``.</doc>
<status status="PASS" starttime="20221107 23:46:41.630" endtime="20221107 23:46:41.630"/>
</kw>
<status status="PASS" starttime="20221107 23:46:41.628" endtime="20221107 23:46:41.630"/>
</iter>
<iter>
<var name="${cellule}">4</var>
<kw name="Evaluate" library="BuiltIn">
<var>${cellule}</var>
<arg>1 + ${cellule}</arg>
<doc>Evaluates the given expression in Python and returns the result.</doc>
<msg timestamp="20221107 23:46:41.631" level="INFO">${cellule} = 5</msg>
<status status="PASS" starttime="20221107 23:46:41.631" endtime="20221107 23:46:41.631"/>
</kw>
<kw name="Read Excel Cell" library="ExcelLibrary">
<var>${nom_var}</var>
<arg>row_num=${cellule}</arg>
<arg>col_num=1</arg>
<arg>sheet_name=${excel_feuille_liste}</arg>
<doc>Returns content of a cell.</doc>
<msg timestamp="20221107 23:46:41.631" level="INFO">${nom_var} = url</msg>
<status status="PASS" starttime="20221107 23:46:41.631" endtime="20221107 23:46:41.631"/>
</kw>
<kw name="Read Excel Cell" library="ExcelLibrary">
<var>${val_var}</var>
<arg>row_num=${cellule}</arg>
<arg>col_num=${numero_de_la_colonne}</arg>
<arg>sheet_name=${excel_feuille_liste}</arg>
<doc>Returns content of a cell.</doc>
<msg timestamp="20221107 23:46:41.632" level="INFO">${val_var} = https://www.saunierduval.fr/particulier/</msg>
<status status="PASS" starttime="20221107 23:46:41.632" endtime="20221107 23:46:41.632"/>
</kw>
<kw name="Set To Dictionary" library="Collections">
<arg>${TEMP_DICT}</arg>
<arg>${nom_var}</arg>
<arg>${val_var}</arg>
<doc>Adds the given ``key_value_pairs`` and ``items`` to the ``dictionary``.</doc>
<status status="PASS" starttime="20221107 23:46:41.632" endtime="20221107 23:46:41.632"/>
</kw>
<status status="PASS" starttime="20221107 23:46:41.630" endtime="20221107 23:46:41.633"/>
</iter>
<iter>
<var name="${cellule}">5</var>
<kw name="Evaluate" library="BuiltIn">
<var>${cellule}</var>
<arg>1 + ${cellule}</arg>
<doc>Evaluates the given expression in Python and returns the result.</doc>
<msg timestamp="20221107 23:46:41.633" level="INFO">${cellule} = 6</msg>
<status status="PASS" starttime="20221107 23:46:41.633" endtime="20221107 23:46:41.633"/>
</kw>
<kw name="Read Excel Cell" library="ExcelLibrary">
<var>${nom_var}</var>
<arg>row_num=${cellule}</arg>
<arg>col_num=1</arg>
<arg>sheet_name=${excel_feuille_liste}</arg>
<doc>Returns content of a cell.</doc>
<msg timestamp="20221107 23:46:41.634" level="INFO">${nom_var} = browser</msg>
<status status="PASS" starttime="20221107 23:46:41.633" endtime="20221107 23:46:41.634"/>
</kw>
<kw name="Read Excel Cell" library="ExcelLibrary">
<var>${val_var}</var>
<arg>row_num=${cellule}</arg>
<arg>col_num=${numero_de_la_colonne}</arg>
<arg>sheet_name=${excel_feuille_liste}</arg>
<doc>Returns content of a cell.</doc>
<msg timestamp="20221107 23:46:41.635" level="INFO">${val_var} = chrome</msg>
<status status="PASS" starttime="20221107 23:46:41.634" endtime="20221107 23:46:41.635"/>
</kw>
<kw name="Set To Dictionary" library="Collections">
<arg>${TEMP_DICT}</arg>
<arg>${nom_var}</arg>
<arg>${val_var}</arg>
<doc>Adds the given ``key_value_pairs`` and ``items`` to the ``dictionary``.</doc>
<status status="PASS" starttime="20221107 23:46:41.635" endtime="20221107 23:46:41.635"/>
</kw>
<status status="PASS" starttime="20221107 23:46:41.633" endtime="20221107 23:46:41.635"/>
</iter>
<iter>
<var name="${cellule}">6</var>
<kw name="Evaluate" library="BuiltIn">
<var>${cellule}</var>
<arg>1 + ${cellule}</arg>
<doc>Evaluates the given expression in Python and returns the result.</doc>
<msg timestamp="20221107 23:46:41.636" level="INFO">${cellule} = 7</msg>
<status status="PASS" starttime="20221107 23:46:41.636" endtime="20221107 23:46:41.636"/>
</kw>
<kw name="Read Excel Cell" library="ExcelLibrary">
<var>${nom_var}</var>
<arg>row_num=${cellule}</arg>
<arg>col_num=1</arg>
<arg>sheet_name=${excel_feuille_liste}</arg>
<doc>Returns content of a cell.</doc>
<msg timestamp="20221107 23:46:41.636" level="INFO">${nom_var} = pageAccueil</msg>
<status status="PASS" starttime="20221107 23:46:41.636" endtime="20221107 23:46:41.636"/>
</kw>
<kw name="Read Excel Cell" library="ExcelLibrary">
<var>${val_var}</var>
<arg>row_num=${cellule}</arg>
<arg>col_num=${numero_de_la_colonne}</arg>
<arg>sheet_name=${excel_feuille_liste}</arg>
<doc>Returns content of a cell.</doc>
<msg timestamp="20221107 23:46:41.637" level="INFO">${val_var} = None</msg>
<status status="PASS" starttime="20221107 23:46:41.636" endtime="20221107 23:46:41.637"/>
</kw>
<kw name="Set To Dictionary" library="Collections">
<arg>${TEMP_DICT}</arg>
<arg>${nom_var}</arg>
<arg>${val_var}</arg>
<doc>Adds the given ``key_value_pairs`` and ``items`` to the ``dictionary``.</doc>
<status status="PASS" starttime="20221107 23:46:41.637" endtime="20221107 23:46:41.637"/>
</kw>
<status status="PASS" starttime="20221107 23:46:41.635" endtime="20221107 23:46:41.637"/>
</iter>
<iter>
<var name="${cellule}">7</var>
<kw name="Evaluate" library="BuiltIn">
<var>${cellule}</var>
<arg>1 + ${cellule}</arg>
<doc>Evaluates the given expression in Python and returns the result.</doc>
<msg timestamp="20221107 23:46:41.638" level="INFO">${cellule} = 8</msg>
<status status="PASS" starttime="20221107 23:46:41.638" endtime="20221107 23:46:41.638"/>
</kw>
<kw name="Read Excel Cell" library="ExcelLibrary">
<var>${nom_var}</var>
<arg>row_num=${cellule}</arg>
<arg>col_num=1</arg>
<arg>sheet_name=${excel_feuille_liste}</arg>
<doc>Returns content of a cell.</doc>
<msg timestamp="20221107 23:46:41.638" level="INFO">${nom_var} = choisir_cookies</msg>
<status status="PASS" starttime="20221107 23:46:41.638" endtime="20221107 23:46:41.638"/>
</kw>
<kw name="Read Excel Cell" library="ExcelLibrary">
<var>${val_var}</var>
<arg>row_num=${cellule}</arg>
<arg>col_num=${numero_de_la_colonne}</arg>
<arg>sheet_name=${excel_feuille_liste}</arg>
<doc>Returns content of a cell.</doc>
<msg timestamp="20221107 23:46:41.639" level="INFO">${val_var} = Tout refuser</msg>
<status status="PASS" starttime="20221107 23:46:41.639" endtime="20221107 23:46:41.639"/>
</kw>
<kw name="Set To Dictionary" library="Collections">
<arg>${TEMP_DICT}</arg>
<arg>${nom_var}</arg>
<arg>${val_var}</arg>
<doc>Adds the given ``key_value_pairs`` and ``items`` to the ``dictionary``.</doc>
<status status="PASS" starttime="20221107 23:46:41.639" endtime="20221107 23:46:41.639"/>
</kw>
<status status="PASS" starttime="20221107 23:46:41.637" endtime="20221107 23:46:41.639"/>
</iter>
<iter>
<var name="${cellule}">8</var>
<kw name="Evaluate" library="BuiltIn">
<var>${cellule}</var>
<arg>1 + ${cellule}</arg>
<doc>Evaluates the given expression in Python and returns the result.</doc>
<msg timestamp="20221107 23:46:41.640" level="INFO">${cellule} = 9</msg>
<status status="PASS" starttime="20221107 23:46:41.640" endtime="20221107 23:46:41.640"/>
</kw>
<kw name="Read Excel Cell" library="ExcelLibrary">
<var>${nom_var}</var>
<arg>row_num=${cellule}</arg>
<arg>col_num=1</arg>
<arg>sheet_name=${excel_feuille_liste}</arg>
<doc>Returns content of a cell.</doc>
<msg timestamp="20221107 23:46:41.640" level="INFO">${nom_var} = pageConfiguration_produit</msg>
<status status="PASS" starttime="20221107 23:46:41.640" endtime="20221107 23:46:41.640"/>
</kw>
<kw name="Read Excel Cell" library="ExcelLibrary">
<var>${val_var}</var>
<arg>row_num=${cellule}</arg>
<arg>col_num=${numero_de_la_colonne}</arg>
<arg>sheet_name=${excel_feuille_liste}</arg>
<doc>Returns content of a cell.</doc>
<msg timestamp="20221107 23:46:41.641" level="INFO">${val_var} = None</msg>
<status status="PASS" starttime="20221107 23:46:41.641" endtime="20221107 23:46:41.641"/>
</kw>
<kw name="Set To Dictionary" library="Collections">
<arg>${TEMP_DICT}</arg>
<arg>${nom_var}</arg>
<arg>${val_var}</arg>
<doc>Adds the given ``key_value_pairs`` and ``items`` to the ``dictionary``.</doc>
<status status="PASS" starttime="20221107 23:46:41.641" endtime="20221107 23:46:41.642"/>
</kw>
<status status="PASS" starttime="20221107 23:46:41.640" endtime="20221107 23:46:41.642"/>
</iter>
<iter>
<var name="${cellule}">9</var>
<kw name="Evaluate" library="BuiltIn">
<var>${cellule}</var>
<arg>1 + ${cellule}</arg>
<doc>Evaluates the given expression in Python and returns the result.</doc>
<msg timestamp="20221107 23:46:41.642" level="INFO">${cellule} = 10</msg>
<status status="PASS" starttime="20221107 23:46:41.642" endtime="20221107 23:46:41.642"/>
</kw>
<kw name="Read Excel Cell" library="ExcelLibrary">
<var>${nom_var}</var>
<arg>row_num=${cellule}</arg>
<arg>col_num=1</arg>
<arg>sheet_name=${excel_feuille_liste}</arg>
<doc>Returns content of a cell.</doc>
<msg timestamp="20221107 23:46:41.643" level="INFO">${nom_var} = type_de_chauffage_actuel</msg>
<status status="PASS" starttime="20221107 23:46:41.642" endtime="20221107 23:46:41.643"/>
</kw>
<kw name="Read Excel Cell" library="ExcelLibrary">
<var>${val_var}</var>
<arg>row_num=${cellule}</arg>
<arg>col_num=${numero_de_la_colonne}</arg>
<arg>sheet_name=${excel_feuille_liste}</arg>
<doc>Returns content of a cell.</doc>
<msg timestamp="20221107 23:46:41.643" level="INFO">${val_var} = Fioul</msg>
<status status="PASS" starttime="20221107 23:46:41.643" endtime="20221107 23:46:41.643"/>
</kw>
<kw name="Set To Dictionary" library="Collections">
<arg>${TEMP_DICT}</arg>
<arg>${nom_var}</arg>
<arg>${val_var}</arg>
<doc>Adds the given ``key_value_pairs`` and ``items`` to the ``dictionary``.</doc>
<status status="PASS" starttime="20221107 23:46:41.643" endtime="20221107 23:46:41.644"/>
</kw>
<status status="PASS" starttime="20221107 23:46:41.642" endtime="20221107 23:46:41.644"/>
</iter>
<iter>
<var name="${cellule}">10</var>
<kw name="Evaluate" library="BuiltIn">
<var>${cellule}</var>
<arg>1 + ${cellule}</arg>
<doc>Evaluates the given expression in Python and returns the result.</doc>
<msg timestamp="20221107 23:46:41.644" level="INFO">${cellule} = 11</msg>
<status status="PASS" starttime="20221107 23:46:41.644" endtime="20221107 23:46:41.644"/>
</kw>
<kw name="Read Excel Cell" library="ExcelLibrary">
<var>${nom_var}</var>
<arg>row_num=${cellule}</arg>
<arg>col_num=1</arg>
<arg>sheet_name=${excel_feuille_liste}</arg>
<doc>Returns content of a cell.</doc>
<msg timestamp="20221107 23:46:41.645" level="INFO">${nom_var} = type_de_chauffage_souhaite</msg>
<status status="PASS" starttime="20221107 23:46:41.644" endtime="20221107 23:46:41.645"/>
</kw>
<kw name="Read Excel Cell" library="ExcelLibrary">
<var>${val_var}</var>
<arg>row_num=${cellule}</arg>
<arg>col_num=${numero_de_la_colonne}</arg>
<arg>sheet_name=${excel_feuille_liste}</arg>
<doc>Returns content of a cell.</doc>
<msg timestamp="20221107 23:46:41.645" level="INFO">${val_var} = Pompe a velo</msg>
<status status="PASS" starttime="20221107 23:46:41.645" endtime="20221107 23:46:41.645"/>
</kw>
<kw name="Set To Dictionary" library="Collections">
<arg>${TEMP_DICT}</arg>
<arg>${nom_var}</arg>
<arg>${val_var}</arg>
<doc>Adds the given ``key_value_pairs`` and ``items`` to the ``dictionary``.</doc>
<status status="PASS" starttime="20221107 23:46:41.646" endtime="20221107 23:46:41.646"/>
</kw>
<status status="PASS" starttime="20221107 23:46:41.644" endtime="20221107 23:46:41.646"/>
</iter>
<iter>
<var name="${cellule}">11</var>
<kw name="Evaluate" library="BuiltIn">
<var>${cellule}</var>
<arg>1 + ${cellule}</arg>
<doc>Evaluates the given expression in Python and returns the result.</doc>
<msg timestamp="20221107 23:46:41.646" level="INFO">${cellule} = 12</msg>
<status status="PASS" starttime="20221107 23:46:41.646" endtime="20221107 23:46:41.646"/>
</kw>
<kw name="Read Excel Cell" library="ExcelLibrary">
<var>${nom_var}</var>
<arg>row_num=${cellule}</arg>
<arg>col_num=1</arg>
<arg>sheet_name=${excel_feuille_liste}</arg>
<doc>Returns content of a cell.</doc>
<msg timestamp="20221107 23:46:41.647" level="INFO">${nom_var} = emetteur_de_chaleur_actuels</msg>
<status status="PASS" starttime="20221107 23:46:41.646" endtime="20221107 23:46:41.647"/>
</kw>
<kw name="Read Excel Cell" library="ExcelLibrary">
<var>${val_var}</var>
<arg>row_num=${cellule}</arg>
<arg>col_num=${numero_de_la_colonne}</arg>
<arg>sheet_name=${excel_feuille_liste}</arg>
<doc>Returns content of a cell.</doc>
<msg timestamp="20221107 23:46:41.647" level="INFO">${val_var} = Chauffage au sol</msg>
<status status="PASS" starttime="20221107 23:46:41.647" endtime="20221107 23:46:41.648"/>
</kw>
<kw name="Set To Dictionary" library="Collections">
<arg>${TEMP_DICT}</arg>
<arg>${nom_var}</arg>
<arg>${val_var}</arg>
<doc>Adds the given ``key_value_pairs`` and ``items`` to the ``dictionary``.</doc>
<status status="PASS" starttime="20221107 23:46:41.648" endtime="20221107 23:46:41.648"/>
</kw>
<status status="PASS" starttime="20221107 23:46:41.646" endtime="20221107 23:46:41.648"/>
</iter>
<iter>
<var name="${cellule}">12</var>
<kw name="Evaluate" library="BuiltIn">
<var>${cellule}</var>
<arg>1 + ${cellule}</arg>
<doc>Evaluates the given expression in Python and returns the result.</doc>
<msg timestamp="20221107 23:46:41.648" level="INFO">${cellule} = 13</msg>
<status status="PASS" starttime="20221107 23:46:41.648" endtime="20221107 23:46:41.648"/>
</kw>
<kw name="Read Excel Cell" library="ExcelLibrary">
<var>${nom_var}</var>
<arg>row_num=${cellule}</arg>
<arg>col_num=1</arg>
<arg>sheet_name=${excel_feuille_liste}</arg>
<doc>Returns content of a cell.</doc>
<msg timestamp="20221107 23:46:41.649" level="INFO">${nom_var} = type_de_logement</msg>
<status status="PASS" starttime="20221107 23:46:41.648" endtime="20221107 23:46:41.649"/>
</kw>
<kw name="Read Excel Cell" library="ExcelLibrary">
<var>${val_var}</var>
<arg>row_num=${cellule}</arg>
<arg>col_num=${numero_de_la_colonne}</arg>
<arg>sheet_name=${excel_feuille_liste}</arg>
<doc>Returns content of a cell.</doc>
<msg timestamp="20221107 23:46:41.650" level="INFO">${val_var} = Maison individuelle</msg>
<status status="PASS" starttime="20221107 23:46:41.649" endtime="20221107 23:46:41.650"/>
</kw>
<kw name="Set To Dictionary" library="Collections">
<arg>${TEMP_DICT}</arg>
<arg>${nom_var}</arg>
<arg>${val_var}</arg>
<doc>Adds the given ``key_value_pairs`` and ``items`` to the ``dictionary``.</doc>
<status status="PASS" starttime="20221107 23:46:41.650" endtime="20221107 23:46:41.650"/>
</kw>
<status status="PASS" starttime="20221107 23:46:41.648" endtime="20221107 23:46:41.650"/>
</iter>
<iter>
<var name="${cellule}">13</var>
<kw name="Evaluate" library="BuiltIn">
<var>${cellule}</var>
<arg>1 + ${cellule}</arg>
<doc>Evaluates the given expression in Python and returns the result.</doc>
<msg timestamp="20221107 23:46:41.650" level="INFO">${cellule} = 14</msg>
<status status="PASS" starttime="20221107 23:46:41.650" endtime="20221107 23:46:41.650"/>
</kw>
<kw name="Read Excel Cell" library="ExcelLibrary">
<var>${nom_var}</var>
<arg>row_num=${cellule}</arg>
<arg>col_num=1</arg>
<arg>sheet_name=${excel_feuille_liste}</arg>
<doc>Returns content of a cell.</doc>
<msg timestamp="20221107 23:46:41.651" level="INFO">${nom_var} = annee_de_construction</msg>
<status status="PASS" starttime="20221107 23:46:41.651" endtime="20221107 23:46:41.651"/>
</kw>
<kw name="Read Excel Cell" library="ExcelLibrary">
<var>${val_var}</var>
<arg>row_num=${cellule}</arg>
<arg>col_num=${numero_de_la_colonne}</arg>
<arg>sheet_name=${excel_feuille_liste}</arg>
<doc>Returns content of a cell.</doc>
<msg timestamp="20221107 23:46:41.652" level="INFO">${val_var} = 2002-2007</msg>
<status status="PASS" starttime="20221107 23:46:41.651" endtime="20221107 23:46:41.652"/>
</kw>
<kw name="Set To Dictionary" library="Collections">
<arg>${TEMP_DICT}</arg>
<arg>${nom_var}</arg>
<arg>${val_var}</arg>
<doc>Adds the given ``key_value_pairs`` and ``items`` to the ``dictionary``.</doc>
<status status="PASS" starttime="20221107 23:46:41.652" endtime="20221107 23:46:41.652"/>
</kw>
<status status="PASS" starttime="20221107 23:46:41.650" endtime="20221107 23:46:41.652"/>
</iter>
<iter>
<var name="${cellule}">14</var>
<kw name="Evaluate" library="BuiltIn">
<var>${cellule}</var>
<arg>1 + ${cellule}</arg>
<doc>Evaluates the given expression in Python and returns the result.</doc>
<msg timestamp="20221107 23:46:41.652" level="INFO">${cellule} = 15</msg>
<status status="PASS" starttime="20221107 23:46:41.652" endtime="20221107 23:46:41.652"/>
</kw>
<kw name="Read Excel Cell" library="ExcelLibrary">
<var>${nom_var}</var>
<arg>row_num=${cellule}</arg>
<arg>col_num=1</arg>
<arg>sheet_name=${excel_feuille_liste}</arg>
<doc>Returns content of a cell.</doc>
<msg timestamp="20221107 23:46:41.652" level="INFO">${nom_var} = type_renovation</msg>
<status status="PASS" starttime="20221107 23:46:41.652" endtime="20221107 23:46:41.652"/>
</kw>
<kw name="Read Excel Cell" library="ExcelLibrary">
<var>${val_var}</var>
<arg>row_num=${cellule}</arg>
<arg>col_num=${numero_de_la_colonne}</arg>
<arg>sheet_name=${excel_feuille_liste}</arg>
<doc>Returns content of a cell.</doc>
<msg timestamp="20221107 23:46:41.652" level="INFO">${val_var} = Toiture</msg>
<status status="PASS" starttime="20221107 23:46:41.652" endtime="20221107 23:46:41.652"/>
</kw>
<kw name="Set To Dictionary" library="Collections">
<arg>${TEMP_DICT}</arg>
<arg>${nom_var}</arg>
<arg>${val_var}</arg>
<doc>Adds the given ``key_value_pairs`` and ``items`` to the ``dictionary``.</doc>
<status status="PASS" starttime="20221107 23:46:41.652" endtime="20221107 23:46:41.652"/>
</kw>
<status status="PASS" starttime="20221107 23:46:41.652" endtime="20221107 23:46:41.652"/>
</iter>
<iter>
<var name="${cellule}">15</var>
<kw name="Evaluate" library="BuiltIn">
<var>${cellule}</var>
<arg>1 + ${cellule}</arg>
<doc>Evaluates the given expression in Python and returns the result.</doc>
<msg timestamp="20221107 23:46:41.652" level="INFO">${cellule} = 16</msg>
<status status="PASS" starttime="20221107 23:46:41.652" endtime="20221107 23:46:41.652"/>
</kw>
<kw name="Read Excel Cell" library="ExcelLibrary">
<var>${nom_var}</var>
<arg>row_num=${cellule}</arg>
<arg>col_num=1</arg>
<arg>sheet_name=${excel_feuille_liste}</arg>
<doc>Returns content of a cell.</doc>
<msg timestamp="20221107 23:46:41.652" level="INFO">${nom_var} = surface_habitable</msg>
<status status="PASS" starttime="20221107 23:46:41.652" endtime="20221107 23:46:41.652"/>
</kw>
<kw name="Read Excel Cell" library="ExcelLibrary">
<var>${val_var}</var>
<arg>row_num=${cellule}</arg>
<arg>col_num=${numero_de_la_colonne}</arg>
<arg>sheet_name=${excel_feuille_liste}</arg>
<doc>Returns content of a cell.</doc>
<msg timestamp="20221107 23:46:41.652" level="INFO">${val_var} = 10</msg>
<status status="PASS" starttime="20221107 23:46:41.652" endtime="20221107 23:46:41.652"/>
</kw>
<kw name="Set To Dictionary" library="Collections">
<arg>${TEMP_DICT}</arg>
<arg>${nom_var}</arg>
<arg>${val_var}</arg>
<doc>Adds the given ``key_value_pairs`` and ``items`` to the ``dictionary``.</doc>
<status status="PASS" starttime="20221107 23:46:41.652" endtime="20221107 23:46:41.652"/>
</kw>
<status status="PASS" starttime="20221107 23:46:41.652" endtime="20221107 23:46:41.652"/>
</iter>
<iter>
<var name="${cellule}">16</var>
<kw name="Evaluate" library="BuiltIn">
<var>${cellule}</var>
<arg>1 + ${cellule}</arg>
<doc>Evaluates the given expression in Python and returns the result.</doc>
<msg timestamp="20221107 23:46:41.652" level="INFO">${cellule} = 17</msg>
<status status="PASS" starttime="20221107 23:46:41.652" endtime="20221107 23:46:41.652"/>
</kw>
<kw name="Read Excel Cell" library="ExcelLibrary">
<var>${nom_var}</var>
<arg>row_num=${cellule}</arg>
<arg>col_num=1</arg>
<arg>sheet_name=${excel_feuille_liste}</arg>
<doc>Returns content of a cell.</doc>
<msg timestamp="20221107 23:46:41.652" level="INFO">${nom_var} = civilite</msg>
<status status="PASS" starttime="20221107 23:46:41.652" endtime="20221107 23:46:41.652"/>
</kw>
<kw name="Read Excel Cell" library="ExcelLibrary">
<var>${val_var}</var>
<arg>row_num=${cellule}</arg>
<arg>col_num=${numero_de_la_colonne}</arg>
<arg>sheet_name=${excel_feuille_liste}</arg>
<doc>Returns content of a cell.</doc>
<msg timestamp="20221107 23:46:41.652" level="INFO">${val_var} = M.</msg>
<status status="PASS" starttime="20221107 23:46:41.652" endtime="20221107 23:46:41.652"/>
</kw>
<kw name="Set To Dictionary" library="Collections">
<arg>${TEMP_DICT}</arg>
<arg>${nom_var}</arg>
<arg>${val_var}</arg>
<doc>Adds the given ``key_value_pairs`` and ``items`` to the ``dictionary``.</doc>
<status status="PASS" starttime="20221107 23:46:41.652" endtime="20221107 23:46:41.652"/>
</kw>
<status status="PASS" starttime="20221107 23:46:41.652" endtime="20221107 23:46:41.652"/>
</iter>
<iter>
<var name="${cellule}">17</var>
<kw name="Evaluate" library="BuiltIn">
<var>${cellule}</var>
<arg>1 + ${cellule}</arg>
<doc>Evaluates the given expression in Python and returns the result.</doc>
<msg timestamp="20221107 23:46:41.652" level="INFO">${cellule} = 18</msg>
<status status="PASS" starttime="20221107 23:46:41.652" endtime="20221107 23:46:41.652"/>
</kw>
<kw name="Read Excel Cell" library="ExcelLibrary">
<var>${nom_var}</var>
<arg>row_num=${cellule}</arg>
<arg>col_num=1</arg>
<arg>sheet_name=${excel_feuille_liste}</arg>
<doc>Returns content of a cell.</doc>
<msg timestamp="20221107 23:46:41.652" level="INFO">${nom_var} = prenom</msg>
<status status="PASS" starttime="20221107 23:46:41.652" endtime="20221107 23:46:41.652"/>
</kw>
<kw name="Read Excel Cell" library="ExcelLibrary">
<var>${val_var}</var>
<arg>row_num=${cellule}</arg>
<arg>col_num=${numero_de_la_colonne}</arg>
<arg>sheet_name=${excel_feuille_liste}</arg>
<doc>Returns content of a cell.</doc>
<msg timestamp="20221107 23:46:41.652" level="INFO">${val_var} = nini</msg>
<status status="PASS" starttime="20221107 23:46:41.652" endtime="20221107 23:46:41.652"/>
</kw>
<kw name="Set To Dictionary" library="Collections">
<arg>${TEMP_DICT}</arg>
<arg>${nom_var}</arg>
<arg>${val_var}</arg>
<doc>Adds the given ``key_value_pairs`` and ``items`` to the ``dictionary``.</doc>
<status status="PASS" starttime="20221107 23:46:41.652" endtime="20221107 23:46:41.652"/>
</kw>
<status status="PASS" starttime="20221107 23:46:41.652" endtime="20221107 23:46:41.652"/>
</iter>
<iter>
<var name="${cellule}">18</var>
<kw name="Evaluate" library="BuiltIn">
<var>${cellule}</var>
<arg>1 + ${cellule}</arg>
<doc>Evaluates the given expression in Python and returns the result.</doc>
<msg timestamp="20221107 23:46:41.652" level="INFO">${cellule} = 19</msg>
<status status="PASS" starttime="20221107 23:46:41.652" endtime="20221107 23:46:41.652"/>
</kw>
<kw name="Read Excel Cell" library="ExcelLibrary">
<var>${nom_var}</var>
<arg>row_num=${cellule}</arg>
<arg>col_num=1</arg>
<arg>sheet_name=${excel_feuille_liste}</arg>
<doc>Returns content of a cell.</doc>
<msg timestamp="20221107 23:46:41.652" level="INFO">${nom_var} = nom</msg>
<status status="PASS" starttime="20221107 23:46:41.652" endtime="20221107 23:46:41.652"/>
</kw>
<kw name="Read Excel Cell" library="ExcelLibrary">
<var>${val_var}</var>
<arg>row_num=${cellule}</arg>
<arg>col_num=${numero_de_la_colonne}</arg>
<arg>sheet_name=${excel_feuille_liste}</arg>
<doc>Returns content of a cell.</doc>
<msg timestamp="20221107 23:46:41.652" level="INFO">${val_var} = nono</msg>
<status status="PASS" starttime="20221107 23:46:41.652" endtime="20221107 23:46:41.652"/>
</kw>
<kw name="Set To Dictionary" library="Collections">
<arg>${TEMP_DICT}</arg>
<arg>${nom_var}</arg>
<arg>${val_var}</arg>
<doc>Adds the given ``key_value_pairs`` and ``items`` to the ``dictionary``.</doc>
<status status="PASS" starttime="20221107 23:46:41.652" endtime="20221107 23:46:41.652"/>
</kw>
<status status="PASS" starttime="20221107 23:46:41.652" endtime="20221107 23:46:41.652"/>
</iter>
<iter>
<var name="${cellule}">19</var>
<kw name="Evaluate" library="BuiltIn">
<var>${cellule}</var>
<arg>1 + ${cellule}</arg>
<doc>Evaluates the given expression in Python and returns the result.</doc>
<msg timestamp="20221107 23:46:41.652" level="INFO">${cellule} = 20</msg>
<status status="PASS" starttime="20221107 23:46:41.652" endtime="20221107 23:46:41.652"/>
</kw>
<kw name="Read Excel Cell" library="ExcelLibrary">
<var>${nom_var}</var>
<arg>row_num=${cellule}</arg>
<arg>col_num=1</arg>
<arg>sheet_name=${excel_feuille_liste}</arg>
<doc>Returns content of a cell.</doc>
<msg timestamp="20221107 23:46:41.652" level="INFO">${nom_var} = mail</msg>
<status status="PASS" starttime="20221107 23:46:41.652" endtime="20221107 23:46:41.652"/>
</kw>
<kw name="Read Excel Cell" library="ExcelLibrary">
<var>${val_var}</var>
<arg>row_num=${cellule}</arg>
<arg>col_num=${numero_de_la_colonne}</arg>
<arg>sheet_name=${excel_feuille_liste}</arg>
<doc>Returns content of a cell.</doc>
<msg timestamp="20221107 23:46:41.652" level="INFO">${val_var} = nono@nini.fr</msg>
<status status="PASS" starttime="20221107 23:46:41.652" endtime="20221107 23:46:41.652"/>
</kw>
<kw name="Set To Dictionary" library="Collections">
<arg>${TEMP_DICT}</arg>
<arg>${nom_var}</arg>
<arg>${val_var}</arg>
<doc>Adds the given ``key_value_pairs`` and ``items`` to the ``dictionary``.</doc>
<status status="PASS" starttime="20221107 23:46:41.652" endtime="20221107 23:46:41.652"/>
</kw>
<status status="PASS" starttime="20221107 23:46:41.652" endtime="20221107 23:46:41.652"/>
</iter>
<iter>
<var name="${cellule}">20</var>
<kw name="Evaluate" library="BuiltIn">
<var>${cellule}</var>
<arg>1 + ${cellule}</arg>
<doc>Evaluates the given expression in Python and returns the result.</doc>
<msg timestamp="20221107 23:46:41.652" level="INFO">${cellule} = 21</msg>
<status status="PASS" starttime="20221107 23:46:41.652" endtime="20221107 23:46:41.652"/>
</kw>
<kw name="Read Excel Cell" library="ExcelLibrary">
<var>${nom_var}</var>
<arg>row_num=${cellule}</arg>
<arg>col_num=1</arg>
<arg>sheet_name=${excel_feuille_liste}</arg>
<doc>Returns content of a cell.</doc>
<msg timestamp="20221107 23:46:41.652" level="INFO">${nom_var} = numero_de_telephone</msg>
<status status="PASS" starttime="20221107 23:46:41.652" endtime="20221107 23:46:41.652"/>
</kw>
<kw name="Read Excel Cell" library="ExcelLibrary">
<var>${val_var}</var>
<arg>row_num=${cellule}</arg>
<arg>col_num=${numero_de_la_colonne}</arg>
<arg>sheet_name=${excel_feuille_liste}</arg>
<doc>Returns content of a cell.</doc>
<msg timestamp="20221107 23:46:41.652" level="INFO">${val_var} = 0611111111</msg>
<status status="PASS" starttime="20221107 23:46:41.652" endtime="20221107 23:46:41.652"/>
</kw>
<kw name="Set To Dictionary" library="Collections">
<arg>${TEMP_DICT}</arg>
<arg>${nom_var}</arg>
<arg>${val_var}</arg>
<doc>Adds the given ``key_value_pairs`` and ``items`` to the ``dictionary``.</doc>
<status status="PASS" starttime="20221107 23:46:41.652" endtime="20221107 23:46:41.652"/>
</kw>
<status status="PASS" starttime="20221107 23:46:41.652" endtime="20221107 23:46:41.652"/>
</iter>
<iter>
<var name="${cellule}">21</var>
<kw name="Evaluate" library="BuiltIn">
[...]
</kw>
<kw name="Scroller vers element" library="commun">
<arg>locator=${locator}</arg>
<kw name="Scroll Element Into View" library="SeleniumLibrary">
<arg>locator=${locator}</arg>
<doc>Scrolls the element identified by ``locator`` into view.</doc>
<status status="PASS" starttime="20221107 23:46:54.758" endtime="20221107 23:46:55.047"/>
</kw>
<status status="PASS" starttime="20221107 23:46:54.757" endtime="20221107 23:46:55.047"/>
</kw>
<kw name="Wait Until Element Is Visible" library="SeleniumLibrary">
<arg>locator=${locator}</arg>
<arg>error=Element non visible sur la page</arg>
<doc>Waits until the element ``locator`` is visible.</doc>
<status status="PASS" starttime="20221107 23:46:55.047" endtime="20221107 23:46:55.062"/>
</kw>
<kw name="Wait Until Element Is Enabled" library="SeleniumLibrary">
<arg>locator=${locator}</arg>
<arg>error=Element non chargé completement</arg>
<doc>Waits until the element ``locator`` is enabled.</doc>
<status status="PASS" starttime="20221107 23:46:55.062" endtime="20221107 23:46:55.094"/>
</kw>
<kw name="Input Text" library="SeleniumLibrary">
<arg>locator=${locator}</arg>
<arg>text=${text}</arg>
<doc>Types the given ``text`` into the text field identified by ``locator``.</doc>
<msg timestamp="20221107 23:46:55.094" level="INFO">Typing text '15' into text field '//input[@name="streetnumber"]'.</msg>
<status status="PASS" starttime="20221107 23:46:55.094" endtime="20221107 23:46:55.191"/>
</kw>
<status status="PASS" starttime="20221107 23:46:54.744" endtime="20221107 23:46:55.191"/>
</kw>
<status status="PASS" starttime="20221107 23:46:54.743" endtime="20221107 23:46:55.191"/>
</kw>
<kw name="Saisir nom de rue" library="pageConfiguration_produit">
<kw name="Saisir sur element" library="commun">
<arg>locator=//input[@name="street"]</arg>
<arg>text=${nom_rue}</arg>
<kw name="Wait Until Page Contains Element" library="SeleniumLibrary">
<arg>locator=${locator}</arg>
<arg>error=Element non present sur la page</arg>
<doc>Waits until the element ``locator`` appears on the current page.</doc>
<status status="PASS" starttime="20221107 23:46:55.193" endtime="20221107 23:46:55.207"/>
</kw>
<kw name="Scroller vers element" library="commun">
<arg>locator=${locator}</arg>
<kw name="Scroll Element Into View" library="SeleniumLibrary">
<arg>locator=${locator}</arg>
<doc>Scrolls the element identified by ``locator`` into view.</doc>
<status status="PASS" starttime="20221107 23:46:55.208" endtime="20221107 23:46:55.492"/>
</kw>
<status status="PASS" starttime="20221107 23:46:55.207" endtime="20221107 23:46:55.492"/>
</kw>
<kw name="Wait Until Element Is Visible" library="SeleniumLibrary">
<arg>locator=${locator}</arg>
<arg>error=Element non visible sur la page</arg>
<doc>Waits until the element ``locator`` is visible.</doc>
<status status="PASS" starttime="20221107 23:46:55.492" endtime="20221107 23:46:55.512"/>
</kw>
<kw name="Wait Until Element Is Enabled" library="SeleniumLibrary">
<arg>locator=${locator}</arg>
<arg>error=Element non chargé completement</arg>
<doc>Waits until the element ``locator`` is enabled.</doc>
<status status="PASS" starttime="20221107 23:46:55.512" endtime="20221107 23:46:55.532"/>
</kw>
<kw name="Input Text" library="SeleniumLibrary">
<arg>locator=${locator}</arg>
<arg>text=${text}</arg>
<doc>Types the given ``text`` into the text field identified by ``locator``.</doc>
<msg timestamp="20221107 23:46:55.532" level="INFO">Typing text 'rue de la paix' into text field '//input[@name="street"]'.</msg>
<status status="PASS" starttime="20221107 23:46:55.532" endtime="20221107 23:46:55.689"/>
</kw>
<status status="PASS" starttime="20221107 23:46:55.192" endtime="20221107 23:46:55.689"/>
</kw>
<status status="PASS" starttime="20221107 23:46:55.191" endtime="20221107 23:46:55.689"/>
</kw>
<kw name="Saisir code postal" library="pageConfiguration_produit">
<kw name="Saisir sur element" library="commun">
<arg>locator=//input[@name="postalcode"]</arg>
<arg>text=${code_postal}</arg>
<kw name="Wait Until Page Contains Element" library="SeleniumLibrary">
<arg>locator=${locator}</arg>
<arg>error=Element non present sur la page</arg>
<doc>Waits until the element ``locator`` appears on the current page.</doc>
<status status="PASS" starttime="20221107 23:46:55.691" endtime="20221107 23:46:55.704"/>
</kw>
<kw name="Scroller vers element" library="commun">
<arg>locator=${locator}</arg>
<kw name="Scroll Element Into View" library="SeleniumLibrary">
<arg>locator=${locator}</arg>
<doc>Scrolls the element identified by ``locator`` into view.</doc>
<status status="PASS" starttime="20221107 23:46:55.706" endtime="20221107 23:46:55.997"/>
</kw>
<status status="PASS" starttime="20221107 23:46:55.705" endtime="20221107 23:46:55.997"/>
</kw>
<kw name="Wait Until Element Is Visible" library="SeleniumLibrary">
<arg>locator=${locator}</arg>
<arg>error=Element non visible sur la page</arg>
<doc>Waits until the element ``locator`` is visible.</doc>
<status status="PASS" starttime="20221107 23:46:55.997" endtime="20221107 23:46:56.013"/>
</kw>
<kw name="Wait Until Element Is Enabled" library="SeleniumLibrary">
<arg>locator=${locator}</arg>
<arg>error=Element non chargé completement</arg>
<doc>Waits until the element ``locator`` is enabled.</doc>
<status status="PASS" starttime="20221107 23:46:56.013" endtime="20221107 23:46:56.029"/>
</kw>
<kw name="Input Text" library="SeleniumLibrary">
<arg>locator=${locator}</arg>
<arg>text=${text}</arg>
<doc>Types the given ``text`` into the text field identified by ``locator``.</doc>
<msg timestamp="20221107 23:46:56.029" level="INFO">Typing text '49100' into text field '//input[@name="postalcode"]'.</msg>
<status status="PASS" starttime="20221107 23:46:56.029" endtime="20221107 23:46:56.141"/>
</kw>
<status status="PASS" starttime="20221107 23:46:55.690" endtime="20221107 23:46:56.141"/>
</kw>
<status status="PASS" starttime="20221107 23:46:55.689" endtime="20221107 23:46:56.141"/>
</kw>
<kw name="Saisir ville" library="pageConfiguration_produit">
<kw name="Saisir sur element" library="commun">
<arg>locator=//input[@name="city"]</arg>
<arg>text=${ville}</arg>
<kw name="Wait Until Page Contains Element" library="SeleniumLibrary">
<arg>locator=${locator}</arg>
<arg>error=Element non present sur la page</arg>
<doc>Waits until the element ``locator`` appears on the current page.</doc>
<status status="PASS" starttime="20221107 23:46:56.143" endtime="20221107 23:46:56.155"/>
</kw>
<kw name="Scroller vers element" library="commun">
<arg>locator=${locator}</arg>
<kw name="Scroll Element Into View" library="SeleniumLibrary">
<arg>locator=${locator}</arg>
<doc>Scrolls the element identified by ``locator`` into view.</doc>
<status status="PASS" starttime="20221107 23:46:56.156" endtime="20221107 23:46:56.443"/>
</kw>
<status status="PASS" starttime="20221107 23:46:56.155" endtime="20221107 23:46:56.443"/>
</kw>
<kw name="Wait Until Element Is Visible" library="SeleniumLibrary">
<arg>locator=${locator}</arg>
<arg>error=Element non visible sur la page</arg>
<doc>Waits until the element ``locator`` is visible.</doc>
<status status="PASS" starttime="20221107 23:46:56.443" endtime="20221107 23:46:56.462"/>
</kw>
<kw name="Wait Until Element Is Enabled" library="SeleniumLibrary">
<arg>locator=${locator}</arg>
<arg>error=Element non chargé completement</arg>
<doc>Waits until the element ``locator`` is enabled.</doc>
<status status="PASS" starttime="20221107 23:46:56.462" endtime="20221107 23:46:56.480"/>
</kw>
<kw name="Input Text" library="SeleniumLibrary">
<arg>locator=${locator}</arg>
<arg>text=${text}</arg>
<doc>Types the given ``text`` into the text field identified by ``locator``.</doc>
<msg timestamp="20221107 23:46:56.480" level="INFO">Typing text 'Nantes' into text field '//input[@name="city"]'.</msg>
<status status="PASS" starttime="20221107 23:46:56.480" endtime="20221107 23:46:56.603"/>
</kw>
<status status="PASS" starttime="20221107 23:46:56.142" endtime="20221107 23:46:56.603"/>
</kw>
<status status="PASS" starttime="20221107 23:46:56.142" endtime="20221107 23:46:56.603"/>
</kw>
<kw name="Saisir date de rendez vous souhaite" library="pageConfiguration_produit">
<kw name="Saisir sur element" library="commun">
<arg>locator=//input[@name="date"]</arg>
<arg>text=${date_de_rendez_vous_souhaite}</arg>
<kw name="Wait Until Page Contains Element" library="SeleniumLibrary">
<arg>locator=${locator}</arg>
<arg>error=Element non present sur la page</arg>
<doc>Waits until the element ``locator`` appears on the current page.</doc>
<status status="PASS" starttime="20221107 23:46:56.605" endtime="20221107 23:46:56.618"/>
</kw>
<kw name="Scroller vers element" library="commun">
<arg>locator=${locator}</arg>
<kw name="Scroll Element Into View" library="SeleniumLibrary">
<arg>locator=${locator}</arg>
<doc>Scrolls the element identified by ``locator`` into view.</doc>
<status status="PASS" starttime="20221107 23:46:56.619" endtime="20221107 23:46:56.908"/>
</kw>
<status status="PASS" starttime="20221107 23:46:56.618" endtime="20221107 23:46:56.908"/>
</kw>
<kw name="Wait Until Element Is Visible" library="SeleniumLibrary">
<arg>locator=${locator}</arg>
<arg>error=Element non visible sur la page</arg>
<doc>Waits until the element ``locator`` is visible.</doc>
<status status="PASS" starttime="20221107 23:46:56.908" endtime="20221107 23:46:56.930"/>
</kw>
<kw name="Wait Until Element Is Enabled" library="SeleniumLibrary">
<arg>locator=${locator}</arg>
<arg>error=Element non chargé completement</arg>
<doc>Waits until the element ``locator`` is enabled.</doc>
<status status="PASS" starttime="20221107 23:46:56.930" endtime="20221107 23:46:56.961"/>
</kw>
<kw name="Input Text" library="SeleniumLibrary">
<arg>locator=${locator}</arg>
<arg>text=${text}</arg>
<doc>Types the given ``text`` into the text field identified by ``locator``.</doc>
<msg timestamp="20221107 23:46:56.961" level="INFO">Typing text '01/01/2024' into text field '//input[@name="date"]'.</msg>
<status status="PASS" starttime="20221107 23:46:56.961" endtime="20221107 23:46:57.058"/>
</kw>
<status status="PASS" starttime="20221107 23:46:56.604" endtime="20221107 23:46:57.059"/>
</kw>
<status status="PASS" starttime="20221107 23:46:56.603" endtime="20221107 23:46:57.059"/>
</kw>
<status status="PASS" starttime="20221107 23:46:52.413" endtime="20221107 23:46:57.059"/>
</kw>
<kw name="Cocher checkbox obligatoire" library="pageConfiguration_produit">
<kw name="Cocher checkbox Politique de Confidentialite" library="pageConfiguration_produit">
<kw name="Cliquer sur element" library="commun">
<arg>locator=//input[@name="transactionalOptIn"]/..//div[@class="sui-checkbox-container"]</arg>
<kw name="Wait Until Page Contains Element" library="SeleniumLibrary">
<arg>locator=${locator}</arg>
<arg>error=Element non present sur la page</arg>
<doc>Waits until the element ``locator`` appears on the current page.</doc>
<status status="PASS" starttime="20221107 23:46:57.061" endtime="20221107 23:46:57.073"/>
</kw>
<kw name="Scroller vers element" library="commun">
<arg>locator=${locator}</arg>
<kw name="Scroll Element Into View" library="SeleniumLibrary">
<arg>locator=${locator}</arg>
<doc>Scrolls the element identified by ``locator`` into view.</doc>
<status status="PASS" starttime="20221107 23:46:57.075" endtime="20221107 23:46:57.351"/>
</kw>
<status status="PASS" starttime="20221107 23:46:57.074" endtime="20221107 23:46:57.351"/>
</kw>
<kw name="Wait Until Element Is Visible" library="SeleniumLibrary">
<arg>locator=${locator}</arg>
<arg>error=Element non visible sur la page</arg>
<doc>Waits until the element ``locator`` is visible.</doc>
<status status="PASS" starttime="20221107 23:46:57.351" endtime="20221107 23:46:57.382"/>
</kw>
<kw name="Wait Until Element Is Enabled" library="SeleniumLibrary">
<arg>locator=${locator}</arg>
<arg>error=Element non chargé completement</arg>
<doc>Waits until the element ``locator`` is enabled.</doc>
<status status="PASS" starttime="20221107 23:46:57.382" endtime="20221107 23:46:57.398"/>
</kw>
<kw name="Wait Until Keyword Succeeds" library="BuiltIn">
<arg>3x</arg>
<arg>1 sec</arg>
<arg>SeleniumLibrary.Click Element</arg>
<arg>locator=${locator}</arg>
<doc>Runs the specified keyword and retries if it fails.</doc>
<kw name="Click Element" library="SeleniumLibrary">
<arg>locator=${locator}</arg>
<doc>Click the element identified by ``locator``.</doc>
<msg timestamp="20221107 23:46:57.398" level="INFO">Clicking element '//input[@name="transactionalOptIn"]/..//div[@class="sui-checkbox-container"]'.</msg>
<status status="PASS" starttime="20221107 23:46:57.398" endtime="20221107 23:46:57.457"/>
</kw>
<status status="PASS" starttime="20221107 23:46:57.398" endtime="20221107 23:46:57.457"/>
</kw>
<status status="PASS" starttime="20221107 23:46:57.060" endtime="20221107 23:46:57.457"/>
</kw>
<status status="PASS" starttime="20221107 23:46:57.060" endtime="20221107 23:46:57.457"/>
</kw>
<kw name="Cocher checkbox Condition general" library="pageConfiguration_produit">
<kw name="Cliquer sur element" library="commun">
<arg>locator=//input[@name="termsOfServiceOptIn"]/..//div[@class="sui-checkbox-container"]</arg>
<kw name="Wait Until Page Contains Element" library="SeleniumLibrary">
<arg>locator=${locator}</arg>
<arg>error=Element non present sur la page</arg>
<doc>Waits until the element ``locator`` appears on the current page.</doc>
<status status="PASS" starttime="20221107 23:46:57.460" endtime="20221107 23:46:57.472"/>
</kw>
<kw name="Scroller vers element" library="commun">
<arg>locator=${locator}</arg>
<kw name="Scroll Element Into View" library="SeleniumLibrary">
<arg>locator=${locator}</arg>
<doc>Scrolls the element identified by ``locator`` into view.</doc>
<status status="PASS" starttime="20221107 23:46:57.473" endtime="20221107 23:46:57.764"/>
</kw>
<status status="PASS" starttime="20221107 23:46:57.473" endtime="20221107 23:46:57.764"/>
</kw>
<kw name="Wait Until Element Is Visible" library="SeleniumLibrary">
<arg>locator=${locator}</arg>
<arg>error=Element non visible sur la page</arg>
<doc>Waits until the element ``locator`` is visible.</doc>
<status status="PASS" starttime="20221107 23:46:57.765" endtime="20221107 23:46:57.799"/>
</kw>
<kw name="Wait Until Element Is Enabled" library="SeleniumLibrary">
<arg>locator=${locator}</arg>
<arg>error=Element non chargé completement</arg>
<doc>Waits until the element ``locator`` is enabled.</doc>
<status status="PASS" starttime="20221107 23:46:57.800" endtime="20221107 23:46:57.842"/>
</kw>
<kw name="Wait Until Keyword Succeeds" library="BuiltIn">
<arg>3x</arg>
<arg>1 sec</arg>
<arg>SeleniumLibrary.Click Element</arg>
<arg>locator=${locator}</arg>
<doc>Runs the specified keyword and retries if it fails.</doc>
<kw name="Click Element" library="SeleniumLibrary">
<arg>locator=${locator}</arg>
<doc>Click the element identified by ``locator``.</doc>
<msg timestamp="20221107 23:46:57.843" level="INFO">Clicking element '//input[@name="termsOfServiceOptIn"]/..//div[@class="sui-checkbox-container"]'.</msg>
<status status="PASS" starttime="20221107 23:46:57.843" endtime="20221107 23:46:57.892"/>
</kw>
<status status="PASS" starttime="20221107 23:46:57.842" endtime="20221107 23:46:57.892"/>
</kw>
<status status="PASS" starttime="20221107 23:46:57.458" endtime="20221107 23:46:57.892"/>
</kw>
<status status="PASS" starttime="20221107 23:46:57.457" endtime="20221107 23:46:57.892"/>
</kw>
<status status="PASS" starttime="20221107 23:46:57.059" endtime="20221107 23:46:57.892"/>
</kw>
<kw name="Cliquer sur element" library="commun">
<arg>locator=//span[contains(text(), "Valider")]/..</arg>
<kw name="Wait Until Page Contains Element" library="SeleniumLibrary">
<arg>locator=${locator}</arg>
<arg>error=Element non present sur la page</arg>
<doc>Waits until the element ``locator`` appears on the current page.</doc>
<status status="PASS" starttime="20221107 23:46:57.893" endtime="20221107 23:46:57.906"/>
</kw>
<kw name="Scroller vers element" library="commun">
<arg>locator=${locator}</arg>
<kw name="Scroll Element Into View" library="SeleniumLibrary">
<arg>locator=${locator}</arg>
<doc>Scrolls the element identified by ``locator`` into view.</doc>
<status status="PASS" starttime="20221107 23:46:57.907" endtime="20221107 23:46:58.199"/>
</kw>
<status status="PASS" starttime="20221107 23:46:57.906" endtime="20221107 23:46:58.199"/>
</kw>
<kw name="Wait Until Element Is Visible" library="SeleniumLibrary">
<arg>locator=${locator}</arg>
<arg>error=Element non visible sur la page</arg>
<doc>Waits until the element ``locator`` is visible.</doc>
<status status="PASS" starttime="20221107 23:46:58.200" endtime="20221107 23:46:58.231"/>
</kw>
<kw name="Wait Until Element Is Enabled" library="SeleniumLibrary">
<arg>locator=${locator}</arg>
<arg>error=Element non chargé completement</arg>
<doc>Waits until the element ``locator`` is enabled.</doc>
<status status="PASS" starttime="20221107 23:46:58.231" endtime="20221107 23:46:58.261"/>
</kw>
<kw name="Wait Until Keyword Succeeds" library="BuiltIn">
<arg>3x</arg>
<arg>1 sec</arg>
<arg>SeleniumLibrary.Click Element</arg>
<arg>locator=${locator}</arg>
<doc>Runs the specified keyword and retries if it fails.</doc>
<kw name="Click Element" library="SeleniumLibrary">
<arg>locator=${locator}</arg>
<doc>Click the element identified by ``locator``.</doc>
<msg timestamp="20221107 23:46:58.262" level="INFO">Clicking element '//span[contains(text(), "Valider")]/..'.</msg>
<status status="PASS" starttime="20221107 23:46:58.262" endtime="20221107 23:46:58.307"/>
</kw>
<status status="PASS" starttime="20221107 23:46:58.261" endtime="20221107 23:46:58.307"/>
</kw>
<status status="PASS" starttime="20221107 23:46:57.893" endtime="20221107 23:46:58.307"/>
</kw>
<status status="PASS" starttime="20221107 23:46:48.328" endtime="20221107 23:46:58.307"/>
</kw>
<kw name="Verifier validation produit" library="pageValidation">
<kw name="Wait Until Page Contains Element" library="SeleniumLibrary">
<arg>locator=//h3[contains(text(), "Votre demande est enregistrée")]</arg>
<arg>error=La page ne s'affiche pas correctement</arg>
<doc>Waits until the element ``locator`` appears on the current page.</doc>
<status status="PASS" starttime="20221107 23:46:58.308" endtime="20221107 23:47:01.410"/>
</kw>
<status status="PASS" starttime="20221107 23:46:58.307" endtime="20221107 23:47:01.411"/>
</kw>
<status status="PASS" starttime="20221107 23:46:41.752" endtime="20221107 23:47:01.411"/>
</kw>
<status status="PASS" starttime="20221107 23:46:41.668" endtime="20221107 23:47:01.411"/>
</kw>
<kw name="Fermeture Navigateur" type="TEARDOWN">
<kw name="Run Keyword If Test Passed" library="BuiltIn">
<arg>SeleniumLibrary.Close All Browsers</arg>
<doc>Runs the given keyword with the given arguments, if the test passed.</doc>
<kw name="Close All Browsers" library="SeleniumLibrary">
<doc>Closes all open browsers and resets the browser cache.</doc>
<status status="PASS" starttime="20221107 23:47:01.417" endtime="20221107 23:47:03.740"/>
</kw>
<status status="PASS" starttime="20221107 23:47:01.416" endtime="20221107 23:47:03.740"/>
</kw>
<kw name="Run Keyword If Test Failed" library="BuiltIn">
<arg>SeleniumLibrary.Close All Browsers</arg>
<doc>Runs the given keyword with the given arguments, if the test failed.</doc>
<status status="PASS" starttime="20221107 23:47:03.740" endtime="20221107 23:47:03.740"/>
</kw>
<status status="PASS" starttime="20221107 23:47:01.412" endtime="20221107 23:47:03.740"/>
</kw>
<status status="PASS" starttime="20221107 23:46:41.668" endtime="20221107 23:47:03.740"/>
</test>
<status status="PASS" starttime="20221107 23:46:40.655" endtime="20221107 23:47:03.747"/>
</suite>
<statistics>
<total>
<stat pass="1" fail="0" skip="0">All Tests</stat>
</total>
<tag>
</tag>
<suite>
<stat pass="1" fail="0" skip="0" id="s1" name="testSuiteGenerated">testSuiteGenerated</stat>
</suite>
</statistics>
<errors>
</errors>
</robot>
